#
# A fatal error has been detected by the Java Runtime Environment:
#
#  EXCEPTION_ACCESS_VIOLATION (0xc0000005) at pc=0x000002f3f9fc0fa4, pid=3932, tid=43160
#
# JRE version: OpenJDK Runtime Environment Temurin-21.0.8+9 (21.0.8+9) (build 21.0.8+9-LTS)
# Java VM: OpenJDK 64-Bit Server VM Temurin-21.0.8+9 (21.0.8+9-LTS, mixed mode, emulated-client, sharing, tiered, compressed oops, compressed class ptrs, g1 gc, windows-amd64)
# Problematic frame:
# v  ~BufferBlob::MethodHandles adapters 0x000002f3f9fc0fa4
#
# No core dump will be written. Minidumps are not enabled by default on client versions of Windows
#
# If you would like to submit a bug report, please visit:
#   https://github.com/adoptium/adoptium-support/issues
#

---------------  S U M M A R Y ------------

Command Line: -XX:+ShowCodeDetailsInExceptionMessages -agentlib:jdwp=transport=dt_socket,suspend=y,address=localhost:56138 -Dcom.sun.management.jmxremote -Dcom.sun.management.jmxremote.port=56137 -Dcom.sun.management.jmxremote.authenticate=false -Dcom.sun.management.jmxremote.ssl=false -Djava.rmi.server.hostname=localhost -Dspring.jmx.enabled=true -Dmanagement.endpoints.jmx.exposure.include=* -Dspring.application.admin.enabled=true -Dspring.output.ansi.enabled=always -XX:TieredStopAtLevel=1 -Dspring.boot.project.name=bhu-backend -javaagent:E:\sts-4.32.0.RELEASE\configuration\org.eclipse.osgi\272\0\.cp\lib\javaagent-shaded.jar -Dfile.encoding=UTF-8 -Dstdout.encoding=UTF-8 -Dstderr.encoding=UTF-8 com.prafful.springjwt.SpringBootSecurityJwtApplication

Host: 12th Gen Intel(R) Core(TM) i7-1255U, 12 cores, 15G,  Windows 11 , 64 bit Build 26100 (10.0.26100.6725)
Time: Wed Nov  5 13:14:38 2025 India Standard Time elapsed time: 509.096457 seconds (0d 0h 8m 29s)

---------------  T H R E A D  ---------------

Current thread (0x000002f3cecafa70):  JavaThread "http-nio-8080-exec-10" daemon [_thread_in_Java, id=43160, stack(0x000000fdf6000000,0x000000fdf6100000) (1024K)]

Stack: [0x000000fdf6000000,0x000000fdf6100000],  sp=0x000000fdf60fa558,  free space=1001k
Native frames: (J=compiled Java code, j=interpreted, Vv=VM code, C=native code)
C  0x000002f3f9fc0fa4

The last pc belongs to _linkToVirtual (printed below).

siginfo: EXCEPTION_ACCESS_VIOLATION (0xc0000005), reading address 0xffffffffffffffff


Registers:
RAX=0x000002f3f9f9958b, RBX=0x00000007092c01c8, RCX=0x000000fdf60fa560, RDX=0x0000000000000002
RSP=0x000000fdf60fa558, RBP=0x000000fdf60fa5a8, RSI=0x000002f3cf130038, RDI=0x000002f3ceef8b00
R8 =0x0000000000000004, R9 =0x0000000000000004, R10=0x000002f40c728bd2, R11=0xe0d54d8fe0d748f5
R12=0x0000000000000000, R13=0x000000fdf60fa558, R14=0x000000fdf60fa5c8, R15=0x000002f3cecafa70
RIP=0x000002f3f9fc0fa4, EFLAGS=0x0000000000010206

XMM[0]=0x0000000000000000 0x0000000000000000
XMM[1]=0x0000000000000000 0x0000000000000000
XMM[2]=0x0000000000000000 0x0000000000000000
XMM[3]=0x0000000000000000 0x0000000000000000
XMM[4]=0x0000000000000000 0x0000000000000000
XMM[5]=0x0000000000000000 0x0000000000000000
XMM[6]=0x0000000000000000 0x0000000000000000
XMM[7]=0x0000000000000000 0x0000000000000000
XMM[8]=0x0000000000000000 0x0000000000000000
XMM[9]=0x0000000000000000 0x0000000000000000
XMM[10]=0x0000000000000000 0x0000000000000000
XMM[11]=0x0000000000000000 0x0000000000000000
XMM[12]=0x0000000000000000 0x0000000000000000
XMM[13]=0x0000000000000000 0x0000000000000000
XMM[14]=0x0000000000000000 0x0000000000000000
XMM[15]=0x0000000000000000 0x0000000000000000
  MXCSR=0x00001fa0


Register to memory mapping:

RAX=0x000002f3f9f9958b is at code_begin+4363 in an Interpreter codelet
return entry points  [0x000002f3f9f98480, 0x000002f3f9f9a298]  7704 bytes
RBX=0x00000007092c01c8 is an oop: com.prafful.springjwt.service.Servicess 
{0x00000007092c01c8} - klass: 'com/prafful/springjwt/service/Servicess'
 - ---- fields (total size 7 words):
 - 'billinfoRepository' 'Lcom/prafful/springjwt/repository/BillinfoRepository;' @12  a 'jdk/proxy2/$Proxy139'{0x0000000706b80ca8} (0xe0d70195)
 - 'bankDetailsRepository' 'Lcom/prafful/springjwt/repository/BankDetailsRepository;' @16  a 'jdk/proxy2/$Proxy140'{0x0000000706ba47a8} (0xe0d748f5)
 - 'userRepository' 'Lcom/prafful/springjwt/repository/UserRepository;' @20  a 'jdk/proxy2/$Proxy128'{0x0000000706aa6c78} (0xe0d54d8f)
 - 'aadharDetailsRepository' 'Lcom/prafful/springjwt/repository/AadharDetailsRepository;' @24  a 'jdk/proxy2/$Proxy141'{0x0000000706acd7b0} (0xe0d59af6)
 - 'documentDetailsRepository' 'Lcom/prafful/springjwt/repository/DocumentDetailsRepository;' @28  a 'jdk/proxy2/$Proxy142'{0x0000000706c335a0} (0xe0d866b4)
 - 'jwtUtils' 'Lcom/prafful/springjwt/security/jwt/JwtUtils;' @32  a 'com/prafful/springjwt/security/jwt/JwtUtils'{0x0000000706ab9368} (0xe0d5726d)
 - 'mapper' 'Lcom/fasterxml/jackson/databind/ObjectMapper;' @36  a 'com/fasterxml/jackson/databind/ObjectMapper'{0x0000000706a7f0e0} (0xe0d4fe1c)
 - 'userMultipleAdressRepository' 'Lcom/prafful/springjwt/repository/UserMultipleAdressRepository;' @40  a 'jdk/proxy2/$Proxy143'{0x00000007093e4290} (0xe127c852)
 - 'orderRepository' 'Lcom/prafful/springjwt/repository/OrderRepository;' @44  a 'jdk/proxy2/$Proxy144'{0x0000000709314998} (0xe1262933)
 - private 'objectMapper' 'Lcom/fasterxml/jackson/databind/ObjectMapper;' @48  a 'com/fasterxml/jackson/databind/ObjectMapper'{0x0000000706a7f0e0} (0xe0d4fe1c)
RCX=0x000000fdf60fa560 is pointing into the stack for thread: 0x000002f3cecafa70
RDX=0x0000000000000002 is an unknown value
RSP=0x000000fdf60fa558 is pointing into the stack for thread: 0x000002f3cecafa70
RBP=0x000000fdf60fa5a8 is pointing into the stack for thread: 0x000002f3cecafa70
RSI=0x000002f3cf130038 points into unknown readable memory: 0x80001602cb34f949 | 49 f9 34 cb 02 16 00 80
RDI=0x000002f3ceef8b00 points into unknown readable memory: 0x0000001800000060 | 60 00 00 00 18 00 00 00
R8 =0x0000000000000004 is an unknown value
R9 =0x0000000000000004 is an unknown value
R10=0x000002f40c728bd2 is an unknown value
R11=0xe0d54d8fe0d748f5 is an unknown value
R12=0x0 is null
R13=0x000000fdf60fa558 is pointing into the stack for thread: 0x000002f3cecafa70
R14=0x000000fdf60fa5c8 is pointing into the stack for thread: 0x000002f3cecafa70
R15=0x000002f3cecafa70 is a thread

Top of Stack: (sp=0x000000fdf60fa558)
0x000000fdf60fa558:   000002f3f9f9958b 000000fdf60fa560
0x000000fdf60fa568:   000002f386728bd2 0000000000000004
0x000000fdf60fa578:   000002f3860b1258 00000007149cf438
0x000000fdf60fa588:   00000007053fdac8 000002f3860b3da8
0x000000fdf60fa598:   000000fdf60fa558 000000fdf60fa5d0
0x000000fdf60fa5a8:   000000fdf60fa8e8 000002f3fa6ac1b0
0x000000fdf60fa5b8:   00000007149cf0b0 00000007092c01c8
0x000000fdf60fa5c8:   00000007149cf240 000000fdf60fa8e8
0x000000fdf60fa5d8:   000002f3fad98224 00000007fffee068
0x000000fdf60fa5e8:   00000007149cf410 00000007092c01c8
0x000000fdf60fa5f8:   00000007149cf3c0 00000007149cf240
0x000000fdf60fa608:   00000007092c01c8 000002f3fa6ac0ec
0x000000fdf60fa618:   000000fdf60f97d0 000000fdf60fa8e8
0x000000fdf60fa628:   000002f3faa0bf2a 000002f300000000
0x000000fdf60fa638:   0000000706c45cf0 00000007fffee068
0x000000fdf60fa648:   00000007149cf438 00000007149cf410
0x000000fdf60fa658:   000000fd00000001 00000007fffee068
0x000000fdf60fa668:   00000007059e81e0 00000007092c0a68
0x000000fdf60fa678:   000000fdf60f9270 000000fdf60fa8e8
0x000000fdf60fa688:   000002f3fa3eca5c 000000fdf60f95d8
0x000000fdf60fa698:   000002f3faa6c904 000000fdf60fa8e8
0x000000fdf60fa6a8:   000002f3fad9a6f4 0000000000000000
0x000000fdf60fa6b8:   0000000000000000 0000000000000000
0x000000fdf60fa6c8:   0000000000000000 0000000000000000
0x000000fdf60fa6d8:   0000000000000000 00000007149cf438
0x000000fdf60fa6e8:   00000007149ceff8 00000007092c01c8
0x000000fdf60fa6f8:   000000fdf60f9400 0000000706c45cf0
0x000000fdf60fa708:   00000007053fc968 0000000706c45cf0
0x000000fdf60fa718:   00000007092c0a68 0000000000000000
0x000000fdf60fa728:   00000007149cf438 000000fdf60fa8e8
0x000000fdf60fa738:   000002f3fad8eb99 0000000706c45cf0
0x000000fdf60fa748:   00000007149cf410 000000fdf60fa8e8 

Instructions: (pc=0x000002f3f9fc0fa4)
0x000002f3f9fc0ea4:   f3 02 00 00 00 0f fc f9 f3 02 00 00 80 1f fc f9
0x000002f3f9fc0eb4:   f3 02 00 00 f0 0e fc f9 f3 02 00 00 f0 0e fc f9
0x000002f3f9fc0ec4:   f3 02 00 00 00 00 00 00 00 00 00 00 48 ea f2 25
0x000002f3f9fc0ed4:   f9 7f 00 00 f0 10 00 00 60 00 00 00 ff ff ff ff
0x000002f3f9fc0ee4:   f0 10 00 00 00 00 00 00 00 00 00 00 00 00 00 00
0x000002f3f9fc0ef4:   00 00 00 00 00 00 00 00 00 00 00 00 f4 66 66 66
0x000002f3f9fc0f04:   0f 1f 84 00 00 00 00 00 66 66 66 90 66 66 66 0f
0x000002f3f9fc0f14:   1f 84 00 00 00 00 00 66 66 66 90 90 48 8b 53 08
0x000002f3f9fc0f24:   0f b7 52 2e 48 8b 0c d4 8b 59 14 48 c1 e3 03 8b
0x000002f3f9fc0f34:   5b 28 48 c1 e3 03 8b 5b 24 48 c1 e3 03 48 8b 5b
0x000002f3f9fc0f44:   10 48 85 db 0f 84 10 00 00 00 41 80 bf d8 05 00
0x000002f3f9fc0f54:   00 00 74 03 ff 63 38 ff 63 50 e9 9d 16 00 00 66
0x000002f3f9fc0f64:   66 66 0f 1f 84 00 00 00 00 00 66 66 66 90 66 66
0x000002f3f9fc0f74:   0f 1f 84 00 00 00 00 00 66 66 66 90 48 8b 53 08
0x000002f3f9fc0f84:   0f b7 52 2e 48 8b 0c d4 58 5b 50 44 8b 51 08 49
0x000002f3f9fc0f94:   bb 00 00 00 86 f3 02 00 00 4d 03 d3 4c 8b 5b 10
0x000002f3f9fc0fa4:   4b 8b 9c da d0 01 00 00 48 85 db 0f 84 10 00 00
0x000002f3f9fc0fb4:   00 41 80 bf d8 05 00 00 00 74 03 ff 63 38 ff 63
0x000002f3f9fc0fc4:   50 e9 36 16 00 00 66 66 66 0f 1f 84 00 00 00 00
0x000002f3f9fc0fd4:   00 66 66 66 90 0f 1f 80 00 00 00 00 58 5b 50 8b
0x000002f3f9fc0fe4:   5b 24 48 c1 e3 03 48 8b 5b 10 48 85 db 0f 84 10
0x000002f3f9fc0ff4:   00 00 00 41 80 bf d8 05 00 00 00 74 03 ff 63 38
0x000002f3f9fc1004:   ff 63 50 e9 f4 15 00 00 66 66 66 0f 1f 84 00 00
0x000002f3f9fc1014:   00 00 00 66 66 66 90 0f 1f 44 00 00 48 8b 53 08
0x000002f3f9fc1024:   0f b7 52 2e 48 8b 0c d4 58 5b 50 48 3b 01 8b 5b
0x000002f3f9fc1034:   24 48 c1 e3 03 48 8b 5b 10 48 85 db 0f 84 10 00
0x000002f3f9fc1044:   00 00 41 80 bf d8 05 00 00 00 74 03 ff 63 38 ff
0x000002f3f9fc1054:   63 50 e9 a5 15 00 00 0f 1f 44 00 00 48 8b 53 08
0x000002f3f9fc1064:   0f b7 52 2e 48 8b 0c d4 58 5b 50 44 8b 51 08 49
0x000002f3f9fc1074:   bb 00 00 00 86 f3 02 00 00 4d 03 d3 8b 43 18 48
0x000002f3f9fc1084:   c1 e0 03 48 8b 40 10 48 8b 5b 10 45 8b 9a ac 00
0x000002f3f9fc1094:   00 00 4f 8d 9c da d0 01 00 00 4d 8d 14 da 49 8b 


Stack slot to memory mapping:

stack at sp + 0 slots: 0x000002f3f9f9958b is at code_begin+4363 in an Interpreter codelet
return entry points  [0x000002f3f9f98480, 0x000002f3f9f9a298]  7704 bytes
stack at sp + 1 slots: 0x000000fdf60fa560 is pointing into the stack for thread: 0x000002f3cecafa70
stack at sp + 2 slots: 0x000002f386728bd2 is pointing into metadata
stack at sp + 3 slots: 0x0000000000000004 is an unknown value
stack at sp + 4 slots: 0x000002f3860b1258 is pointing into metadata
stack at sp + 5 slots: 0x00000007149cf438 is an oop: jdk.internal.reflect.DirectMethodHandleAccessor 
{0x00000007149cf438} - klass: 'jdk/internal/reflect/DirectMethodHandleAccessor'
 - ---- fields (total size 4 words):
 - private final 'paramCount' 'I' @12  0 (0x00000000)
 - private final 'flags' 'I' @16  0 (0x00000000)
 - private final 'declaringClass' 'Ljava/lang/Class;' @20  a 'java/lang/Class'{0x00000007fffee068} = 'com/prafful/springjwt/service/Servicess' (0xffffdc0d)
 - private final 'target' 'Ljava/lang/invoke/MethodHandle;' @24  a 'java/lang/invoke/BoundMethodHandle$Species_LL'{0x00000007149cf410} (0xe2939e82)
stack at sp + 6 slots: 0x00000007053fdac8 is an oop: java.lang.Class 
{0x00000007053fdac8} - klass: 'java/lang/Class'
 - ---- fields (total size 14 words):
 - private volatile transient 'classRedefinedCount' 'I' @12  0 (0x00000000)
 - injected 'klass' 'J' @16  3244949179936 (0x000002f3860b0e20)
 - injected 'array_klass' 'J' @24  0 (0x0000000000000000)
 - injected 'oop_size' 'I' @32  14 (0x0000000e)
 - injected 'static_oop_field_count' 'I' @36  0 (0x00000000)
 - private volatile transient 'cachedConstructor' 'Ljava/lang/reflect/Constructor;' @40  null (0x00000000)
 - private transient 'name' 'Ljava/lang/String;' @44  null (0x00000000)
 - private transient 'module' 'Ljava/lang/Module;' @48  a 'java/lang/Module'{0x00000007053b4a78} (0xe0a7694f)
 - private final 'classLoader' 'Ljava/lang/ClassLoader;' @52  null (0x00000000)
 - private transient 'classData' 'Ljava/lang/Object;' @56  null (0x00000000)
 - private transient 'packageName' 'Ljava/lang/String;' @60  null (0x00000000)
 - private final 'componentType' 'Ljava/lang/Class;' @64  null (0x00000000)
 - private volatile transient 'reflectionData' 'Ljava/lang/ref/SoftReference;' @68  null (0x00000000)
 - private volatile transient 'genericInfo' 'Lsun/reflect/generics/repository/ClassRepository;' @72  null (0x00000000)
 - private volatile transient 'enumConstants' '[Ljava/lang/Object;' @76  null (0x00000000)
 - private volatile transient 'enumConstantDirectory' 'Ljava/util/Map;' @80  null (0x00000000)
 - private volatile transient 'annotationData' 'Ljava/lang/Class$AnnotationData;' @84  null (0x00000000)
 - private volatile transient 'annotationType' 'Lsun/reflect/annotation/AnnotationType;' @88  null (0x00000000)
 - transient 'classValueMap' 'Ljava/lang/ClassValue$ClassValueMap;' @92  null (0x00000000)
 - injected 'protection_domain' 'Ljava/lang/Object;' @96  null (0x00000000)
 - injected 'signers_name' 'Ljava/lang/Object;' @100  null (0x00000000)
 - injected 'source_file' 'Ljava/lang/Object;' @104  null (0x00000000)
 - injected '<init_lock>' 'Ljava/lang/Object;' @108  null (0x00000000)
 - signature: Ljava/lang/invoke/DirectMethodHandle$Holder;
 - ---- static fields (0):
stack at sp + 7 slots: {method} {0x000002f3860b3db0} 'invokeVirtual' '(Ljava/lang/Object;Ljava/lang/Object;)Ljava/lang/Object;' in 'java/lang/invoke/DirectMethodHandle$Holder'

MethodHandle::interpreter_entry::_linkToVirtual [0x000002f3f9fc0f63, 0x000002f3f9fc0fca] (103 bytes)
[MachCode]
  0x000002f3f9fc0f63: 6666 660f | 1f84 0000 | 0000 0066 | 6666 9066 | 660f 1f84 | 0000 0000 | 0066 6666 | 9048 8b53 
  0x000002f3f9fc0f83: 080f b752 | 2e48 8b0c | d458 5b50 | 448b 5108 | 49bb 0000 | 0086 f302 | 0000 4d03 | d34c 8b5b 
  0x000002f3f9fc0fa3: 104b 8b9c | dad0 0100 | 0048 85db | 0f84 1000 | 0000 4180 | bfd8 0500 | 0000 7403 | ff63 38ff 
  0x000002f3f9fc0fc3: 6350 e936 | 
[/MachCode]

---------------  P R O C E S S  ---------------

Threads class SMR info:
_java_thread_list=0x000002f3cf0da8d0, length=37, elements={
0x000002f3fe69d340, 0x000002f3fe69dd90, 0x000002f3cb00c830, 0x000002f3cb00d280,
0x000002f3cb00dcd0, 0x000002f3cb00fb30, 0x000002f3cb0186c0, 0x000002f3cb19cf10,
0x000002f3cb213010, 0x000002f3cb2178c0, 0x000002f3cb219f50, 0x000002f3cbea27f0,
0x000002f3cc077f90, 0x000002f3cc084f40, 0x000002f3cc0f9210, 0x000002f3cc0af150,
0x000002f3cc0a0b20, 0x000002f3cc0a1990, 0x000002f3cc6c0e40, 0x000002f3cc6be6e0,
0x000002f3cc6be050, 0x000002f3cc6bed70, 0x000002f3cc6bfa90, 0x000002f3cc6bf400,
0x000002f3cc6c0120, 0x000002f3cecb1b40, 0x000002f3cecae6c0, 0x000002f3cecb0100,
0x000002f3cecb0e20, 0x000002f3cecaed50, 0x000002f3cecb0790, 0x000002f3cecaf3e0,
0x000002f3cecafa70, 0x000002f3cecb14b0, 0x000002f3ceccbaa0, 0x000002f3cecca6f0,
0x000002f3ceccc7c0
}

Java Threads: ( => current thread )
  0x000002f3fe69d340 JavaThread "Reference Handler"          daemon [_thread_blocked, id=40412, stack(0x000000fdf3000000,0x000000fdf3100000) (1024K)]
  0x000002f3fe69dd90 JavaThread "Finalizer"                  daemon [_thread_blocked, id=18228, stack(0x000000fdf3100000,0x000000fdf3200000) (1024K)]
  0x000002f3cb00c830 JavaThread "Signal Dispatcher"          daemon [_thread_blocked, id=47584, stack(0x000000fdf3200000,0x000000fdf3300000) (1024K)]
  0x000002f3cb00d280 JavaThread "Attach Listener"            daemon [_thread_blocked, id=47728, stack(0x000000fdf3300000,0x000000fdf3400000) (1024K)]
  0x000002f3cb00dcd0 JavaThread "Service Thread"             daemon [_thread_blocked, id=37260, stack(0x000000fdf3400000,0x000000fdf3500000) (1024K)]
  0x000002f3cb00fb30 JavaThread "Monitor Deflation Thread"   daemon [_thread_blocked, id=23364, stack(0x000000fdf3500000,0x000000fdf3600000) (1024K)]
  0x000002f3cb0186c0 JavaThread "C1 CompilerThread0"         daemon [_thread_blocked, id=49204, stack(0x000000fdf3600000,0x000000fdf3700000) (1024K)]
  0x000002f3cb19cf10 JavaThread "Common-Cleaner"             daemon [_thread_blocked, id=8776, stack(0x000000fdf3800000,0x000000fdf3900000) (1024K)]
  0x000002f3cb213010 JavaThread "JDWP Transport Listener: dt_socket" daemon [_thread_blocked, id=38376, stack(0x000000fdf3a00000,0x000000fdf3b00000) (1024K)]
  0x000002f3cb2178c0 JavaThread "JDWP Event Helper Thread"   daemon [_thread_blocked, id=28064, stack(0x000000fdf3b00000,0x000000fdf3c00000) (1024K)]
  0x000002f3cb219f50 JavaThread "JDWP Command Reader"        daemon [_thread_in_native, id=3796, stack(0x000000fdf3c00000,0x000000fdf3d00000) (1024K)]
  0x000002f3cbea27f0 JavaThread "Notification Thread"        daemon [_thread_blocked, id=2216, stack(0x000000fdf3e00000,0x000000fdf3f00000) (1024K)]
  0x000002f3cc077f90 JavaThread "RMI TCP Accept-0"           daemon [_thread_in_native, id=44444, stack(0x000000fdf4600000,0x000000fdf4700000) (1024K)]
  0x000002f3cc084f40 JavaThread "RMI TCP Accept-56137"       daemon [_thread_in_native, id=41784, stack(0x000000fdf4700000,0x000000fdf4800000) (1024K)]
  0x000002f3cc0f9210 JavaThread "RMI Scheduler(0)"           daemon [_thread_blocked, id=48268, stack(0x000000fdf4900000,0x000000fdf4a00000) (1024K)]
  0x000002f3cc0af150 JavaThread "RMI TCP Connection(16)-127.0.0.1" daemon [_thread_in_native, id=43836, stack(0x000000fdf4a00000,0x000000fdf4b00000) (1024K)]
  0x000002f3cc0a0b20 JavaThread "RMI TCP Accept-0"           daemon [_thread_in_native, id=50300, stack(0x000000fdf4b00000,0x000000fdf4c00000) (1024K)]
  0x000002f3cc0a1990 JavaThread "JMX server connection timeout 38" daemon [_thread_blocked, id=45880, stack(0x000000fdf4c00000,0x000000fdf4d00000) (1024K)]
  0x000002f3cc6c0e40 JavaThread "mysql-cj-abandoned-connection-cleanup" daemon [_thread_blocked, id=51860, stack(0x000000fdf4f00000,0x000000fdf5000000) (1024K)]
  0x000002f3cc6be6e0 JavaThread "HikariPool-1 housekeeper"   daemon [_thread_blocked, id=30664, stack(0x000000fdf5300000,0x000000fdf5400000) (1024K)]
  0x000002f3cc6be050 JavaThread "Catalina-utility-1"                [_thread_blocked, id=34888, stack(0x000000fdf5500000,0x000000fdf5600000) (1024K)]
  0x000002f3cc6bed70 JavaThread "Catalina-utility-2"                [_thread_blocked, id=36232, stack(0x000000fdf5600000,0x000000fdf5700000) (1024K)]
  0x000002f3cc6bfa90 JavaThread "container-0"                       [_thread_blocked, id=45432, stack(0x000000fdf5700000,0x000000fdf5800000) (1024K)]
  0x000002f3cc6bf400 JavaThread "http-nio-8080-exec-1"       daemon [_thread_blocked, id=45876, stack(0x000000fdf5400000,0x000000fdf5500000) (1024K)]
  0x000002f3cc6c0120 JavaThread "http-nio-8080-exec-2"       daemon [_thread_blocked, id=45244, stack(0x000000fdf5800000,0x000000fdf5900000) (1024K)]
  0x000002f3cecb1b40 JavaThread "http-nio-8080-exec-3"       daemon [_thread_blocked, id=50940, stack(0x000000fdf5900000,0x000000fdf5a00000) (1024K)]
  0x000002f3cecae6c0 JavaThread "http-nio-8080-exec-4"       daemon [_thread_blocked, id=20452, stack(0x000000fdf5a00000,0x000000fdf5b00000) (1024K)]
  0x000002f3cecb0100 JavaThread "http-nio-8080-exec-5"       daemon [_thread_blocked, id=25200, stack(0x000000fdf5b00000,0x000000fdf5c00000) (1024K)]
  0x000002f3cecb0e20 JavaThread "http-nio-8080-exec-6"       daemon [_thread_blocked, id=39624, stack(0x000000fdf5c00000,0x000000fdf5d00000) (1024K)]
  0x000002f3cecaed50 JavaThread "http-nio-8080-exec-7"       daemon [_thread_blocked, id=44728, stack(0x000000fdf5d00000,0x000000fdf5e00000) (1024K)]
  0x000002f3cecb0790 JavaThread "http-nio-8080-exec-8"       daemon [_thread_blocked, id=40964, stack(0x000000fdf5e00000,0x000000fdf5f00000) (1024K)]
  0x000002f3cecaf3e0 JavaThread "http-nio-8080-exec-9"       daemon [_thread_blocked, id=20316, stack(0x000000fdf5f00000,0x000000fdf6000000) (1024K)]
=>0x000002f3cecafa70 JavaThread "http-nio-8080-exec-10"      daemon [_thread_in_Java, id=43160, stack(0x000000fdf6000000,0x000000fdf6100000) (1024K)]
  0x000002f3cecb14b0 JavaThread "http-nio-8080-Poller"       daemon [_thread_in_native, id=45512, stack(0x000000fdf6100000,0x000000fdf6200000) (1024K)]
  0x000002f3ceccbaa0 JavaThread "http-nio-8080-Acceptor"     daemon [_thread_in_native, id=35776, stack(0x000000fdf6200000,0x000000fdf6300000) (1024K)]
  0x000002f3cecca6f0 JavaThread "DestroyJavaVM"                     [_thread_blocked, id=37108, stack(0x000000fdf2800000,0x000000fdf2900000) (1024K)]
  0x000002f3ceccc7c0 JavaThread "OkHttp TaskRunner"          daemon [_thread_blocked, id=32424, stack(0x000000fdf2600000,0x000000fdf2700000) (1024K)]
Total: 37

Other Threads:
  0x000002f3fe68bde0 VMThread "VM Thread"                           [id=26896, stack(0x000000fdf2f00000,0x000000fdf3000000) (1024K)]
  0x000002f3fe679620 WatcherThread "VM Periodic Task Thread"        [id=40132, stack(0x000000fdf2e00000,0x000000fdf2f00000) (1024K)]
  0x000002f3f6678810 WorkerThread "GC Thread#0"                     [id=51540, stack(0x000000fdf2900000,0x000000fdf2a00000) (1024K)]
  0x000002f3cbf3d120 WorkerThread "GC Thread#1"                     [id=31040, stack(0x000000fdf3f00000,0x000000fdf4000000) (1024K)]
  0x000002f3cbf3d8d0 WorkerThread "GC Thread#2"                     [id=872, stack(0x000000fdf4000000,0x000000fdf4100000) (1024K)]
  0x000002f3cbf3dc70 WorkerThread "GC Thread#3"                     [id=26032, stack(0x000000fdf4100000,0x000000fdf4200000) (1024K)]
  0x000002f3cbf3e010 WorkerThread "GC Thread#4"                     [id=4544, stack(0x000000fdf4200000,0x000000fdf4300000) (1024K)]
  0x000002f3cbf3e3b0 WorkerThread "GC Thread#5"                     [id=40044, stack(0x000000fdf4300000,0x000000fdf4400000) (1024K)]
  0x000002f3cbf83110 WorkerThread "GC Thread#6"                     [id=45252, stack(0x000000fdf4400000,0x000000fdf4500000) (1024K)]
  0x000002f3cbf93720 WorkerThread "GC Thread#7"                     [id=23652, stack(0x000000fdf4500000,0x000000fdf4600000) (1024K)]
  0x000002f3cc2d3ef0 WorkerThread "GC Thread#8"                     [id=22848, stack(0x000000fdf4d00000,0x000000fdf4e00000) (1024K)]
  0x000002f3cc2d3b50 WorkerThread "GC Thread#9"                     [id=11912, stack(0x000000fdf4e00000,0x000000fdf4f00000) (1024K)]
  0x000002f3f6689210 ConcurrentGCThread "G1 Main Marker"            [id=24912, stack(0x000000fdf2a00000,0x000000fdf2b00000) (1024K)]
  0x000002f3f6689c20 WorkerThread "G1 Conc#0"                       [id=20668, stack(0x000000fdf2b00000,0x000000fdf2c00000) (1024K)]
  0x000002f3cc2d2cd0 WorkerThread "G1 Conc#1"                       [id=51440, stack(0x000000fdf5000000,0x000000fdf5100000) (1024K)]
  0x000002f3cc2d3410 WorkerThread "G1 Conc#2"                       [id=48160, stack(0x000000fdf5100000,0x000000fdf5200000) (1024K)]
  0x000002f3fe54c160 ConcurrentGCThread "G1 Refine#0"               [id=45100, stack(0x000000fdf2c00000,0x000000fdf2d00000) (1024K)]
  0x000002f3fe54c980 ConcurrentGCThread "G1 Service"                [id=17456, stack(0x000000fdf2d00000,0x000000fdf2e00000) (1024K)]
Total: 18

Threads with active compile tasks:
Total: 0

VM state: not at safepoint (normal execution)

VM Mutex/Monitor currently owned by a thread: None

Heap address: 0x0000000704e00000, size: 4018 MB, Compressed Oops mode: Zero based, Oop shift amount: 3

CDS archive(s) mapped at: [0x000002f386000000-0x000002f386c80000-0x000002f386c80000), size 13107200, SharedBaseAddress: 0x000002f386000000, ArchiveRelocationMode: 1.
Compressed class space mapped at: 0x000002f387000000-0x000002f3c7000000, reserved size: 1073741824
Narrow klass base: 0x000002f386000000, Narrow klass shift: 0, Narrow klass range: 0x100000000

GC Precious Log:
 CardTable entry size: 512
 Card Set container configuration: InlinePtr #cards 4 size 8 Array Of Cards #cards 16 size 48 Howl #buckets 8 coarsen threshold 3686 Howl Bitmap #cards 512 size 80 coarsen threshold 460 Card regions per heap region 1 cards per card region 4096
 CPUs: 12 total, 12 available
 Memory: 16068M
 Large Page Support: Disabled
 NUMA Support: Disabled
 Compressed Oops: Enabled (Zero based)
 Heap Region Size: 2M
 Heap Min Capacity: 8M
 Heap Initial Capacity: 252M
 Heap Max Capacity: 4018M
 Pre-touch: Disabled
 Parallel Workers: 10
 Concurrent Workers: 3
 Concurrent Refinement Workers: 10
 Periodic GC: Disabled

Heap:
 garbage-first heap   total 122880K, used 84689K [0x0000000704e00000, 0x0000000800000000)
  region size 2048K, 27 young (55296K), 4 survivors (8192K)
 Metaspace       used 81826K, committed 82624K, reserved 1179648K
  class space    used 11351K, committed 11712K, reserved 1048576K

Heap Regions: E=young(eden), S=young(survivor), O=old, HS=humongous(starts), HC=humongous(continues), CS=collection set, F=free, TAMS=top-at-mark-start, PB=parsable bottom
|   0|0x0000000704e00000, 0x0000000705000000, 0x0000000705000000|100%| O|  |TAMS 0x0000000704e00000| PB 0x0000000704e00000| Untracked 
|   1|0x0000000705000000, 0x0000000705200000, 0x0000000705200000|100%| O|  |TAMS 0x0000000705000000| PB 0x0000000705000000| Untracked 
|   2|0x0000000705200000, 0x0000000705400000, 0x0000000705400000|100%| O|  |TAMS 0x0000000705200000| PB 0x0000000705200000| Untracked 
|   3|0x0000000705400000, 0x0000000705600000, 0x0000000705600000|100%| O|  |TAMS 0x0000000705400000| PB 0x0000000705400000| Untracked 
|   4|0x0000000705600000, 0x0000000705800000, 0x0000000705800000|100%| O|  |TAMS 0x0000000705600000| PB 0x0000000705600000| Untracked 
|   5|0x0000000705800000, 0x0000000705a00000, 0x0000000705a00000|100%| O|  |TAMS 0x0000000705800000| PB 0x0000000705800000| Untracked 
|   6|0x0000000705a00000, 0x0000000705c00000, 0x0000000705c00000|100%| O|  |TAMS 0x0000000705a00000| PB 0x0000000705a00000| Untracked 
|   7|0x0000000705c00000, 0x0000000705e00000, 0x0000000705e00000|100%| O|  |TAMS 0x0000000705c00000| PB 0x0000000705c00000| Untracked 
|   8|0x0000000705e00000, 0x0000000706000000, 0x0000000706000000|100%| O|  |TAMS 0x0000000705e00000| PB 0x0000000705e00000| Untracked 
|   9|0x0000000706000000, 0x0000000706200000, 0x0000000706200000|100%| O|Cm|TAMS 0x0000000706000000| PB 0x0000000706000000| Complete 
|  10|0x0000000706200000, 0x0000000706400000, 0x0000000706400000|100%| O|  |TAMS 0x0000000706200000| PB 0x0000000706200000| Untracked 
|  11|0x0000000706400000, 0x0000000706600000, 0x0000000706600000|100%| O|  |TAMS 0x0000000706400000| PB 0x0000000706400000| Untracked 
|  12|0x0000000706600000, 0x0000000706800000, 0x0000000706800000|100%| O|  |TAMS 0x0000000706600000| PB 0x0000000706600000| Untracked 
|  13|0x0000000706800000, 0x0000000706a00000, 0x0000000706a00000|100%| O|  |TAMS 0x0000000706800000| PB 0x0000000706800000| Untracked 
|  14|0x0000000706a00000, 0x0000000706c00000, 0x0000000706c00000|100%| O|  |TAMS 0x0000000706a00000| PB 0x0000000706a00000| Untracked 
|  15|0x0000000706c00000, 0x0000000706e00000, 0x0000000706e00000|100%| O|  |TAMS 0x0000000706c00000| PB 0x0000000706c00000| Untracked 
|  16|0x0000000706e00000, 0x0000000706e3bd78, 0x0000000707000000| 11%| O|  |TAMS 0x0000000706e00000| PB 0x0000000706e00000| Untracked 
|  17|0x0000000707000000, 0x0000000707000000, 0x0000000707200000|  0%| F|  |TAMS 0x0000000707000000| PB 0x0000000707000000| Untracked 
|  18|0x0000000707200000, 0x0000000707200000, 0x0000000707400000|  0%| F|  |TAMS 0x0000000707200000| PB 0x0000000707200000| Untracked 
|  19|0x0000000707400000, 0x0000000707400000, 0x0000000707600000|  0%| F|  |TAMS 0x0000000707400000| PB 0x0000000707400000| Untracked 
|  20|0x0000000707600000, 0x0000000707600000, 0x0000000707800000|  0%| F|  |TAMS 0x0000000707600000| PB 0x0000000707600000| Untracked 
|  21|0x0000000707800000, 0x0000000707800000, 0x0000000707a00000|  0%| F|  |TAMS 0x0000000707800000| PB 0x0000000707800000| Untracked 
|  22|0x0000000707a00000, 0x0000000707a00000, 0x0000000707c00000|  0%| F|  |TAMS 0x0000000707a00000| PB 0x0000000707a00000| Untracked 
|  23|0x0000000707c00000, 0x0000000707c00000, 0x0000000707e00000|  0%| F|  |TAMS 0x0000000707c00000| PB 0x0000000707c00000| Untracked 
|  24|0x0000000707e00000, 0x0000000707e00000, 0x0000000708000000|  0%| F|  |TAMS 0x0000000707e00000| PB 0x0000000707e00000| Untracked 
|  25|0x0000000708000000, 0x0000000708000000, 0x0000000708200000|  0%| F|  |TAMS 0x0000000708000000| PB 0x0000000708000000| Untracked 
|  26|0x0000000708200000, 0x0000000708200000, 0x0000000708400000|  0%| F|  |TAMS 0x0000000708200000| PB 0x0000000708200000| Untracked 
|  27|0x0000000708400000, 0x0000000708400000, 0x0000000708600000|  0%| F|  |TAMS 0x0000000708400000| PB 0x0000000708400000| Untracked 
|  28|0x0000000708600000, 0x0000000708600000, 0x0000000708800000|  0%| F|  |TAMS 0x0000000708600000| PB 0x0000000708600000| Untracked 
|  29|0x0000000708800000, 0x0000000708800000, 0x0000000708a00000|  0%| F|  |TAMS 0x0000000708800000| PB 0x0000000708800000| Untracked 
|  30|0x0000000708a00000, 0x0000000708a00000, 0x0000000708c00000|  0%| F|  |TAMS 0x0000000708a00000| PB 0x0000000708a00000| Untracked 
|  31|0x0000000708c00000, 0x0000000708c78760, 0x0000000708e00000| 23%| S|CS|TAMS 0x0000000708c00000| PB 0x0000000708c00000| Complete 
|  32|0x0000000708e00000, 0x0000000709000000, 0x0000000709000000|100%| S|CS|TAMS 0x0000000708e00000| PB 0x0000000708e00000| Complete 
|  33|0x0000000709000000, 0x0000000709200000, 0x0000000709200000|100%| S|CS|TAMS 0x0000000709000000| PB 0x0000000709000000| Complete 
|  34|0x0000000709200000, 0x0000000709400000, 0x0000000709400000|100%| S|CS|TAMS 0x0000000709200000| PB 0x0000000709200000| Complete 
|  35|0x0000000709400000, 0x0000000709400000, 0x0000000709600000|  0%| F|  |TAMS 0x0000000709400000| PB 0x0000000709400000| Untracked 
|  36|0x0000000709600000, 0x0000000709791ba8, 0x0000000709800000| 78%| E|  |TAMS 0x0000000709600000| PB 0x0000000709600000| Complete 
|  37|0x0000000709800000, 0x0000000709a00000, 0x0000000709a00000|100%| E|CS|TAMS 0x0000000709800000| PB 0x0000000709800000| Complete 
|  38|0x0000000709a00000, 0x0000000709c00000, 0x0000000709c00000|100%| E|CS|TAMS 0x0000000709a00000| PB 0x0000000709a00000| Complete 
|  39|0x0000000709c00000, 0x0000000709e00000, 0x0000000709e00000|100%| E|CS|TAMS 0x0000000709c00000| PB 0x0000000709c00000| Complete 
|  40|0x0000000709e00000, 0x000000070a000000, 0x000000070a000000|100%| E|CS|TAMS 0x0000000709e00000| PB 0x0000000709e00000| Complete 
|  41|0x000000070a000000, 0x000000070a200000, 0x000000070a200000|100%| E|  |TAMS 0x000000070a000000| PB 0x000000070a000000| Complete 
|  42|0x000000070a200000, 0x000000070a400000, 0x000000070a400000|100%| E|CS|TAMS 0x000000070a200000| PB 0x000000070a200000| Complete 
|  43|0x000000070a400000, 0x000000070a600000, 0x000000070a600000|100%| E|CS|TAMS 0x000000070a400000| PB 0x000000070a400000| Complete 
|  44|0x000000070a600000, 0x000000070a800000, 0x000000070a800000|100%| E|CS|TAMS 0x000000070a600000| PB 0x000000070a600000| Complete 
|  45|0x000000070a800000, 0x000000070aa00000, 0x000000070aa00000|100%| E|CS|TAMS 0x000000070a800000| PB 0x000000070a800000| Complete 
|  46|0x000000070aa00000, 0x000000070ac00000, 0x000000070ac00000|100%| E|CS|TAMS 0x000000070aa00000| PB 0x000000070aa00000| Complete 
|  47|0x000000070ac00000, 0x000000070ae00000, 0x000000070ae00000|100%| E|CS|TAMS 0x000000070ac00000| PB 0x000000070ac00000| Complete 
|  48|0x000000070ae00000, 0x000000070b000000, 0x000000070b000000|100%| E|CS|TAMS 0x000000070ae00000| PB 0x000000070ae00000| Complete 
|  49|0x000000070b000000, 0x000000070b200000, 0x000000070b200000|100%| E|CS|TAMS 0x000000070b000000| PB 0x000000070b000000| Complete 
|  50|0x000000070b200000, 0x000000070b400000, 0x000000070b400000|100%| E|CS|TAMS 0x000000070b200000| PB 0x000000070b200000| Complete 
|  51|0x000000070b400000, 0x000000070b600000, 0x000000070b600000|100%| E|CS|TAMS 0x000000070b400000| PB 0x000000070b400000| Complete 
|  52|0x000000070b600000, 0x000000070b800000, 0x000000070b800000|100%| E|CS|TAMS 0x000000070b600000| PB 0x000000070b600000| Complete 
|  53|0x000000070b800000, 0x000000070ba00000, 0x000000070ba00000|100%| E|CS|TAMS 0x000000070b800000| PB 0x000000070b800000| Complete 
|  54|0x000000070ba00000, 0x000000070bc00000, 0x000000070bc00000|100%| E|CS|TAMS 0x000000070ba00000| PB 0x000000070ba00000| Complete 
|  55|0x000000070bc00000, 0x000000070be00000, 0x000000070be00000|100%| E|CS|TAMS 0x000000070bc00000| PB 0x000000070bc00000| Complete 
|  56|0x000000070be00000, 0x000000070c000000, 0x000000070c000000|100%| E|CS|TAMS 0x000000070be00000| PB 0x000000070be00000| Complete 
|  57|0x000000070c000000, 0x000000070c200000, 0x000000070c200000|100%| E|CS|TAMS 0x000000070c000000| PB 0x000000070c000000| Complete 
| 125|0x0000000714800000, 0x0000000714a00000, 0x0000000714a00000|100%| E|CS|TAMS 0x0000000714800000| PB 0x0000000714800000| Complete 
|2008|0x00000007ffe00000, 0x0000000800000000, 0x0000000800000000|100%| O|  |TAMS 0x00000007ffe00000| PB 0x00000007ffe00000| Untracked 

Card table byte_map: [0x000002f3fdaa0000,0x000002f3fe280000] _byte_map_base: 0x000002f3fa279000

Marking Bits: (CMBitMap*) 0x000002f3f6678e20
 Bits: [0x000002f380000000, 0x000002f383ec8000)

Polling page: 0x000002f3f4190000

Metaspace:

Usage:
  Non-class:     68.82 MB used.
      Class:     11.09 MB used.
       Both:     79.91 MB used.

Virtual space:
  Non-class space:      128.00 MB reserved,      69.25 MB ( 54%) committed,  2 nodes.
      Class space:        1.00 GB reserved,      11.44 MB (  1%) committed,  1 nodes.
             Both:        1.12 GB reserved,      80.69 MB (  7%) committed. 

Chunk freelists:
   Non-Class:  10.58 MB
       Class:  4.59 MB
        Both:  15.17 MB

MaxMetaspaceSize: unlimited
CompressedClassSpaceSize: 1.00 GB
Initial GC threshold: 21.00 MB
Current GC threshold: 124.50 MB
CDS: on
 - commit_granule_bytes: 65536.
 - commit_granule_words: 8192.
 - virtual_space_node_default_size: 8388608.
 - enlarge_chunks_in_place: 1.
 - use_allocation_guard: 0.


Internal statistics:

num_allocs_failed_limit: 8.
num_arena_births: 1154.
num_arena_deaths: 0.
num_vsnodes_births: 3.
num_vsnodes_deaths: 0.
num_space_committed: 1291.
num_space_uncommitted: 0.
num_chunks_returned_to_freelist: 8.
num_chunks_taken_from_freelist: 3938.
num_chunk_merges: 8.
num_chunk_splits: 2910.
num_chunks_enlarged: 2267.
num_inconsistent_stats: 0.

CodeCache: size=49152Kb used=15756Kb max_used=16605Kb free=33395Kb
 bounds [0x000002f3f9f90000, 0x000002f3fafd0000, 0x000002f3fcf90000]
 total_blobs=9395, nmethods=8620, adapters=696, full_count=0
Compilation: enabled, stopped_count=0, restarted_count=0

Compilation events (20 events):
Event: 307.896 Thread 0x000002f3cb0186c0 8702       1       java.util.concurrent.ScheduledThreadPoolExecutor::reExecutePeriodic (49 bytes)
Event: 307.896 Thread 0x000002f3cb0186c0 nmethod 8702 0x000002f3faeb6910 code [0x000002f3faeb6b20, 0x000002f3faeb6dd8]
Event: 308.070 Thread 0x000002f3cb0186c0 8703       1       org.apache.catalina.core.StandardPipeline::getFirst (17 bytes)
Event: 308.070 Thread 0x000002f3cb0186c0 nmethod 8703 0x000002f3faeb6610 code [0x000002f3faeb67a0, 0x000002f3faeb68a8]
Event: 329.173 Thread 0x000002f3cb0186c0 8704       1       java.nio.channels.spi.AbstractSelector::begin (48 bytes)
Event: 329.174 Thread 0x000002f3cb0186c0 nmethod 8704 0x000002f3faeb5e10 code [0x000002f3faeb5fe0, 0x000002f3faeb6410]
Event: 380.052 Thread 0x000002f3cb0186c0 8705       1       jdk.internal.loader.URLClassPath$FileLoader$1::getURL (5 bytes)
Event: 380.052 Thread 0x000002f3cb0186c0 nmethod 8705 0x000002f3faeb5b10 code [0x000002f3faeb5ca0, 0x000002f3faeb5d70]
Event: 388.113 Thread 0x000002f3cb0186c0 8706       1       java.util.EventObject::getSource (5 bytes)
Event: 388.114 Thread 0x000002f3cb0186c0 nmethod 8706 0x000002f3faeb5810 code [0x000002f3faeb59a0, 0x000002f3faeb5a70]
Event: 438.137 Thread 0x000002f3cb0186c0 8708       1       java.util.Comparator$$Lambda/0x000002f3874f99d8::compare (10 bytes)
Event: 438.137 Thread 0x000002f3cb0186c0 nmethod 8708 0x000002f3faeb5390 code [0x000002f3faeb5560, 0x000002f3faeb5768]
Event: 438.137 Thread 0x000002f3cb0186c0 8709       1       java.util.Comparator::lambda$comparingLong$6043328a$1 (18 bytes)
Event: 438.138 Thread 0x000002f3cb0186c0 nmethod 8709 0x000002f3faeb4f10 code [0x000002f3faeb50e0, 0x000002f3faeb52a8]
Event: 438.138 Thread 0x000002f3cb0186c0 8710       1       org.apache.catalina.valves.ValveBase::backgroundProcess (1 bytes)
Event: 438.138 Thread 0x000002f3cb0186c0 nmethod 8710 0x000002f3faeb4c10 code [0x000002f3faeb4da0, 0x000002f3faeb4e68]
Event: 438.138 Thread 0x000002f3cb0186c0 8707       1       org.apache.catalina.core.ContainerBase::getBackgroundProcessorDelay (5 bytes)
Event: 438.138 Thread 0x000002f3cb0186c0 nmethod 8707 0x000002f3faeb4910 code [0x000002f3faeb4aa0, 0x000002f3faeb4b68]
Event: 481.849 Thread 0x000002f3cb0186c0 8711       1       java.io.DataOutputStream::<init> (19 bytes)
Event: 481.849 Thread 0x000002f3cb0186c0 nmethod 8711 0x000002f3faeb4390 code [0x000002f3faeb4540, 0x000002f3faeb4858]

GC Heap History (20 events):
Event: 5.031 GC heap before
{Heap before GC invocations=11 (full 0):
 garbage-first heap   total 94208K, used 70657K [0x0000000704e00000, 0x0000000800000000)
  region size 2048K, 27 young (55296K), 5 survivors (10240K)
 Metaspace       used 39980K, committed 40576K, reserved 1114112K
  class space    used 5596K, committed 5888K, reserved 1048576K
}
Event: 5.041 GC heap after
{Heap after GC invocations=12 (full 0):
 garbage-first heap   total 94208K, used 24828K [0x0000000704e00000, 0x0000000800000000)
  region size 2048K, 2 young (4096K), 2 survivors (4096K)
 Metaspace       used 39980K, committed 40576K, reserved 1114112K
  class space    used 5596K, committed 5888K, reserved 1048576K
}
Event: 5.622 GC heap before
{Heap before GC invocations=12 (full 0):
 garbage-first heap   total 94208K, used 76028K [0x0000000704e00000, 0x0000000800000000)
  region size 2048K, 27 young (55296K), 2 survivors (4096K)
 Metaspace       used 45215K, committed 45824K, reserved 1114112K
  class space    used 6292K, committed 6592K, reserved 1048576K
}
Event: 5.628 GC heap after
{Heap after GC invocations=13 (full 0):
 garbage-first heap   total 120832K, used 26737K [0x0000000704e00000, 0x0000000800000000)
  region size 2048K, 3 young (6144K), 3 survivors (6144K)
 Metaspace       used 45215K, committed 45824K, reserved 1114112K
  class space    used 6292K, committed 6592K, reserved 1048576K
}
Event: 6.160 GC heap before
{Heap before GC invocations=13 (full 0):
 garbage-first heap   total 120832K, used 90225K [0x0000000704e00000, 0x0000000800000000)
  region size 2048K, 35 young (71680K), 3 survivors (6144K)
 Metaspace       used 51671K, committed 52288K, reserved 1114112K
  class space    used 7261K, committed 7552K, reserved 1048576K
}
Event: 6.169 GC heap after
{Heap after GC invocations=14 (full 0):
 garbage-first heap   total 120832K, used 28951K [0x0000000704e00000, 0x0000000800000000)
  region size 2048K, 3 young (6144K), 3 survivors (6144K)
 Metaspace       used 51671K, committed 52288K, reserved 1114112K
  class space    used 7261K, committed 7552K, reserved 1048576K
}
Event: 6.209 GC heap before
{Heap before GC invocations=14 (full 0):
 garbage-first heap   total 120832K, used 33047K [0x0000000704e00000, 0x0000000800000000)
  region size 2048K, 6 young (12288K), 3 survivors (6144K)
 Metaspace       used 52390K, committed 52928K, reserved 1114112K
  class space    used 7308K, committed 7552K, reserved 1048576K
}
Event: 6.216 GC heap after
{Heap after GC invocations=15 (full 0):
 garbage-first heap   total 120832K, used 29299K [0x0000000704e00000, 0x0000000800000000)
  region size 2048K, 3 young (6144K), 3 survivors (6144K)
 Metaspace       used 52390K, committed 52928K, reserved 1114112K
  class space    used 7308K, committed 7552K, reserved 1048576K
}
Event: 6.658 GC heap before
{Heap before GC invocations=16 (full 0):
 garbage-first heap   total 102400K, used 84595K [0x0000000704e00000, 0x0000000800000000)
  region size 2048K, 30 young (61440K), 3 survivors (6144K)
 Metaspace       used 56592K, committed 57216K, reserved 1114112K
  class space    used 8096K, committed 8384K, reserved 1048576K
}
Event: 6.665 GC heap after
{Heap after GC invocations=17 (full 0):
 garbage-first heap   total 102400K, used 30614K [0x0000000704e00000, 0x0000000800000000)
  region size 2048K, 2 young (4096K), 2 survivors (4096K)
 Metaspace       used 56592K, committed 57216K, reserved 1114112K
  class space    used 8096K, committed 8384K, reserved 1048576K
}
Event: 7.631 GC heap before
{Heap before GC invocations=17 (full 0):
 garbage-first heap   total 102400K, used 87958K [0x0000000704e00000, 0x0000000800000000)
  region size 2048K, 30 young (61440K), 2 survivors (4096K)
 Metaspace       used 61754K, committed 62400K, reserved 1114112K
  class space    used 8810K, committed 9088K, reserved 1048576K
}
Event: 7.642 GC heap after
{Heap after GC invocations=18 (full 0):
 garbage-first heap   total 122880K, used 31117K [0x0000000704e00000, 0x0000000800000000)
  region size 2048K, 3 young (6144K), 3 survivors (6144K)
 Metaspace       used 61754K, committed 62400K, reserved 1114112K
  class space    used 8810K, committed 9088K, reserved 1048576K
}
Event: 8.206 GC heap before
{Heap before GC invocations=18 (full 0):
 garbage-first heap   total 122880K, used 98701K [0x0000000704e00000, 0x0000000800000000)
  region size 2048K, 36 young (73728K), 3 survivors (6144K)
 Metaspace       used 64196K, committed 64896K, reserved 1114112K
  class space    used 9145K, committed 9472K, reserved 1048576K
}
Event: 8.211 GC heap after
{Heap after GC invocations=19 (full 0):
 garbage-first heap   total 122880K, used 35669K [0x0000000704e00000, 0x0000000800000000)
  region size 2048K, 5 young (10240K), 5 survivors (10240K)
 Metaspace       used 64196K, committed 64896K, reserved 1114112K
  class space    used 9145K, committed 9472K, reserved 1048576K
}
Event: 11.357 GC heap before
{Heap before GC invocations=19 (full 0):
 garbage-first heap   total 122880K, used 99157K [0x0000000704e00000, 0x0000000800000000)
  region size 2048K, 36 young (73728K), 5 survivors (10240K)
 Metaspace       used 66918K, committed 67712K, reserved 1114112K
  class space    used 9544K, committed 9920K, reserved 1048576K
}
Event: 11.363 GC heap after
{Heap after GC invocations=20 (full 0):
 garbage-first heap   total 122880K, used 38177K [0x0000000704e00000, 0x0000000800000000)
  region size 2048K, 4 young (8192K), 4 survivors (8192K)
 Metaspace       used 66918K, committed 67712K, reserved 1114112K
  class space    used 9544K, committed 9920K, reserved 1048576K
}
Event: 63.478 GC heap before
{Heap before GC invocations=20 (full 0):
 garbage-first heap   total 122880K, used 101665K [0x0000000704e00000, 0x0000000800000000)
  region size 2048K, 36 young (73728K), 4 survivors (8192K)
 Metaspace       used 72224K, committed 72960K, reserved 1114112K
  class space    used 10246K, committed 10560K, reserved 1048576K
}
Event: 63.489 GC heap after
{Heap after GC invocations=21 (full 0):
 garbage-first heap   total 122880K, used 39969K [0x0000000704e00000, 0x0000000800000000)
  region size 2048K, 3 young (6144K), 3 survivors (6144K)
 Metaspace       used 72224K, committed 72960K, reserved 1114112K
  class space    used 10246K, committed 10560K, reserved 1048576K
}
Event: 72.592 GC heap before
{Heap before GC invocations=21 (full 0):
 garbage-first heap   total 122880K, used 85025K [0x0000000704e00000, 0x0000000800000000)
  region size 2048K, 27 young (55296K), 3 survivors (6144K)
 Metaspace       used 75672K, committed 76480K, reserved 1179648K
  class space    used 10758K, committed 11136K, reserved 1048576K
}
Event: 72.608 GC heap after
{Heap after GC invocations=22 (full 0):
 garbage-first heap   total 122880K, used 41681K [0x0000000704e00000, 0x0000000800000000)
  region size 2048K, 4 young (8192K), 4 survivors (8192K)
 Metaspace       used 75672K, committed 76480K, reserved 1179648K
  class space    used 10758K, committed 11136K, reserved 1048576K
}

Dll operation events (12 events):
Event: 0.351 Loaded shared library E:\sts-4.32.0.RELEASE\plugins\org.eclipse.justj.openjdk.hotspot.jre.full.win32.x86_64_21.0.8.v20250724-1412\jre\bin\java.dll
Event: 0.468 Loaded shared library E:\sts-4.32.0.RELEASE\plugins\org.eclipse.justj.openjdk.hotspot.jre.full.win32.x86_64_21.0.8.v20250724-1412\jre\bin\zip.dll
Event: 0.689 Loaded shared library E:\sts-4.32.0.RELEASE\plugins\org.eclipse.justj.openjdk.hotspot.jre.full.win32.x86_64_21.0.8.v20250724-1412\jre\bin\instrument.dll
Event: 0.726 Loaded shared library E:\sts-4.32.0.RELEASE\plugins\org.eclipse.justj.openjdk.hotspot.jre.full.win32.x86_64_21.0.8.v20250724-1412\jre\bin\net.dll
Event: 0.818 Loaded shared library E:\sts-4.32.0.RELEASE\plugins\org.eclipse.justj.openjdk.hotspot.jre.full.win32.x86_64_21.0.8.v20250724-1412\jre\bin\nio.dll
Event: 0.822 Loaded shared library E:\sts-4.32.0.RELEASE\plugins\org.eclipse.justj.openjdk.hotspot.jre.full.win32.x86_64_21.0.8.v20250724-1412\jre\bin\zip.dll
Event: 1.060 Loaded shared library E:\sts-4.32.0.RELEASE\plugins\org.eclipse.justj.openjdk.hotspot.jre.full.win32.x86_64_21.0.8.v20250724-1412\jre\bin\jimage.dll
Event: 1.149 Loaded shared library E:\sts-4.32.0.RELEASE\plugins\org.eclipse.justj.openjdk.hotspot.jre.full.win32.x86_64_21.0.8.v20250724-1412\jre\bin\management.dll
Event: 1.198 Loaded shared library E:\sts-4.32.0.RELEASE\plugins\org.eclipse.justj.openjdk.hotspot.jre.full.win32.x86_64_21.0.8.v20250724-1412\jre\bin\management_ext.dll
Event: 1.576 Loaded shared library E:\sts-4.32.0.RELEASE\plugins\org.eclipse.justj.openjdk.hotspot.jre.full.win32.x86_64_21.0.8.v20250724-1412\jre\bin\extnet.dll
Event: 1.642 Loaded shared library E:\sts-4.32.0.RELEASE\plugins\org.eclipse.justj.openjdk.hotspot.jre.full.win32.x86_64_21.0.8.v20250724-1412\jre\bin\verify.dll
Event: 4.443 Loaded shared library E:\sts-4.32.0.RELEASE\plugins\org.eclipse.justj.openjdk.hotspot.jre.full.win32.x86_64_21.0.8.v20250724-1412\jre\bin\sunmscapi.dll

Deoptimization events (20 events):
Event: 72.220 Thread 0x000002f3cc6bf400 DEOPT PACKING pc=0x000002f3fa4e2694 sp=0x000000fdf54f9130
Event: 72.220 Thread 0x000002f3cc6bf400 DEOPT UNPACKING pc=0x000002f3f9fe4e42 sp=0x000000fdf54f85f8 mode 1
Event: 72.220 Thread 0x000002f3cc6bf400 DEOPT PACKING pc=0x000002f3fa4e1f8c sp=0x000000fdf54f91c0
Event: 72.220 Thread 0x000002f3cc6bf400 DEOPT UNPACKING pc=0x000002f3f9fe4e42 sp=0x000000fdf54f8698 mode 1
Event: 72.393 Thread 0x000002f3cecb0790 DEOPT PACKING pc=0x000002f3fa775db4 sp=0x000000fdf5efae40
Event: 72.394 Thread 0x000002f3cecb0790 DEOPT UNPACKING pc=0x000002f3f9fe4e42 sp=0x000000fdf5efa3a0 mode 1
Event: 72.394 Thread 0x000002f3cecb0790 DEOPT PACKING pc=0x000002f3fa953c2c sp=0x000000fdf5efaf60
Event: 72.394 Thread 0x000002f3cecb0790 DEOPT UNPACKING pc=0x000002f3f9fe4e42 sp=0x000000fdf5efa430 mode 1
Event: 72.394 Thread 0x000002f3cc6bf400 DEOPT PACKING pc=0x000002f3fa775db4 sp=0x000000fdf54faec0
Event: 72.394 Thread 0x000002f3cc6bf400 DEOPT UNPACKING pc=0x000002f3f9fe4e42 sp=0x000000fdf54fa420 mode 1
Event: 72.394 Thread 0x000002f3cc6bf400 DEOPT PACKING pc=0x000002f3fa953c2c sp=0x000000fdf54fafe0
Event: 72.394 Thread 0x000002f3cc6bf400 DEOPT UNPACKING pc=0x000002f3f9fe4e42 sp=0x000000fdf54fa4b0 mode 1
Event: 76.758 Thread 0x000002f3cc0af150 DEOPT PACKING pc=0x000002f3fadfd17c sp=0x000000fdf4afee70
Event: 76.758 Thread 0x000002f3cc0af150 DEOPT UNPACKING pc=0x000002f3f9fe4e42 sp=0x000000fdf4afe348 mode 0
Event: 106.753 Thread 0x000002f3cecafa70 DEOPT PACKING pc=0x000002f3fa1dd534 sp=0x000000fdf60f7cb0
Event: 106.753 Thread 0x000002f3cecafa70 DEOPT UNPACKING pc=0x000002f3f9fe4e42 sp=0x000000fdf60f71e8 mode 1
Event: 106.754 Thread 0x000002f3cecafa70 DEOPT PACKING pc=0x000002f3fa1dd534 sp=0x000000fdf60f7cb0
Event: 106.754 Thread 0x000002f3cecafa70 DEOPT UNPACKING pc=0x000002f3f9fe4e42 sp=0x000000fdf60f71e8 mode 1
Event: 508.947 Thread 0x000002f3cecafa70 DEOPT PACKING pc=0x000002f3faba4ab4 sp=0x000000fdf60fa570
Event: 508.947 Thread 0x000002f3cecafa70 DEOPT UNPACKING pc=0x000002f3f9fe4e42 sp=0x000000fdf60f9a18 mode 0

Classes loaded (20 events):
Event: 107.123 Loading class sun/security/ssl/Finished$T10VerifyDataGenerator
Event: 107.123 Loading class sun/security/ssl/Finished$T10VerifyDataGenerator done
Event: 107.123 Loading class sun/security/ssl/Finished$T12VerifyDataGenerator
Event: 107.123 Loading class sun/security/ssl/Finished$T12VerifyDataGenerator done
Event: 107.123 Loading class sun/security/ssl/Finished$T13VerifyDataGenerator
Event: 107.124 Loading class sun/security/ssl/Finished$T13VerifyDataGenerator done
Event: 107.124 Loading class sun/security/ssl/Finished$1
Event: 107.124 Loading class sun/security/ssl/Finished$1 done
Event: 107.124 Loading class sun/security/ssl/SSLBasicKeyDerivation
Event: 107.124 Loading class sun/security/ssl/SSLBasicKeyDerivation done
Event: 107.124 Loading class sun/security/ssl/SSLBasicKeyDerivation$SecretSizeSpec
Event: 107.124 Loading class sun/security/ssl/SSLBasicKeyDerivation$SecretSizeSpec done
Event: 107.128 Loading class com/sun/crypto/provider/GaloisCounterMode$GCMEncrypt
Event: 107.129 Loading class com/sun/crypto/provider/GaloisCounterMode$GCMEncrypt done
Event: 107.129 Loading class com/sun/crypto/provider/GaloisCounterMode$EncryptOp
Event: 107.129 Loading class com/sun/crypto/provider/GaloisCounterMode$EncryptOp done
Event: 107.132 Loading class javax/net/ssl/SSLEngineResult$HandshakeStatus
Event: 107.132 Loading class javax/net/ssl/SSLEngineResult$HandshakeStatus done
Event: 107.132 Loading class jdk/internal/event/TLSHandshakeEvent
Event: 107.132 Loading class jdk/internal/event/TLSHandshakeEvent done

Classes unloaded (0 events):
No events

Classes redefined (1 events):
Event: 508.978 Thread 0x000002f3fe68bde0 redefined class name=com.prafful.springjwt.service.Servicess, count=1

Internal exceptions (20 events):
Event: 11.587 Thread 0x000002f3f42418b0 Exception <a 'java/lang/NoSuchMethodError'{0x000000070a980be0}: 'java.lang.Object java.lang.invoke.DirectMethodHandle$Holder.newInvokeSpecial(java.lang.Object, java.lang.Object, int, java.lang.Object, java.lang.Object)'> (0x000000070a980be0) 
thrown [s\src\hotspot\share\interpreter\linkResolver.cpp, line 773]
Event: 11.588 Thread 0x000002f3f42418b0 Exception <a 'java/lang/NoSuchMethodError'{0x000000070a98bac8}: 'java.lang.Object java.lang.invoke.DirectMethodHandle$Holder.invokeSpecial(java.lang.Object, java.lang.Object, int, java.lang.Object, int, java.lang.Object)'> (0x000000070a98bac8) 
thrown [s\src\hotspot\share\interpreter\linkResolver.cpp, line 773]
Event: 11.588 Thread 0x000002f3f42418b0 Exception <a 'java/lang/NoSuchMethodError'{0x000000070a992df8}: 'java.lang.Object java.lang.invoke.DirectMethodHandle$Holder.newInvokeSpecial(java.lang.Object, java.lang.Object, int, java.lang.Object, int)'> (0x000000070a992df8) 
thrown [s\src\hotspot\share\interpreter\linkResolver.cpp, line 773]
Event: 11.589 Thread 0x000002f3f42418b0 Exception <a 'java/lang/NoSuchMethodError'{0x000000070a996d08}: 'java.lang.Object java.lang.invoke.DirectMethodHandle$Holder.invokeSpecial(java.lang.Object, java.lang.Object, java.lang.Object, int, java.lang.Object, int)'> (0x000000070a996d08) 
thrown [s\src\hotspot\share\interpreter\linkResolver.cpp, line 773]
Event: 12.035 Thread 0x000002f3cc0af150 Exception <a 'java/lang/NoSuchMethodError'{0x0000000709ffd0d8}: 'java.lang.Object java.lang.invoke.DirectMethodHandle$Holder.invokeInterface(java.lang.Object, java.lang.Object, java.lang.Object, java.lang.Object, java.lang.Object, java.lang.Object, java.lang.Object)'> (0x0000000709ffd0d8) 
thrown [s\src\hotspot\share\interpreter\linkResolver.cpp, line 773]
Event: 63.004 Thread 0x000002f3cc6bf400 Exception <a 'java/lang/NoSuchMethodError'{0x000000070999a718}: 'java.lang.Object java.lang.invoke.DirectMethodHandle$Holder.invokeSpecial(java.lang.Object, java.lang.Object, java.lang.Object, java.lang.Object, java.lang.Object, long)'> (0x000000070999a718) 
thrown [s\src\hotspot\share\interpreter\linkResolver.cpp, line 773]
Event: 63.004 Thread 0x000002f3cc6bf400 Exception <a 'java/lang/NoSuchMethodError'{0x000000070999def8}: 'java.lang.Object java.lang.invoke.Invokers$Holder.linkToTargetMethod(java.lang.Object, java.lang.Object, java.lang.Object, long, java.lang.Object)'> (0x000000070999def8) 
thrown [s\src\hotspot\share\interpreter\linkResolver.cpp, line 773]
Event: 63.714 Thread 0x000002f3cc6c0120 Exception <a 'java/lang/NoSuchMethodError'{0x000000070b348490}: 'void java.lang.invoke.DirectMethodHandle$Holder.invokeSpecialIFC(java.lang.Object, java.lang.Object, int, java.lang.Object, java.lang.Object, java.lang.Object, java.lang.Object)'> (0x000000070b348490) 
thrown [s\src\hotspot\share\interpreter\linkResolver.cpp, line 773]
Event: 63.735 Thread 0x000002f3cc6c0120 Exception <a 'java/lang/IncompatibleClassChangeError'{0x000000070b18b650}: Found class java.lang.Object, but interface was expected> (0x000000070b18b650) 
thrown [s\src\hotspot\share\interpreter\linkResolver.cpp, line 840]
Event: 72.154 Thread 0x000002f3cecb0790 Exception <a 'java/lang/IncompatibleClassChangeError'{0x0000000709a38e48}: Found class java.lang.Object, but interface was expected> (0x0000000709a38e48) 
thrown [s\src\hotspot\share\interpreter\linkResolver.cpp, line 840]
Event: 72.238 Thread 0x000002f3cc6bf400 Exception <a 'java/lang/NoSuchMethodError'{0x0000000709827200}: 'double java.lang.invoke.DelegatingMethodHandle$Holder.reinvoke_L(java.lang.Object, java.lang.Object)'> (0x0000000709827200) 
thrown [s\src\hotspot\share\interpreter\linkResolver.cpp, line 773]
Event: 72.238 Thread 0x000002f3cecb0790 Exception <a 'java/lang/NoSuchMethodError'{0x0000000709830070}: 'double java.lang.invoke.DelegatingMethodHandle$Holder.reinvoke_L(java.lang.Object, java.lang.Object)'> (0x0000000709830070) 
thrown [s\src\hotspot\share\interpreter\linkResolver.cpp, line 773]
Event: 72.240 Thread 0x000002f3cc6bf400 Exception <a 'java/lang/NoSuchMethodError'{0x00000007098489e0}: 'void java.lang.invoke.DelegatingMethodHandle$Holder.reinvoke_L(java.lang.Object, java.lang.Object, double)'> (0x00000007098489e0) 
thrown [s\src\hotspot\share\interpreter\linkResolver.cpp, line 773]
Event: 72.240 Thread 0x000002f3cecb0790 Exception <a 'java/lang/NoSuchMethodError'{0x000000070983a5e8}: 'void java.lang.invoke.DelegatingMethodHandle$Holder.reinvoke_L(java.lang.Object, java.lang.Object, double)'> (0x000000070983a5e8) 
thrown [s\src\hotspot\share\interpreter\linkResolver.cpp, line 773]
Event: 72.252 Thread 0x000002f3cecb0790 Exception <a 'java/lang/NoSuchMethodError'{0x00000007098c8370}: 'double java.lang.invoke.Invokers$Holder.invokeExact_MT(java.lang.Object, java.lang.Object, java.lang.Object)'> (0x00000007098c8370) 
thrown [s\src\hotspot\share\interpreter\linkResolver.cpp, line 773]
Event: 72.252 Thread 0x000002f3cc6bf400 Exception <a 'java/lang/NoSuchMethodError'{0x00000007098b0820}: 'double java.lang.invoke.Invokers$Holder.invokeExact_MT(java.lang.Object, java.lang.Object, java.lang.Object)'> (0x00000007098b0820) 
thrown [s\src\hotspot\share\interpreter\linkResolver.cpp, line 773]
Event: 72.253 Thread 0x000002f3cecb0790 Exception <a 'java/lang/NoSuchMethodError'{0x00000007098cc4f8}: 'int java.lang.invoke.Invokers$Holder.invokeExact_MT(java.lang.Object, java.lang.Object, java.lang.Object)'> (0x00000007098cc4f8) 
thrown [s\src\hotspot\share\interpreter\linkResolver.cpp, line 773]
Event: 72.253 Thread 0x000002f3cc6bf400 Exception <a 'java/lang/NoSuchMethodError'{0x00000007098b49d0}: 'int java.lang.invoke.Invokers$Holder.invokeExact_MT(java.lang.Object, java.lang.Object, java.lang.Object)'> (0x00000007098b49d0) 
thrown [s\src\hotspot\share\interpreter\linkResolver.cpp, line 773]
Event: 72.493 Thread 0x000002f3cecb0790 Exception <a 'java/lang/NoSuchMethodError'{0x00000007097474c0}: 'double java.lang.invoke.DirectMethodHandle$Holder.invokeVirtual(java.lang.Object, java.lang.Object)'> (0x00000007097474c0) 
thrown [s\src\hotspot\share\interpreter\linkResolver.cpp, line 773]
Event: 72.493 Thread 0x000002f3cc6bf400 Exception <a 'java/lang/NoSuchMethodError'{0x0000000709723dc0}: 'double java.lang.invoke.DirectMethodHandle$Holder.invokeVirtual(java.lang.Object, java.lang.Object)'> (0x0000000709723dc0) 
thrown [s\src\hotspot\share\interpreter\linkResolver.cpp, line 773]

ZGC Phase Switch (0 events):
No events

VM Operations (20 events):
Event: 420.806 Executing VM operation: HandshakeAllThreads (HandshakeForDeflation)
Event: 420.806 Executing VM operation: HandshakeAllThreads (HandshakeForDeflation) done
Event: 420.806 Executing VM operation: RendezvousGCThreads
Event: 420.806 Executing VM operation: RendezvousGCThreads done
Event: 508.946 Executing VM operation: ChangeSingleStep
Event: 508.946 Executing VM operation: ChangeSingleStep done
Event: 508.947 Executing VM operation: ChangeSingleStep
Event: 508.947 Executing VM operation: ChangeSingleStep done
Event: 508.968 Executing VM operation: RedefineClasses
Event: 509.000 Executing VM operation: RedefineClasses done
Event: 509.029 Executing VM operation: ChangeBreakpoints
Event: 509.032 Executing VM operation: ChangeBreakpoints done
Event: 509.050 Executing VM operation: ChangeBreakpoints
Event: 509.052 Executing VM operation: ChangeBreakpoints done
Event: 509.069 Executing VM operation: ChangeBreakpoints
Event: 509.071 Executing VM operation: ChangeBreakpoints done
Event: 509.085 Executing VM operation: ChangeBreakpoints
Event: 509.087 Executing VM operation: ChangeBreakpoints done
Event: 509.092 Executing VM operation: ChangeSingleStep
Event: 509.092 Executing VM operation: ChangeSingleStep done

Memory protections (0 events):
No events

Nmethod flushes (20 events):
Event: 72.679 Thread 0x000002f3fe68bde0 flushing  nmethod 0x000002f3fa815d90
Event: 72.679 Thread 0x000002f3fe68bde0 flushing  nmethod 0x000002f3fa91cd10
Event: 72.679 Thread 0x000002f3fe68bde0 flushing  nmethod 0x000002f3fa4a8890
Event: 72.679 Thread 0x000002f3fe68bde0 flushing  nmethod 0x000002f3fa5c9810
Event: 72.679 Thread 0x000002f3fe68bde0 flushing  nmethod 0x000002f3faa97810
Event: 72.679 Thread 0x000002f3fe68bde0 flushing  nmethod 0x000002f3fa7a1110
Event: 72.679 Thread 0x000002f3fe68bde0 flushing  nmethod 0x000002f3fa822690
Event: 72.679 Thread 0x000002f3fe68bde0 flushing  nmethod 0x000002f3faa8f090
Event: 72.679 Thread 0x000002f3fe68bde0 flushing  nmethod 0x000002f3fa39b990
Event: 72.679 Thread 0x000002f3fe68bde0 flushing  nmethod 0x000002f3fa43cc90
Event: 72.679 Thread 0x000002f3fe68bde0 flushing  nmethod 0x000002f3fa7fa310
Event: 72.679 Thread 0x000002f3fe68bde0 flushing  nmethod 0x000002f3fa883090
Event: 72.679 Thread 0x000002f3fe68bde0 flushing  nmethod 0x000002f3fa887810
Event: 72.679 Thread 0x000002f3fe68bde0 flushing  nmethod 0x000002f3fa8ce210
Event: 72.679 Thread 0x000002f3fe68bde0 flushing  nmethod 0x000002f3fa8d4790
Event: 72.679 Thread 0x000002f3fe68bde0 flushing  nmethod 0x000002f3faa6a590
Event: 72.679 Thread 0x000002f3fe68bde0 flushing  nmethod 0x000002f3fa7efb90
Event: 72.679 Thread 0x000002f3fe68bde0 flushing  nmethod 0x000002f3fa985110
Event: 72.679 Thread 0x000002f3fe68bde0 flushing  nmethod 0x000002f3fa985490
Event: 72.679 Thread 0x000002f3fe68bde0 flushing  nmethod 0x000002f3faa9e910

Events (20 events):
Event: 69.204 Thread 0x000002f3cecce890 Thread exited: 0x000002f3cecce890
Event: 69.613 Thread 0x000002f3cef517a0 Thread exited: 0x000002f3cef517a0
Event: 72.118 Thread 0x000002f3cb0186c0 Thread added: 0x000002f3cef50330
Event: 72.160 Thread 0x000002f3cef50330 Thread added: 0x000002f3cef52540
Event: 72.160 Thread 0x000002f3cef50330 Thread added: 0x000002f3cef4fc60
Event: 74.624 Thread 0x000002f3cef4fc60 Thread exited: 0x000002f3cef4fc60
Event: 77.898 Thread 0x000002f3cef50330 Thread exited: 0x000002f3cef50330
Event: 77.898 Thread 0x000002f3cef52540 Thread exited: 0x000002f3cef52540
Event: 91.730 Thread 0x000002f3ceccb410 Thread exited: 0x000002f3ceccb410
Event: 91.730 Thread 0x000002f3ceccd4e0 Thread exited: 0x000002f3ceccd4e0
Event: 91.730 Thread 0x000002f3ceccc130 Thread exited: 0x000002f3ceccc130
Event: 91.730 Thread 0x000002f3cc10e150 Thread exited: 0x000002f3cc10e150
Event: 91.746 Thread 0x000002f3ceccdb70 Thread exited: 0x000002f3ceccdb70
Event: 91.746 Thread 0x000002f3ceccad80 Thread exited: 0x000002f3ceccad80
Event: 91.746 Thread 0x000002f3cecce200 Thread exited: 0x000002f3cecce200
Event: 106.424 Thread 0x000002f3cb0186c0 Thread added: 0x000002f3cef50a00
Event: 107.152 Thread 0x000002f3cecafa70 Thread added: 0x000002f3ceccc7c0
Event: 107.178 Thread 0x000002f3cecafa70 Thread added: 0x000002f3ceccd4e0
Event: 112.347 Thread 0x000002f3cef50a00 Thread exited: 0x000002f3cef50a00
Event: 177.185 Thread 0x000002f3ceccd4e0 Thread exited: 0x000002f3ceccd4e0


Dynamic libraries:
0x00007ff780010000 - 0x00007ff78001e000 	E:\sts-4.32.0.RELEASE\plugins\org.eclipse.justj.openjdk.hotspot.jre.full.win32.x86_64_21.0.8.v20250724-1412\jre\bin\javaw.exe
0x00007ff9ff540000 - 0x00007ff9ff7a8000 	C:\WINDOWS\SYSTEM32\ntdll.dll
0x00007ff9fd8c0000 - 0x00007ff9fd989000 	C:\WINDOWS\System32\KERNEL32.DLL
0x00007ff9fc6d0000 - 0x00007ff9fcac2000 	C:\WINDOWS\System32\KERNELBASE.dll
0x00007ff9fcc40000 - 0x00007ff9fcd8b000 	C:\WINDOWS\System32\ucrtbase.dll
0x00007ff9df320000 - 0x00007ff9df33e000 	E:\sts-4.32.0.RELEASE\plugins\org.eclipse.justj.openjdk.hotspot.jre.full.win32.x86_64_21.0.8.v20250724-1412\jre\bin\VCRUNTIME140.dll
0x00007ff9f3ee0000 - 0x00007ff9f3ef8000 	E:\sts-4.32.0.RELEASE\plugins\org.eclipse.justj.openjdk.hotspot.jre.full.win32.x86_64_21.0.8.v20250724-1412\jre\bin\jli.dll
0x00007ff9ff330000 - 0x00007ff9ff4f5000 	C:\WINDOWS\System32\USER32.dll
0x00007ff9fcec0000 - 0x00007ff9fcee7000 	C:\WINDOWS\System32\win32u.dll
0x00007ff9fd7e0000 - 0x00007ff9fd80b000 	C:\WINDOWS\System32\GDI32.dll
0x00007ff9ded60000 - 0x00007ff9deff3000 	C:\WINDOWS\WinSxS\amd64_microsoft.windows.common-controls_6595b64144ccf1df_6.0.26100.6899_none_3e0efeeae32e88c1\COMCTL32.dll
0x00007ff9fcd90000 - 0x00007ff9fcebd000 	C:\WINDOWS\System32\gdi32full.dll
0x00007ff9fd810000 - 0x00007ff9fd8b9000 	C:\WINDOWS\System32\msvcrt.dll
0x00007ff9fd260000 - 0x00007ff9fd303000 	C:\WINDOWS\System32\msvcp_win.dll
0x00007ff9fec80000 - 0x00007ff9fecaf000 	C:\WINDOWS\System32\IMM32.DLL
0x00007ff9e23b0000 - 0x00007ff9e23bc000 	E:\sts-4.32.0.RELEASE\plugins\org.eclipse.justj.openjdk.hotspot.jre.full.win32.x86_64_21.0.8.v20250724-1412\jre\bin\vcruntime140_1.dll
0x00007ff98ba70000 - 0x00007ff98bafd000 	E:\sts-4.32.0.RELEASE\plugins\org.eclipse.justj.openjdk.hotspot.jre.full.win32.x86_64_21.0.8.v20250724-1412\jre\bin\msvcp140.dll
0x00007ff925520000 - 0x00007ff9262b7000 	E:\sts-4.32.0.RELEASE\plugins\org.eclipse.justj.openjdk.hotspot.jre.full.win32.x86_64_21.0.8.v20250724-1412\jre\bin\server\jvm.dll
0x00007ff9feb20000 - 0x00007ff9febd4000 	C:\WINDOWS\System32\ADVAPI32.dll
0x00007ff9fe9e0000 - 0x00007ff9fea86000 	C:\WINDOWS\System32\sechost.dll
0x00007ff9fd6c0000 - 0x00007ff9fd7d8000 	C:\WINDOWS\System32\RPCRT4.dll
0x00007ff9fecc0000 - 0x00007ff9fed34000 	C:\WINDOWS\System32\WS2_32.dll
0x00007ff9fc530000 - 0x00007ff9fc58e000 	C:\WINDOWS\SYSTEM32\POWRPROF.dll
0x00007ff9df560000 - 0x00007ff9df56b000 	C:\WINDOWS\SYSTEM32\VERSION.dll
0x00007ff9f7040000 - 0x00007ff9f7075000 	C:\WINDOWS\SYSTEM32\WINMM.dll
0x00007ff9fc510000 - 0x00007ff9fc524000 	C:\WINDOWS\SYSTEM32\UMPDC.dll
0x00007ff9fb4a0000 - 0x00007ff9fb4bb000 	C:\WINDOWS\SYSTEM32\kernel.appcore.dll
0x00007ff9f3fd0000 - 0x00007ff9f3fda000 	E:\sts-4.32.0.RELEASE\plugins\org.eclipse.justj.openjdk.hotspot.jre.full.win32.x86_64_21.0.8.v20250724-1412\jre\bin\jimage.dll
0x00007ff9f9e00000 - 0x00007ff9fa042000 	C:\WINDOWS\SYSTEM32\DBGHELP.DLL
0x00007ff9fd990000 - 0x00007ff9fdd0b000 	C:\WINDOWS\System32\combase.dll
0x00007ff9fdf40000 - 0x00007ff9fe017000 	C:\WINDOWS\System32\OLEAUT32.dll
0x00007ff9f7000000 - 0x00007ff9f703c000 	C:\WINDOWS\SYSTEM32\dbgcore.DLL
0x00007ff9fd040000 - 0x00007ff9fd0d8000 	C:\WINDOWS\System32\bcryptPrimitives.dll
0x00007ff9c14d0000 - 0x00007ff9c150c000 	E:\sts-4.32.0.RELEASE\plugins\org.eclipse.justj.openjdk.hotspot.jre.full.win32.x86_64_21.0.8.v20250724-1412\jre\bin\jdwp.dll
0x00007ff9f3f30000 - 0x00007ff9f3f3f000 	E:\sts-4.32.0.RELEASE\plugins\org.eclipse.justj.openjdk.hotspot.jre.full.win32.x86_64_21.0.8.v20250724-1412\jre\bin\instrument.dll
0x00007ff9e2400000 - 0x00007ff9e241f000 	E:\sts-4.32.0.RELEASE\plugins\org.eclipse.justj.openjdk.hotspot.jre.full.win32.x86_64_21.0.8.v20250724-1412\jre\bin\java.dll
0x00007ff9fe0a0000 - 0x00007ff9fe7ed000 	C:\WINDOWS\System32\SHELL32.dll
0x00007ff9fcad0000 - 0x00007ff9fcc3b000 	C:\WINDOWS\System32\wintypes.dll
0x00007ff9fa320000 - 0x00007ff9fab7d000 	C:\WINDOWS\SYSTEM32\windows.storage.dll
0x00007ff9fd520000 - 0x00007ff9fd612000 	C:\WINDOWS\System32\SHCORE.dll
0x00007ff9fdd10000 - 0x00007ff9fdd72000 	C:\WINDOWS\System32\shlwapi.dll
0x00007ff9fc5f0000 - 0x00007ff9fc619000 	C:\WINDOWS\SYSTEM32\profapi.dll
0x00007ff9e23e0000 - 0x00007ff9e23f8000 	E:\sts-4.32.0.RELEASE\plugins\org.eclipse.justj.openjdk.hotspot.jre.full.win32.x86_64_21.0.8.v20250724-1412\jre\bin\zip.dll
0x00007ff9f3f80000 - 0x00007ff9f3f8b000 	E:\sts-4.32.0.RELEASE\plugins\org.eclipse.justj.openjdk.hotspot.jre.full.win32.x86_64_21.0.8.v20250724-1412\jre\bin\dt_socket.dll
0x00007ff9faff0000 - 0x00007ff9fb024000 	C:\WINDOWS\SYSTEM32\IPHLPAPI.DLL
0x00007ff9fba10000 - 0x00007ff9fba7b000 	C:\WINDOWS\system32\mswsock.dll
0x00007ff9fb030000 - 0x00007ff9fb156000 	C:\WINDOWS\SYSTEM32\DNSAPI.dll
0x00007ff9fd510000 - 0x00007ff9fd51a000 	C:\WINDOWS\System32\NSI.dll
0x00007ff9e9fb0000 - 0x00007ff9e9fbb000 	C:\Windows\System32\rasadhlp.dll
0x00007ff9f31c0000 - 0x00007ff9f3246000 	C:\WINDOWS\System32\fwpuclnt.dll
0x00007ff9f3f20000 - 0x00007ff9f3f30000 	E:\sts-4.32.0.RELEASE\plugins\org.eclipse.justj.openjdk.hotspot.jre.full.win32.x86_64_21.0.8.v20250724-1412\jre\bin\net.dll
0x00007ff9f2090000 - 0x00007ff9f21af000 	C:\WINDOWS\SYSTEM32\WINHTTP.dll
0x00007ff9e23c0000 - 0x00007ff9e23d6000 	E:\sts-4.32.0.RELEASE\plugins\org.eclipse.justj.openjdk.hotspot.jre.full.win32.x86_64_21.0.8.v20250724-1412\jre\bin\nio.dll
0x00007ff9df470000 - 0x00007ff9df47a000 	E:\sts-4.32.0.RELEASE\plugins\org.eclipse.justj.openjdk.hotspot.jre.full.win32.x86_64_21.0.8.v20250724-1412\jre\bin\management.dll
0x00007ff9df370000 - 0x00007ff9df37b000 	E:\sts-4.32.0.RELEASE\plugins\org.eclipse.justj.openjdk.hotspot.jre.full.win32.x86_64_21.0.8.v20250724-1412\jre\bin\management_ext.dll
0x00007ff9febe0000 - 0x00007ff9febe8000 	C:\WINDOWS\System32\PSAPI.DLL
0x00007ff9c9510000 - 0x00007ff9c9528000 	C:\WINDOWS\system32\napinsp.dll
0x00007ff9c94b0000 - 0x00007ff9c94c2000 	C:\WINDOWS\System32\winrnr.dll
0x00007ff9c9480000 - 0x00007ff9c94a8000 	C:\WINDOWS\system32\nlansp_c.dll
0x00007ff9e9bf0000 - 0x00007ff9e9c06000 	C:\WINDOWS\system32\wshbth.dll
0x00007ff9fbcc0000 - 0x00007ff9fbcdb000 	C:\WINDOWS\SYSTEM32\CRYPTSP.dll
0x00007ff9fb400000 - 0x00007ff9fb43b000 	C:\WINDOWS\system32\rsaenh.dll
0x00007ff9fbab0000 - 0x00007ff9fbadb000 	C:\WINDOWS\SYSTEM32\USERENV.dll
0x00007ff9fc5c0000 - 0x00007ff9fc5e6000 	C:\WINDOWS\SYSTEM32\bcrypt.dll
0x00007ff9fbce0000 - 0x00007ff9fbcec000 	C:\WINDOWS\SYSTEM32\CRYPTBASE.dll
0x00007ff9e2380000 - 0x00007ff9e2389000 	E:\sts-4.32.0.RELEASE\plugins\org.eclipse.justj.openjdk.hotspot.jre.full.win32.x86_64_21.0.8.v20250724-1412\jre\bin\extnet.dll
0x00007ff9f3ed0000 - 0x00007ff9f3ee0000 	E:\sts-4.32.0.RELEASE\plugins\org.eclipse.justj.openjdk.hotspot.jre.full.win32.x86_64_21.0.8.v20250724-1412\jre\bin\verify.dll
0x00007ff9e7c00000 - 0x00007ff9e7c0e000 	E:\sts-4.32.0.RELEASE\plugins\org.eclipse.justj.openjdk.hotspot.jre.full.win32.x86_64_21.0.8.v20250724-1412\jre\bin\sunmscapi.dll
0x00007ff9fd0e0000 - 0x00007ff9fd257000 	C:\WINDOWS\System32\CRYPT32.dll
0x00007ff9fbee0000 - 0x00007ff9fbf10000 	C:\WINDOWS\SYSTEM32\ncrypt.dll
0x00007ff9fbe90000 - 0x00007ff9fbecf000 	C:\WINDOWS\SYSTEM32\NTASN1.dll
0x00007ff9c2590000 - 0x00007ff9c2598000 	C:\WINDOWS\system32\wshunix.dll

JVMTI agents:
jdwp path:E:\sts-4.32.0.RELEASE\plugins\org.eclipse.justj.openjdk.hotspot.jre.full.win32.x86_64_21.0.8.v20250724-1412\jre\bin\jdwp.dll, loaded, initialized, options:transport=dt_socket,suspend=y,address=localhost:56138
E:\sts-4.32.0.RELEASE\configuration\org.eclipse.osgi\272\0\.cp\lib\javaagent-shaded.jar path:E:\sts-4.32.0.RELEASE\plugins\org.eclipse.justj.openjdk.hotspot.jre.full.win32.x86_64_21.0.8.v20250724-1412\jre\bin\instrument.dll, loaded, initialized, instrumentlib options:none

dbghelp: loaded successfully - version: 4.0.5 - missing functions: none
symbol engine: initialized successfully - sym options: 0x614 - pdb path: .;E:\sts-4.32.0.RELEASE\plugins\org.eclipse.justj.openjdk.hotspot.jre.full.win32.x86_64_21.0.8.v20250724-1412\jre\bin;C:\WINDOWS\SYSTEM32;C:\WINDOWS\WinSxS\amd64_microsoft.windows.common-controls_6595b64144ccf1df_6.0.26100.6899_none_3e0efeeae32e88c1;E:\sts-4.32.0.RELEASE\plugins\org.eclipse.justj.openjdk.hotspot.jre.full.win32.x86_64_21.0.8.v20250724-1412\jre\bin\server

VM Arguments:
jvm_args: -XX:+ShowCodeDetailsInExceptionMessages -agentlib:jdwp=transport=dt_socket,suspend=y,address=localhost:56138 -Dcom.sun.management.jmxremote -Dcom.sun.management.jmxremote.port=56137 -Dcom.sun.management.jmxremote.authenticate=false -Dcom.sun.management.jmxremote.ssl=false -Djava.rmi.server.hostname=localhost -Dspring.jmx.enabled=true -Dmanagement.endpoints.jmx.exposure.include=* -Dspring.application.admin.enabled=true -Dspring.output.ansi.enabled=always -XX:TieredStopAtLevel=1 -Dspring.boot.project.name=bhu-backend -javaagent:E:\sts-4.32.0.RELEASE\configuration\org.eclipse.osgi\272\0\.cp\lib\javaagent-shaded.jar -Dfile.encoding=UTF-8 -Dstdout.encoding=UTF-8 -Dstderr.encoding=UTF-8 
java_command: com.prafful.springjwt.SpringBootSecurityJwtApplication
java_class_path (initial): E:\delivery-app\bhu-backend\target\classes;C:\Users\pa688\.m2\repository\org\springframework\boot\spring-boot-starter-data-jpa\3.1.0\spring-boot-starter-data-jpa-3.1.0.jar;C:\Users\pa688\.m2\repository\org\springframework\boot\spring-boot-starter-aop\3.1.0\spring-boot-starter-aop-3.1.0.jar;C:\Users\pa688\.m2\repository\org\aspectj\aspectjweaver\1.9.19\aspectjweaver-1.9.19.jar;C:\Users\pa688\.m2\repository\org\springframework\boot\spring-boot-starter-jdbc\3.1.0\spring-boot-starter-jdbc-3.1.0.jar;C:\Users\pa688\.m2\repository\com\zaxxer\HikariCP\5.0.1\HikariCP-5.0.1.jar;C:\Users\pa688\.m2\repository\org\springframework\spring-jdbc\6.0.9\spring-jdbc-6.0.9.jar;C:\Users\pa688\.m2\repository\org\hibernate\orm\hibernate-core\6.2.2.Final\hibernate-core-6.2.2.Final.jar;C:\Users\pa688\.m2\repository\jakarta\persistence\jakarta.persistence-api\3.1.0\jakarta.persistence-api-3.1.0.jar;C:\Users\pa688\.m2\repository\jakarta\transaction\jakarta.transaction-api\2.0.1\jakarta.transaction-api-2.0.1.jar;C:\Users\pa688\.m2\repository\org\jboss\logging\jboss-logging\3.5.0.Final\jboss-logging-3.5.0.Final.jar;C:\Users\pa688\.m2\repository\org\hibernate\common\hibernate-commons-annotations\6.0.6.Final\hibernate-commons-annotations-6.0.6.Final.jar;C:\Users\pa688\.m2\repository\io\smallrye\jandex\3.0.5\jandex-3.0.5.jar;C:\Users\pa688\.m2\repository\com\fasterxml\classmate\1.5.1\classmate-1.5.1.jar;C:\Users\pa688\.m2\repository\net\bytebuddy\byte-buddy\1.14.4\byte-buddy-1.14.4.jar;C:\Users\pa688\.m2\repository\org\glassfish\jaxb\jaxb-runtime\4.0.2\jaxb-runtime-4.0.2.jar;C:\Users\pa688\.m2\repository\org\glassfish\jaxb\jaxb-core\4.0.2\jaxb-core-4.0.2.jar;C:\Users\pa688\.m2\repository\org\eclipse\angus\angus-activation\2.0.0\angus-activation-2.0.0.jar;C:\Users\pa688\.m2\repository\org\glassfish\jaxb\txw2\4.0.2\txw2-4.0.2.jar;C:\Users\pa688\.m2\repository\com\sun\istack\istack-commons-runtime\4.1.1\istack-commons-runtime-4.1.1.jar;C:\Users\pa688\.m2\repository\jakarta\inject\jakarta.inject-api\2.0.1\jakarta.inject-api-2.0.1.jar;C:\Users\pa688\.m2\repository\org\antlr\antlr4-runtime\4.10.1\antlr4-runtime-4.10.1.jar;C:\Users\pa688\.m2\repository\org\springframework\data\spring-data-jpa\3.1.0\spring-data-jpa-3.1.0.jar;C:\Users\pa688\.m2\repository\org\springframework\data\spring-data-commons\3.1.0\spring-data-commons-3.1.0.jar;C:\Users\pa688\.m2\repository\org\springframework\spring-orm\6.0.9\spring-orm-6.0.9.jar;C:\Users\pa688\.m2\repository\org\springframework\spring-context\6.0.9\spring-context-6.0.9.jar;C:\Users\pa688\.m2\repository\org\springframework\spring-tx\6.0.9\spring-tx-6.0.9.jar;C:\Users\pa688\.m2\repository\org\springframework\spring-beans\6.0.9\spring-beans-6.0.9.jar;C:\Users\pa688\.m2\repository\jakarta\annotation\jakarta.annotation-api\2.1.1\jakarta.annotation-api-2.1.1.jar;C:\Users\pa688\.m2\repository\org\springframework\spring-aspects\6.0.9\spring-aspects-6.0.9.jar;C:\Users\pa688\.m2\repository\com\sun\mail\javax.mail\1.6.2\javax.mail-1.6.2.jar;C:\Users\pa688\.m2\repository\javax\activation\activation\1.1\activation-1.1.jar;C:\Users\pa688\.m2\repository\org\springframework\boot\spring-boot-starter-security\3.1.0\spring-boot-starter-security-3.1.0.jar;C:\Users\pa688\.m2\repository\org\springframework\boot\spring-boot-starter\3.1.0\spring-boot-starter-3.1.0.jar;C:\Users\pa688\.m2\repository\org\springframework\boot\spring-boot\3.1.0\spring-boot-3.1.0.jar;C:\Users\pa688\.m2\repository\org\springframework\boot\spring-boot-autoconfigure\3.1.0\spring-boot-autoconfigure-3.1.0.jar;C:\Users\pa688\.m2\repository\org\springframework\boot\spring-boot-starter-logging\3.1.0\spring-boot-starter-logging-3.1.0.jar;C:\Users\pa688\.m2\repository\ch\qos\logback\logback-classic\1.4.7\logback-classic-1.4.7.jar;C:\Users\pa688\.m2\repository\ch\qos\logback\logback-core\1.4.7\logback-core-1.4.7.jar;C:\Users\pa688\.m2\repository\org\apache\logging\log4j\log4j-to-slf4j\2.20.0\log4j-to-slf4j-2.20.0.jar;C:\Users\pa688\.m2\repository\org\apache\logging\log4j\log4j-api\2.20.0\log4j-api-2.20.0.jar;C:\Users\pa688\.m2\repository\org\slf4j\jul-to-slf4j\2.0.7\jul-to-slf4j-2.0.7.jar;C:\Users\pa688\.m2\repository\org\yaml\snakeyaml\1.33\snakeyaml-1.33.jar;C:\Users\pa688\.m2\repository\org\springframework\spring-aop\6.0.9\spring-aop-6.0.9.jar;C:\Users\pa688\.m2\repository\org\springframework\security\spring-security-config\6.1.0\spring-security-config-6.1.0.jar;C:\Users\pa688\.m2\repository\org\springframework\security\spring-security-web\6.1.0\spring-security-web-6.1.0.jar;C:\Users\pa688\.m2\repository\org\springframework\spring-expression\6.0.9\spring-expression-6.0.9.jar;C:\Users\pa688\.m2\repository\org\springframework\boot\spring-boot-starter-validation\3.1.0\spring-boot-starter-validation-3.1.0.jar;C:\Users\pa688\.m2\repository\org\apache\tomcat\embed\tomcat-embed-el\10.1.8\tomcat-embed-el-10.1.8.jar;C:\Users\pa688\.m2\repository\org\hibernate\validator\hibernate-validator\8.0.0.Final\hibernate-validator-8.0.0.Final.jar;C:\Users\pa688\.m2\repository\jakarta\validation\jakarta.validation-api\3.0.2\jakarta.validation-api-3.0.2.jar;C:\Users\pa688\.m2\repository\org\springframework\boot\spring-boot-starter-web\3.1.0\spring-boot-starter-web-3.1.0.jar;C:\Users\pa688\.m2\repository\org\springframework\boot\spring-boot-starter-json\3.1.0\spring-boot-starter-json-3.1.0.jar;C:\Users\pa688\.m2\repository\com\fasterxml\jackson\datatype\jackson-datatype-jdk8\2.15.0\jackson-datatype-jdk8-2.15.0.jar;C:\Users\pa688\.m2\repository\com\fasterxml\jackson\datatype\jackson-datatype-jsr310\2.15.0\jackson-datatype-jsr310-2.15.0.jar;C:\Users\pa688\.m2\repository\com\fasterxml\jackson\module\jackson-module-parameter-names\2.15.0\jackson-module-parameter-names-2.15.0.jar;C:\Users\pa688\.m2\repository\org\springframework\boot\spring-boot-starter-tomcat\3.1.0\spring-boot-starter-tomcat-3.1.0.jar;C:\Users\pa688\.m2\repository\org\apache\tomcat\embed\tomcat-embed-core\10.1.8\tomcat-embed-core-10.1.8.jar;C:\Users\pa688\.m2\repository\org\apache\tomcat\embed\tomcat-embed-websocket\10.1.8\tomcat-embed-websocket-10.1.8.jar;C:\Users\pa688\.m2\repository\org\springframework\spring-web\6.0.9\spring-web-6.0.9.jar;C:\Users\pa688\.m2\repository\io\micrometer\micrometer-observation\1.11.0\micrometer-observation-1.11.0.jar;C:\Users\pa688\.m2\repository\io\micrometer\micrometer-commons\1.11.0\micrometer-commons-1.11.0.jar;C:\Users\pa688\.m2\repository\org\springframework\spring-webmvc\6.0.9\spring-webmvc-6.0.9.jar;C:\Users\pa688\.m2\repository\com\mysql\mysql-connector-j\8.0.33\mysql-connector-j-8.0.33.jar;C:\Users\pa688\.m2\repository\io\jsonwebtoken\jjwt-api\0.11.5\jjwt-api-0.11.5.jar;C:\Users\pa688\.m2\repository\io\jsonwebtoken\jjwt-impl\0.11.5\jjwt-impl-0.11.5.jar;C:\Users\pa688\.m2\repository\io\jsonwebtoken\jjwt-jackson\0.11.5\jjwt-jackson-0.11.5.jar;C:\Users\pa688\.m2\repository\com\fasterxml\jackson\core\jackson-databind\2.15.0\jackson-databind-2.15.0.jar;C:\Users\pa688\.m2\repository\com\fasterxml\jackson\core\jackson-annotations\2.15.0\jackson-annotations-2.15.0.jar;C:\Users\pa688\.m2\repository\com\fasterxml\jackson\core\jackson-core\2.15.0\jackson-core-2.15.0.jar;C:\Users\pa688\.m2\repository\jakarta\xml\bind\jakarta.xml.bind-api\4.0.0\jakarta.xml.bind-api-4.0.0.jar;C:\Users\pa688\.m2\repository\jakarta\activation\jakarta.activation-api\2.1.2\jakarta.activation-api-2.1.2.jar;C:\Users\pa688\.m2\repository\org\springframework\spring-core\6.0.9\spring-core-6.0.9.jar;C:\Users\pa688\.m2\repository\org\springframework\security\spring-security-core\6.1.0\spring-security-core-6.1.0.jar;C:\Users\pa688\.m2\repository\org\springframework\security\spring-security-crypto\6.1.0\spring-security-crypto-6.1.0.jar;C:\Users\pa688\.m2\repository\org\springframework\boot\spring-boot-starter-webflux\3.1.0\spring-boot-starter-webflux-3.1.0.jar;C:\Users\pa688\.m2\repository\org\springframework\boot\spring-boot-starter-reactor-netty\3.1.0\spring-boot-starter-reactor-netty-3.1.0.jar;C:\Users\pa688\.m2\repository\io\projectreactor\netty\reactor-netty-http\1.1.7\reactor-netty-http-1.1.7.jar;C:\Users\pa688\.m2\repository\io\netty\netty-codec-http\4.1.92.Final\netty-codec-http-4.1.92.Final.jar;C:\Users\pa688\.m2\repository\io\netty\netty-common\4.1.92.Final\netty-common-4.1.92.Final.jar;C:\Users\pa688\.m2\repository\io\netty\netty-buffer\4.1.92.Final\netty-buffer-4.1.92.Final.jar;C:\Users\pa688\.m2\repository\io\netty\netty-transport\4.1.92.Final\netty-transport-4.1.92.Final.jar;C:\Users\pa688\.m2\repository\io\netty\netty-codec\4.1.92.Final\netty-codec-4.1.92.Final.jar;C:\Users\pa688\.m2\repository\io\netty\netty-handler\4.1.92.Final\netty-handler-4.1.92.Final.jar;C:\Users\pa688\.m2\repository\io\netty\netty-codec-http2\4.1.92.Final\netty-codec-http2-4.1.92.Final.jar;C:\Users\pa688\.m2\repository\io\netty\netty-resolver-dns\4.1.92.Final\netty-resolver-dns-4.1.92.Final.jar;C:\Users\pa688\.m2\repository\io\netty\netty-resolver\4.1.92.Final\netty-resolver-4.1.92.Final.jar;C:\Users\pa688\.m2\repository\io\netty\netty-codec-dns\4.1.92.Final\netty-codec-dns-4.1.92.Final.jar;C:\Users\pa688\.m2\repository\io\netty\netty-resolver-dns-native-macos\4.1.92.Final\netty-resolver-dns-native-macos-4.1.92.Final-osx-x86_64.jar;C:\Users\pa688\.m2\repository\io\netty\netty-resolver-dns-classes-macos\4.1.92.Final\netty-resolver-dns-classes-macos-4.1.92.Final.jar;C:\Users\pa688\.m2\repository\io\netty\netty-transport-native-epoll\4.1.92.Final\netty-transport-native-epoll-4.1.92.Final-linux-x86_64.jar;C:\Users\pa688\.m2\repository\io\netty\netty-transport-native-unix-common\4.1.92.Final\netty-transport-native-unix-common-4.1.92.Final.jar;C:\Users\pa688\.m2\repository\io\netty\netty-transport-classes-epoll\4.1.92.Final\netty-transport-classes-epoll-4.1.92.Final.jar;C:\Users\pa688\.m2\repository\io\projectreactor\netty\reactor-netty-core\1.1.7\reactor-netty-core-1.1.7.jar;C:\Users\pa688\.m2\repository\io\netty\netty-handler-proxy\4.1.92.Final\netty-handler-proxy-4.1.92.Final.jar;C:\Users\pa688\.m2\repository\io\netty\netty-codec-socks\4.1.92.Final\netty-codec-socks-4.1.92.Final.jar;C:\Users\pa688\.m2\repository\org\springframework\spring-webflux\6.0.9\spring-webflux-6.0.9.jar;C:\Users\pa688\.m2\repository\org\springframework\session\spring-session-core\3.1.0\spring-session-core-3.1.0.jar;C:\Users\pa688\.m2\repository\org\springframework\spring-jcl\6.0.9\spring-jcl-6.0.9.jar;C:\Users\pa688\.m2\repository\io\projectreactor\reactor-core\3.5.6\reactor-core-3.5.6.jar;C:\Users\pa688\.m2\repository\org\reactivestreams\reactive-streams\1.0.4\reactive-streams-1.0.4.jar;C:\Users\pa688\.m2\repository\org\jsoup\jsoup\1.20.1\jsoup-1.20.1.jar;C:\Users\pa688\.m2\repository\com\vladsch\flexmark\flexmark-all\0.64.8\flexmark-all-0.64.8.jar;C:\Users\pa688\.m2\repository\com\vladsch\flexmark\flexmark\0.64.8\flexmark-0.64.8.jar;C:\Users\pa688\.m2\repository\com\vladsch\flexmark\flexmark-ext-abbreviation\0.64.8\flexmark-ext-abbreviation-0.64.8.jar;C:\Users\pa688\.m2\repository\com\vladsch\flexmark\flexmark-util\0.64.8\flexmark-util-0.64.8.jar;C:\Users\pa688\.m2\repository\com\vladsch\flexmark\flexmark-ext-admonition\0.64.8\flexmark-ext-admonition-0.64.8.jar;C:\Users\pa688\.m2\repository\com\vladsch\flexmark\flexmark-ext-anchorlink\0.64.8\flexmark-ext-anchorlink-0.64.8.jar;C:\Users\pa688\.m2\repository\com\vladsch\flexmark\flexmark-ext-aside\0.64.8\flexmark-ext-aside-0.64.8.jar;C:\Users\pa688\.m2\repository\com\vladsch\flexmark\flexmark-ext-attributes\0.64.8\flexmark-ext-attributes-0.64.8.jar;C:\Users\pa688\.m2\repository\com\vladsch\flexmark\flexmark-ext-autolink\0.64.8\flexmark-ext-autolink-0.64.8.jar;C:\Users\pa688\.m2\repository\org\nibor\autolink\autolink\0.6.0\autolink-0.6.0.jar;C:\Users\pa688\.m2\repository\com\vladsch\flexmark\flexmark-ext-definition\0.64.8\flexmark-ext-definition-0.64.8.jar;C:\Users\pa688\.m2\repository\com\vladsch\flexmark\flexmark-ext-emoji\0.64.8\flexmark-ext-emoji-0.64.8.jar;C:\Users\pa688\.m2\repository\com\vladsch\flexmark\flexmark-ext-enumerated-reference\0.64.8\flexmark-ext-enumerated-reference-0.64.8.jar;C:\Users\pa688\.m2\repository\com\vladsch\flexmark\flexmark-ext-escaped-character\0.64.8\flexmark-ext-escaped-character-0.64.8.jar;C:\Users\pa688\.m2\repository\com\vladsch\flexmark\flexmark-ext-footnotes\0.64.8\flexmark-ext-footnotes-0.64.8.jar;C:\Users\pa688\.m2\repository\com\vladsch\flexmark\flexmark-ext-gfm-issues\0.64.8\flexmark-ext-gfm-issues-0.64.8.jar;C:\Users\pa688\.m2\repository\com\vladsch\flexmark\flexmark-ext-gfm-strikethrough\0.64.8\flexmark-ext-gfm-strikethrough-0.64.8.jar;C:\Users\pa688\.m2\repository\com\vladsch\flexmark\flexmark-ext-gfm-tasklist\0.64.8\flexmark-ext-gfm-tasklist-0.64.8.jar;C:\Users\pa688\.m2\repository\com\vladsch\flexmark\flexmark-ext-gfm-users\0.64.8\flexmark-ext-gfm-users-0.64.8.jar;C:\Users\pa688\.m2\repository\com\vladsch\flexmark\flexmark-ext-gitlab\0.64.8\flexmark-ext-gitlab-0.64.8.jar;C:\Users\pa688\.m2\repository\com\vladsch\flexmark\flexmark-ext-jekyll-front-matter\0.64.8\flexmark-ext-jekyll-front-matter-0.64.8.jar;C:\Users\pa688\.m2\repository\com\vladsch\flexmark\flexmark-ext-jekyll-tag\0.64.8\flexmark-ext-jekyll-tag-0.64.8.jar;C:\Users\pa688\.m2\repository\com\vladsch\flexmark\flexmark-ext-media-tags\0.64.8\flexmark-ext-media-tags-0.64.8.jar;C:\Users\pa688\.m2\repository\com\vladsch\flexmark\flexmark-ext-resizable-image\0.64.8\flexmark-ext-resizable-image-0.64.8.jar;C:\Users\pa688\.m2\repository\com\vladsch\flexmark\flexmark-ext-macros\0.64.8\flexmark-ext-macros-0.64.8.jar;C:\Users\pa688\.m2\repository\com\vladsch\flexmark\flexmark-ext-ins\0.64.8\flexmark-ext-ins-0.64.8.jar;C:\Users\pa688\.m2\repository\com\vladsch\flexmark\flexmark-ext-xwiki-macros\0.64.8\flexmark-ext-xwiki-macros-0.64.8.jar;C:\Users\pa688\.m2\repository\com\vladsch\flexmark\flexmark-ext-superscript\0.64.8\flexmark-ext-superscript-0.64.8.jar;C:\Users\pa688\.m2\repository\com\vladsch\flexmark\flexmark-ext-tables\0.64.8\flexmark-ext-tables-0.64.8.jar;C:\Users\pa688\.m2\repository\com\vladsch\flexmark\flexmark-ext-toc\0.64.8\flexmark-ext-toc-0.64.8.jar;C:\Users\pa688\.m2\repository\com\vladsch\flexmark\flexmark-ext-typographic\0.64.8\flexmark-ext-typographic-0.64.8.jar;C:\Users\pa688\.m2\repository\com\vladsch\flexmark\flexmark-ext-wikilink\0.64.8\flexmark-ext-wikilink-0.64.8.jar;C:\Users\pa688\.m2\repository\com\vladsch\flexmark\flexmark-ext-yaml-front-matter\0.64.8\flexmark-ext-yaml-front-matter-0.64.8.jar;C:\Users\pa688\.m2\repository\com\vladsch\flexmark\flexmark-ext-youtube-embedded\0.64.8\flexmark-ext-youtube-embedded-0.64.8.jar;C:\Users\pa688\.m2\repository\com\vladsch\flexmark\flexmark-html2md-converter\0.64.8\flexmark-html2md-converter-0.64.8.jar;C:\Users\pa688\.m2\repository\com\vladsch\flexmark\flexmark-jira-converter\0.64.8\flexmark-jira-converter-0.64.8.jar;C:\Users\pa688\.m2\repository\com\vladsch\flexmark\flexmark-pdf-converter\0.64.8\flexmark-pdf-converter-0.64.8.jar;C:\Users\pa688\.m2\repository\com\ibm\icu\icu4j\72.1\icu4j-72.1.jar;C:\Users\pa688\.m2\repository\com\openhtmltopdf\openhtmltopdf-core\1.0.10\openhtmltopdf-core-1.0.10.jar;C:\Users\pa688\.m2\repository\com\openhtmltopdf\openhtmltopdf-pdfbox\1.0.10\openhtmltopdf-pdfbox-1.0.10.jar;C:\Users\pa688\.m2\repository\org\apache\pdfbox\xmpbox\2.0.24\xmpbox-2.0.24.jar;C:\Users\pa688\.m2\repository\de\rototor\pdfbox\graphics2d\0.32\graphics2d-0.32.jar;C:\Users\pa688\.m2\repository\com\openhtmltopdf\openhtmltopdf-rtl-support\1.0.10\openhtmltopdf-rtl-support-1.0.10.jar;C:\Users\pa688\.m2\repository\com\vladsch\flexmark\flexmark-profile-pegdown\0.64.8\flexmark-profile-pegdown-0.64.8.jar;C:\Users\pa688\.m2\repository\com\vladsch\flexmark\flexmark-util-ast\0.64.8\flexmark-util-ast-0.64.8.jar;C:\Users\pa688\.m2\repository\org\jetbrains\annotations\24.0.1\annotations-24.0.1.jar;C:\Users\pa688\.m2\repository\com\vladsch\flexmark\flexmark-util-builder\0.64.8\flexmark-util-builder-0.64.8.jar;C:\Users\pa688\.m2\repository\com\vladsch\flexmark\flexmark-util-collection\0.64.8\flexmark-util-collection-0.64.8.jar;C:\Users\pa688\.m2\repository\com\vladsch\flexmark\flexmark-util-data\0.64.8\flexmark-util-data-0.64.8.jar;C:\Users\pa688\.m2\repository\com\vladsch\flexmark\flexmark-util-dependency\0.64.8\flexmark-util-dependency-0.64.8.jar;C:\Users\pa688\.m2\repository\com\vladsch\flexmark\flexmark-util-format\0.64.8\flexmark-util-format-0.64.8.jar;C:\Users\pa688\.m2\repository\com\vladsch\flexmark\flexmark-util-html\0.64.8\flexmark-util-html-0.64.8.jar;C:\Users\pa688\.m2\repository\com\vladsch\flexmark\flexmark-util-misc\0.64.8\flexmark-util-misc-0.64.8.jar;C:\Users\pa688\.m2\repository\com\vladsch\flexmark\flexmark-util-options\0.64.8\flexmark-util-options-0.64.8.jar;C:\Users\pa688\.m2\repository\com\vladsch\flexmark\flexmark-util-sequence\0.64.8\flexmark-util-sequence-0.64.8.jar;C:\Users\pa688\.m2\repository\com\vladsch\flexmark\flexmark-util-visitor\0.64.8\flexmark-util-visitor-0.64.8.jar;C:\Users\pa688\.m2\repository\com\vladsch\flexmark\flexmark-youtrack-converter\0.64.8\flexmark-youtrack-converter-0.64.8.jar;C:\Users\pa688\.m2\repository\org\apache\pdfbox\pdfbox-tools\3.0.0\pdfbox-tools-3.0.0.jar;C:\Users\pa688\.m2\repository\org\apache\pdfbox\pdfbox-debugger\3.0.0\pdfbox-debugger-3.0.0.jar;C:\Users\pa688\.m2\repository\commons-io\commons-io\2.13.0\commons-io-2.13.0.jar;C:\Users\pa688\.m2\repository\info\picocli\picocli\4.7.4\picocli-4.7.4.jar;C:\Users\pa688\.m2\repository\net\sf\cssbox\pdf2dom\2.0.1\pdf2dom-2.0.1.jar;C:\Users\pa688\.m2\repository\org\apache\pdfbox\pdfbox\2.0.24\pdfbox-2.0.24.jar;C:\Users\pa688\.m2\repository\org\apache\pdfbox\fontbox\2.0.24\fontbox-2.0.24.jar;C:\Users\pa688\.m2\repository\commons-logging\commons-logging\1.2\commons-logging-1.2.jar;C:\Users\pa688\.m2\repository\net\mabboud\fontverter\FontVerter\1.2.22\FontVerter-1.2.22.jar;C:\Users\pa688\.m2\repository\org\reflections\reflections\0.9.9\reflections-0.9.9.jar;C:\Users\pa688\.m2\repository\com\google\guava\guava\15.0\guava-15.0.jar;C:\Users\pa688\.m2\repository\org\javassist\javassist\3.18.2-GA\javassist-3.18.2-GA.jar;C:\Users\pa688\.m2\repository\com\google\code\findbugs\annotations\2.0.1\annotations-2.0.1.jar;C:\Users\pa688\.m2\repository\org\apache\commons\commons-lang3\3.12.0\commons-lang3-3.12.0.jar;C:\Users\pa688\.m2\repository\org\slf4j\slf4j-api\2.0.7\slf4j-api-2.0.7.jar;C:\Users\pa688\.m2\repository\org\projectlombok\lombok\1.18.30\lombok-1.18.30.jar;C:\Users\pa688\.m2\repository\com\itextpdf\barcodes\8.0.3\barcodes-8.0.3.jar;C:\Users\pa688\.m2\repository\com\itextpdf\font-asian\8.0.3\font-asian-8.0.3.jar;C:\Users\pa688\.m2\repository\com\itextpdf\forms\8.0.3\forms-8.0.3.jar;C:\Users\pa688\.m2\repository\com\itextpdf\hyph\8.0.3\hyph-8.0.3.jar;C:\Users\pa688\.m2\repository\com\itextpdf\io\8.0.3\io-8.0.3.jar;C:\Users\pa688\.m2\repository\com\itextpdf\commons\8.0.3\commons-8.0.3.jar;C:\Users\pa688\.m2\repository\com\itextpdf\kernel\8.0.3\kernel-8.0.3.jar;C:\Users\pa688\.m2\repository\com\itextpdf\layout\8.0.3\layout-8.0.3.jar;C:\Users\pa688\.m2\repository\com\itextpdf\pdfa\8.0.3\pdfa-8.0.3.jar;C:\Users\pa688\.m2\repository\com\itextpdf\sign\8.0.3\sign-8.0.3.jar;C:\Users\pa688\.m2\repository\com\itextpdf\styled-xml-parser\8.0.3\styled-xml-parser-8.0.3.jar;C:\Users\pa688\.m2\repository\com\itextpdf\svg\8.0.3\svg-8.0.3.jar;C:\Users\pa688\.m2\repository\com\itextpdf\bouncy-castle-connector\8.0.3\bouncy-castle-connector-8.0.3.jar;C:\Users\pa688\.m2\repository\com\itextpdf\pdfua\8.0.3\pdfua-8.0.3.jar;C:\Users\pa688\.m2\repository\com\itextpdf\html2pdf\5.0.3\html2pdf-5.0.3.jar;C:\Users\pa688\.m2\repository\com\aspose\aspose-cells\8.6.3\aspose-cells-8.6.3.jar;C:\Users\pa688\.m2\repository\com\squareup\okhttp3\okhttp\4.12.0\okhttp-4.12.0.jar;C:\Users\pa688\.m2\repository\com\squareup\okio\okio\3.6.0\okio-3.6.0.jar;C:\Users\pa688\.m2\repository\com\squareup\okio\okio-jvm\3.6.0\okio-jvm-3.6.0.jar;C:\Users\pa688\.m2\repository\org\jetbrains\kotlin\kotlin-stdlib-common\1.8.21\kotlin-stdlib-common-1.8.21.jar;C:\Users\pa688\.m2\repository\org\jetbrains\kotlin\kotlin-stdlib-jdk8\1.8.21\kotlin-stdlib-jdk8-1.8.21.jar;C:\Users\pa688\.m2\repository\org\jetbrains\kotlin\kotlin-stdlib\1.8.21\kotlin-stdlib-1.8.21.jar;C:\Users\pa688\.m2\repository\org\jetbrains\kotlin\kotlin-stdlib-jdk7\1.8.21\kotlin-stdlib-jdk7-1.8.21.jar
Launcher Type: SUN_STANDARD

[Global flags]
     intx CICompilerCount                          = 4                                         {product} {ergonomic}
     uint ConcGCThreads                            = 3                                         {product} {ergonomic}
     uint G1ConcRefinementThreads                  = 10                                        {product} {ergonomic}
   size_t G1HeapRegionSize                         = 2097152                                   {product} {ergonomic}
    uintx GCDrainStackTargetSize                   = 64                                        {product} {ergonomic}
   size_t InitialHeapSize                          = 264241152                                 {product} {ergonomic}
     bool ManagementServer                         = true                                      {product} {command line}
   size_t MarkStackSize                            = 4194304                                   {product} {ergonomic}
   size_t MaxHeapSize                              = 4213178368                                {product} {ergonomic}
   size_t MaxNewSize                               = 2527068160                                {product} {ergonomic}
   size_t MinHeapDeltaBytes                        = 2097152                                   {product} {ergonomic}
   size_t MinHeapSize                              = 8388608                                   {product} {ergonomic}
    uintx NonNMethodCodeHeapSize                   = 4096                                   {pd product} {ergonomic}
    uintx NonProfiledCodeHeapSize                  = 0                                      {pd product} {ergonomic}
     bool ProfileInterpreter                       = false                                  {pd product} {command line}
    uintx ProfiledCodeHeapSize                     = 0                                      {pd product} {ergonomic}
     bool ShowCodeDetailsInExceptionMessages       = true                                   {manageable} {command line}
   size_t SoftMaxHeapSize                          = 4213178368                             {manageable} {ergonomic}
     intx TieredStopAtLevel                        = 1                                         {product} {command line}
     bool UseCompressedOops                        = true                           {product lp64_product} {ergonomic}
     bool UseG1GC                                  = true                                      {product} {ergonomic}
     bool UseLargePagesIndividualAllocation        = false                                  {pd product} {ergonomic}

Logging:
Log output configuration:
 #0: stdout all=warning uptime,level,tags foldmultilines=false
 #1: stderr all=off uptime,level,tags foldmultilines=false

Environment Variables:
JAVA_HOME=C:\Program Files\Java\jdk-21
PATH=E:\sts-4.32.0.RELEASE\plugins\org.eclipse.justj.openjdk.hotspot.jre.full.win32.x86_64_21.0.8.v20250724-1412\jre\bin;E:/sts-4.32.0.RELEASE//plugins/org.eclipse.justj.openjdk.hotspot.jre.full.win32.x86_64_21.0.8.v20250724-1412/jre/bin/server;E:/sts-4.32.0.RELEASE//plugins/org.eclipse.justj.openjdk.hotspot.jre.full.win32.x86_64_21.0.8.v20250724-1412/jre/bin;C:\Program Files (x86)\Common Files\Oracle\Java\javapath;C:\Program Files\Common Files\Oracle\Java\javapath;C:\WINDOWS\system32;C:\WINDOWS;C:\WINDOWS\System32\Wbem;C:\WINDOWS\System32\WindowsPowerShell\v1.0\;C:\WINDOWS\System32\OpenSSH\;C:\Program Files\dotnet\;C:\Program Files\Git\cmd;C:\Program Files\Microsoft SQL Server\150\Tools\Binn\;C:\Program Files\Microsoft SQL Server\Client SDK\ODBC\170\Tools\Binn\;%CATALIA_HOME%\bin;C:\Program Files\Java\jdk-21\bin;C:\Program Files\MongoDB\Server\6.0\bin;C:\mongosh-1.8.0-win32-x64\bin;C:\Program Files (x86)\Microsoft SQL Server\160\Tools\Binn\;C:\Program Files\Microsoft SQL Server\160\Tools\Binn\;C:\Program Files\Microsoft SQL Server\160\DTS\Binn\;C:\Program Files\Docker\Docker\resources\bin;C:\Program Files\nodejs\;C:\Program Files\Java\jdk-21\bin;C:\Users\pa688\.virtualenvs\atri2-kXyYvB40\Scripts;E:\git\atrilabs-engine\Scripts;C:\Users\pa688\AppData\Roaming\Python\Python313\Scripts;C:\Users\pa688\AppData\Local\Programs\Python\Python313\Scripts\;C:\Program Files\MySQL\MySQL Shell 8.0\bin\;C:\Users\pa688\AppData\Local\Microsoft\WindowsApps;C:\Users\pa688\AppData\Local\Programs\Microsoft VS Code\bin;C:\Users\pa688\.dotnet\tools;C:\Users\pa688\AppData\Local\GitHubDesktop\bin;C:\Users\pa688\AppData\Roaming\npm;;E:\sts-4.32.0.RELEASE;
USERNAME=pa688
OS=Windows_NT
PROCESSOR_IDENTIFIER=Intel64 Family 6 Model 154 Stepping 4, GenuineIntel
TMP=C:\Users\pa688\AppData\Local\Temp
TEMP=C:\Users\pa688\AppData\Local\Temp




Periodic native trim disabled

---------------  S Y S T E M  ---------------

OS:
 Windows 11 , 64 bit Build 26100 (10.0.26100.6725)
OS uptime: 12 days 12:26 hours
Hyper-V role detected

CPU: total 12 (initial active 12) (6 cores per cpu, 2 threads per core) family 6 model 154 stepping 4 microcode 0x435, cx8, cmov, fxsr, ht, mmx, 3dnowpref, sse, sse2, sse3, ssse3, sse4.1, sse4.2, popcnt, lzcnt, tsc, tscinvbit, avx, avx2, aes, erms, clmul, bmi1, bmi2, adx, sha, fma, vzeroupper, clflush, clflushopt, clwb, hv, serialize, rdtscp, rdpid, fsrm, f16c, cet_ibt, cet_ss
Processor Information for the first 12 processors :
  Max Mhz: 1700, Current Mhz: 1700, Mhz Limit: 1700

Memory: 4k page, system-wide physical 16068M (1527M free)
TotalPageFile size 46820M (AvailPageFile size 7730M)
current process WorkingSet (physical memory assigned to process): 321M, peak: 322M
current process commit charge ("private bytes"): 357M, peak: 381M

vm_info: OpenJDK 64-Bit Server VM (21.0.8+9-LTS) for windows-amd64 JRE (21.0.8+9-LTS), built on 2025-07-15T00:00:00Z by "admin" with MS VC++ 17.7 (VS2022)

END.
