#
# A fatal error has been detected by the Java Runtime Environment:
#
#  EXCEPTION_ACCESS_VIOLATION (0xc0000005) at pc=0x000001b8b5f10fa4, pid=30060, tid=3148
#
# JRE version: OpenJDK Runtime Environment Temurin-21.0.8+9 (21.0.8+9) (build 21.0.8+9-LTS)
# Java VM: OpenJDK 64-Bit Server VM Temurin-21.0.8+9 (21.0.8+9-LTS, mixed mode, emulated-client, sharing, tiered, compressed oops, compressed class ptrs, g1 gc, windows-amd64)
# Problematic frame:
# v  ~BufferBlob::MethodHandles adapters 0x000001b8b5f10fa4
#
# No core dump will be written. Minidumps are not enabled by default on client versions of Windows
#
# If you would like to submit a bug report, please visit:
#   https://github.com/adoptium/adoptium-support/issues
#

---------------  S U M M A R Y ------------

Command Line: -XX:+ShowCodeDetailsInExceptionMessages -agentlib:jdwp=transport=dt_socket,suspend=y,address=localhost:60834 -Dcom.sun.management.jmxremote -Dcom.sun.management.jmxremote.port=60831 -Dcom.sun.management.jmxremote.authenticate=false -Dcom.sun.management.jmxremote.ssl=false -Djava.rmi.server.hostname=localhost -Dspring.jmx.enabled=true -Dmanagement.endpoints.jmx.exposure.include=* -Dspring.application.admin.enabled=true -Dspring.output.ansi.enabled=always -XX:TieredStopAtLevel=1 -Dspring.boot.project.name=bhu-backend -javaagent:E:\sts-4.32.0.RELEASE\configuration\org.eclipse.osgi\272\0\.cp\lib\javaagent-shaded.jar -Dfile.encoding=UTF-8 -Dstdout.encoding=UTF-8 -Dstderr.encoding=UTF-8 com.prafful.springjwt.SpringBootSecurityJwtApplication

Host: 12th Gen Intel(R) Core(TM) i7-1255U, 12 cores, 15G,  Windows 11 , 64 bit Build 26100 (10.0.26100.6725)
Time: Wed Nov  5 13:15:37 2025 India Standard Time elapsed time: 48.213599 seconds (0d 0h 0m 48s)

---------------  T H R E A D  ---------------

Current thread (0x000001b9071d8d70):  JavaThread "http-nio-8080-exec-1" daemon [_thread_in_Java, id=3148, stack(0x0000003779800000,0x0000003779900000) (1024K)]

Stack: [0x0000003779800000,0x0000003779900000],  sp=0x00000037798fbb98,  free space=1006k
Native frames: (J=compiled Java code, j=interpreted, Vv=VM code, C=native code)
C  0x000001b8b5f10fa4

The last pc belongs to _linkToVirtual (printed below).

siginfo: EXCEPTION_ACCESS_VIOLATION (0xc0000005), reading address 0xffffffffffffffff


Registers:
RAX=0x000001b8b5ee958b, RBX=0x0000000707cdc9b8, RCX=0x00000037798fbba0, RDX=0x0000000000000002
RSP=0x00000037798fbb98, RBP=0x00000037798fbbe8, RSI=0x000001b90a07c2a8, RDI=0x000001b90707e010
R8 =0x0000000000000004, R9 =0x0000000000000004, R10=0x000001b982728bd2, R11=0xe0d738c7e0db25dc
R12=0x0000000000000000, R13=0x00000037798fbb98, R14=0x00000037798fbc08, R15=0x000001b9071d8d70
RIP=0x000001b8b5f10fa4, EFLAGS=0x0000000000010206

XMM[0]=0x0000000000000000 0x0000000000000000
XMM[1]=0x0000000000000000 0x0000000000000000
XMM[2]=0x0000000000000000 0x0000000000000000
XMM[3]=0x0000000000000000 0x0000000000000000
XMM[4]=0x0000000000000000 0x0000000000000000
XMM[5]=0x0000000000000000 0x0000000000000000
XMM[6]=0x0000000000000000 0x0000000000000000
XMM[7]=0x0000000000000000 0x0000000000000000
XMM[8]=0x0000000000000000 0x0000000000000000
XMM[9]=0x0000000000000000 0x0000000000000000
XMM[10]=0x0000000000000000 0x0000000000000000
XMM[11]=0x0000000000000000 0x0000000000000000
XMM[12]=0x0000000000000000 0x0000000000000000
XMM[13]=0x0000000000000000 0x0000000000000000
XMM[14]=0x0000000000000000 0x0000000000000000
XMM[15]=0x0000000000000000 0x0000000000000000
  MXCSR=0x00001fa0


Register to memory mapping:

RAX=0x000001b8b5ee958b is at code_begin+4363 in an Interpreter codelet
return entry points  [0x000001b8b5ee8480, 0x000001b8b5eea298]  7704 bytes
RBX=0x0000000707cdc9b8 is an oop: com.prafful.springjwt.service.Servicess 
{0x0000000707cdc9b8} - klass: 'com/prafful/springjwt/service/Servicess'
 - ---- fields (total size 7 words):
 - 'billinfoRepository' 'Lcom/prafful/springjwt/repository/BillinfoRepository;' @12  a 'jdk/proxy2/$Proxy139'{0x0000000706d626a8} (0xe0dac4d5)
 - 'bankDetailsRepository' 'Lcom/prafful/springjwt/repository/BankDetailsRepository;' @16  a 'jdk/proxy2/$Proxy140'{0x0000000706d92ee0} (0xe0db25dc)
 - 'userRepository' 'Lcom/prafful/springjwt/repository/UserRepository;' @20  a 'jdk/proxy2/$Proxy128'{0x0000000706b9c638} (0xe0d738c7)
 - 'aadharDetailsRepository' 'Lcom/prafful/springjwt/repository/AadharDetailsRepository;' @24  a 'jdk/proxy2/$Proxy141'{0x0000000706d54a90} (0xe0daa952)
 - 'documentDetailsRepository' 'Lcom/prafful/springjwt/repository/DocumentDetailsRepository;' @28  a 'jdk/proxy2/$Proxy142'{0x0000000706bc1cc8} (0xe0d78399)
 - 'jwtUtils' 'Lcom/prafful/springjwt/security/jwt/JwtUtils;' @32  a 'com/prafful/springjwt/security/jwt/JwtUtils'{0x0000000706ba5b20} (0xe0d74b64)
 - 'mapper' 'Lcom/fasterxml/jackson/databind/ObjectMapper;' @36  a 'com/fasterxml/jackson/databind/ObjectMapper'{0x0000000706bb5318} (0xe0d76a63)
 - 'userMultipleAdressRepository' 'Lcom/prafful/springjwt/repository/UserMultipleAdressRepository;' @40  a 'jdk/proxy2/$Proxy143'{0x0000000707e7d2b0} (0xe0fcfa56)
 - 'orderRepository' 'Lcom/prafful/springjwt/repository/OrderRepository;' @44  a 'jdk/proxy2/$Proxy144'{0x0000000707e9ced8} (0xe0fd39db)
 - private 'objectMapper' 'Lcom/fasterxml/jackson/databind/ObjectMapper;' @48  a 'com/fasterxml/jackson/databind/ObjectMapper'{0x0000000706bb5318} (0xe0d76a63)
RCX=0x00000037798fbba0 is pointing into the stack for thread: 0x000001b9071d8d70
RDX=0x0000000000000002 is an unknown value
RSP=0x00000037798fbb98 is pointing into the stack for thread: 0x000001b9071d8d70
RBP=0x00000037798fbbe8 is pointing into the stack for thread: 0x000001b9071d8d70
RSI=0x000001b90a07c2a8 points into unknown readable memory: 0x8000156d45fc10ce | ce 10 fc 45 6d 15 00 80
RDI=0x000001b90707e010 points into unknown readable memory: 0x0000001800000060 | 60 00 00 00 18 00 00 00
R8 =0x0000000000000004 is an unknown value
R9 =0x0000000000000004 is an unknown value
R10=0x000001b982728bd2 is an unknown value
R11=0xe0d738c7e0db25dc is an unknown value
R12=0x0 is null
R13=0x00000037798fbb98 is pointing into the stack for thread: 0x000001b9071d8d70
R14=0x00000037798fbc08 is pointing into the stack for thread: 0x000001b9071d8d70
R15=0x000001b9071d8d70 is a thread

Top of Stack: (sp=0x00000037798fbb98)
0x00000037798fbb98:   000001b8b5ee958b 00000037798fbba0
0x00000037798fbba8:   000001b8c1728bd2 0000000000000004
0x00000037798fbbb8:   000001b8c10b1258 000000070b4c3c68
0x00000037798fbbc8:   00000007053e11e0 000001b8c10b3da8
0x00000037798fbbd8:   00000037798fbb98 00000037798fbc10
0x00000037798fbbe8:   00000037798fbf28 000001b8b65f8b30
0x00000037798fbbf8:   000000070b4c38e0 0000000707cdc9b8
0x00000037798fbc08:   000000070b4c3a70 00000037798fbf28
0x00000037798fbc18:   000001b8b619f9a4 00000007057130e0
0x00000037798fbc28:   000000070b4c3c40 0000000707cdc9b8
0x00000037798fbc38:   000000070b4c3bf0 000000070b4c3a70
0x00000037798fbc48:   0000000707cdc9b8 000001b8b65f8a6c
0x00000037798fbc58:   000001b9071d8d70 00000037798fbf28
0x00000037798fbc68:   000001b8b6964f2a 000001b900000000
0x00000037798fbc78:   0000000706c98c38 00000007057130e0
0x00000037798fbc88:   000000070b4c3c68 000000070b4c3c40
0x00000037798fbc98:   00007ff900000001 00000007057130e0
0x00000037798fbca8:   0000000705979740 0000000707ca2090
0x00000037798fbcb8:   00007ff9258e8803 00000037798fbf28
0x00000037798fbcc8:   000001b8b633825c 00000037798fa9c0
0x00000037798fbcd8:   000001b8c2ac9b18 00000037798fbf28
0x00000037798fbce8:   000001b8b61a0ef4 0000000000000000
0x00000037798fbcf8:   0000000000000000 0000000000000000
0x00000037798fbd08:   0000000000000000 0000000000000000
0x00000037798fbd18:   0000000000000000 000000070b4c3c68
0x00000037798fbd28:   000000070b4c3828 0000000707cdc9b8
0x00000037798fbd38:   0000000000000000 0000000706c98c38
0x00000037798fbd48:   000000070539e5f8 0000000706c98c38
0x00000037798fbd58:   0000000700000000 0000000000000000
0x00000037798fbd68:   000000070b4c3c68 00000037798fbf28
0x00000037798fbd78:   000001b8b61ac099 0000000706c98c38
0x00000037798fbd88:   000000070b4c3c40 00000037798fbf28 

Instructions: (pc=0x000001b8b5f10fa4)
0x000001b8b5f10ea4:   b8 01 00 00 00 0f f1 b5 b8 01 00 00 80 1f f1 b5
0x000001b8b5f10eb4:   b8 01 00 00 f0 0e f1 b5 b8 01 00 00 f0 0e f1 b5
0x000001b8b5f10ec4:   b8 01 00 00 00 00 00 00 00 00 00 00 48 ea f2 25
0x000001b8b5f10ed4:   f9 7f 00 00 f0 10 00 00 60 00 00 00 ff ff ff ff
0x000001b8b5f10ee4:   f0 10 00 00 00 00 00 00 00 00 00 00 00 00 00 00
0x000001b8b5f10ef4:   00 00 00 00 00 00 00 00 00 00 00 00 f4 66 66 66
0x000001b8b5f10f04:   0f 1f 84 00 00 00 00 00 66 66 66 90 66 66 66 0f
0x000001b8b5f10f14:   1f 84 00 00 00 00 00 66 66 66 90 90 48 8b 53 08
0x000001b8b5f10f24:   0f b7 52 2e 48 8b 0c d4 8b 59 14 48 c1 e3 03 8b
0x000001b8b5f10f34:   5b 28 48 c1 e3 03 8b 5b 24 48 c1 e3 03 48 8b 5b
0x000001b8b5f10f44:   10 48 85 db 0f 84 10 00 00 00 41 80 bf d8 05 00
0x000001b8b5f10f54:   00 00 74 03 ff 63 38 ff 63 50 e9 9d 16 00 00 66
0x000001b8b5f10f64:   66 66 0f 1f 84 00 00 00 00 00 66 66 66 90 66 66
0x000001b8b5f10f74:   0f 1f 84 00 00 00 00 00 66 66 66 90 48 8b 53 08
0x000001b8b5f10f84:   0f b7 52 2e 48 8b 0c d4 58 5b 50 44 8b 51 08 49
0x000001b8b5f10f94:   bb 00 00 00 c1 b8 01 00 00 4d 03 d3 4c 8b 5b 10
0x000001b8b5f10fa4:   4b 8b 9c da d0 01 00 00 48 85 db 0f 84 10 00 00
0x000001b8b5f10fb4:   00 41 80 bf d8 05 00 00 00 74 03 ff 63 38 ff 63
0x000001b8b5f10fc4:   50 e9 36 16 00 00 66 66 66 0f 1f 84 00 00 00 00
0x000001b8b5f10fd4:   00 66 66 66 90 0f 1f 80 00 00 00 00 58 5b 50 8b
0x000001b8b5f10fe4:   5b 24 48 c1 e3 03 48 8b 5b 10 48 85 db 0f 84 10
0x000001b8b5f10ff4:   00 00 00 41 80 bf d8 05 00 00 00 74 03 ff 63 38
0x000001b8b5f11004:   ff 63 50 e9 f4 15 00 00 66 66 66 0f 1f 84 00 00
0x000001b8b5f11014:   00 00 00 66 66 66 90 0f 1f 44 00 00 48 8b 53 08
0x000001b8b5f11024:   0f b7 52 2e 48 8b 0c d4 58 5b 50 48 3b 01 8b 5b
0x000001b8b5f11034:   24 48 c1 e3 03 48 8b 5b 10 48 85 db 0f 84 10 00
0x000001b8b5f11044:   00 00 41 80 bf d8 05 00 00 00 74 03 ff 63 38 ff
0x000001b8b5f11054:   63 50 e9 a5 15 00 00 0f 1f 44 00 00 48 8b 53 08
0x000001b8b5f11064:   0f b7 52 2e 48 8b 0c d4 58 5b 50 44 8b 51 08 49
0x000001b8b5f11074:   bb 00 00 00 c1 b8 01 00 00 4d 03 d3 8b 43 18 48
0x000001b8b5f11084:   c1 e0 03 48 8b 40 10 48 8b 5b 10 45 8b 9a ac 00
0x000001b8b5f11094:   00 00 4f 8d 9c da d0 01 00 00 4d 8d 14 da 49 8b 


Stack slot to memory mapping:

stack at sp + 0 slots: 0x000001b8b5ee958b is at code_begin+4363 in an Interpreter codelet
return entry points  [0x000001b8b5ee8480, 0x000001b8b5eea298]  7704 bytes
stack at sp + 1 slots: 0x00000037798fbba0 is pointing into the stack for thread: 0x000001b9071d8d70
stack at sp + 2 slots: 0x000001b8c1728bd2 is pointing into metadata
stack at sp + 3 slots: 0x0000000000000004 is an unknown value
stack at sp + 4 slots: 0x000001b8c10b1258 is pointing into metadata
stack at sp + 5 slots: 0x000000070b4c3c68 is an oop: jdk.internal.reflect.DirectMethodHandleAccessor 
{0x000000070b4c3c68} - klass: 'jdk/internal/reflect/DirectMethodHandleAccessor'
 - ---- fields (total size 4 words):
 - private final 'paramCount' 'I' @12  0 (0x00000000)
 - private final 'flags' 'I' @16  0 (0x00000000)
 - private final 'declaringClass' 'Ljava/lang/Class;' @20  a 'java/lang/Class'{0x00000007057130e0} = 'com/prafful/springjwt/service/Servicess' (0xe0ae261c)
 - private final 'target' 'Ljava/lang/invoke/MethodHandle;' @24  a 'java/lang/invoke/BoundMethodHandle$Species_LL'{0x000000070b4c3c40} (0xe1698788)
stack at sp + 6 slots: 0x00000007053e11e0 is an oop: java.lang.Class 
{0x00000007053e11e0} - klass: 'java/lang/Class'
 - ---- fields (total size 14 words):
 - private volatile transient 'classRedefinedCount' 'I' @12  0 (0x00000000)
 - injected 'klass' 'J' @16  1893024337440 (0x000001b8c10b0e20)
 - injected 'array_klass' 'J' @24  0 (0x0000000000000000)
 - injected 'oop_size' 'I' @32  14 (0x0000000e)
 - injected 'static_oop_field_count' 'I' @36  0 (0x00000000)
 - private volatile transient 'cachedConstructor' 'Ljava/lang/reflect/Constructor;' @40  null (0x00000000)
 - private transient 'name' 'Ljava/lang/String;' @44  null (0x00000000)
 - private transient 'module' 'Ljava/lang/Module;' @48  a 'java/lang/Module'{0x00000007053d1a30} (0xe0a7a346)
 - private final 'classLoader' 'Ljava/lang/ClassLoader;' @52  null (0x00000000)
 - private transient 'classData' 'Ljava/lang/Object;' @56  null (0x00000000)
 - private transient 'packageName' 'Ljava/lang/String;' @60  null (0x00000000)
 - private final 'componentType' 'Ljava/lang/Class;' @64  null (0x00000000)
 - private volatile transient 'reflectionData' 'Ljava/lang/ref/SoftReference;' @68  null (0x00000000)
 - private volatile transient 'genericInfo' 'Lsun/reflect/generics/repository/ClassRepository;' @72  null (0x00000000)
 - private volatile transient 'enumConstants' '[Ljava/lang/Object;' @76  null (0x00000000)
 - private volatile transient 'enumConstantDirectory' 'Ljava/util/Map;' @80  null (0x00000000)
 - private volatile transient 'annotationData' 'Ljava/lang/Class$AnnotationData;' @84  null (0x00000000)
 - private volatile transient 'annotationType' 'Lsun/reflect/annotation/AnnotationType;' @88  null (0x00000000)
 - transient 'classValueMap' 'Ljava/lang/ClassValue$ClassValueMap;' @92  null (0x00000000)
 - injected 'protection_domain' 'Ljava/lang/Object;' @96  null (0x00000000)
 - injected 'signers_name' 'Ljava/lang/Object;' @100  null (0x00000000)
 - injected 'source_file' 'Ljava/lang/Object;' @104  null (0x00000000)
 - injected '<init_lock>' 'Ljava/lang/Object;' @108  null (0x00000000)
 - signature: Ljava/lang/invoke/DirectMethodHandle$Holder;
 - ---- static fields (0):
stack at sp + 7 slots: {method} {0x000001b8c10b3db0} 'invokeVirtual' '(Ljava/lang/Object;Ljava/lang/Object;)Ljava/lang/Object;' in 'java/lang/invoke/DirectMethodHandle$Holder'

MethodHandle::interpreter_entry::_linkToVirtual [0x000001b8b5f10f63, 0x000001b8b5f10fca] (103 bytes)
[MachCode]
  0x000001b8b5f10f63: 6666 660f | 1f84 0000 | 0000 0066 | 6666 9066 | 660f 1f84 | 0000 0000 | 0066 6666 | 9048 8b53 
  0x000001b8b5f10f83: 080f b752 | 2e48 8b0c | d458 5b50 | 448b 5108 | 49bb 0000 | 00c1 b801 | 0000 4d03 | d34c 8b5b 
  0x000001b8b5f10fa3: 104b 8b9c | dad0 0100 | 0048 85db | 0f84 1000 | 0000 4180 | bfd8 0500 | 0000 7403 | ff63 38ff 
  0x000001b8b5f10fc3: 6350 e936 | 
[/MachCode]

---------------  P R O C E S S  ---------------

Threads class SMR info:
_java_thread_list=0x000001b90a07bed0, length=45, elements={
0x000001b906019bf0, 0x000001b90601a250, 0x000001b90601eef0, 0x000001b90601f8b0,
0x000001b906024460, 0x000001b90602dae0, 0x000001b90603ab90, 0x000001b9061ac740,
0x000001b906227090, 0x000001b906231790, 0x000001b906234640, 0x000001b906e7ec80,
0x000001b9070a9470, 0x000001b9060568e0, 0x000001b906064810, 0x000001b907580c00,
0x000001b9075aa210, 0x000001b9075d41b0, 0x000001b9075e6b90, 0x000001b907672a00,
0x000001b907673db0, 0x000001b907674440, 0x000001b907674ad0, 0x000001b9071d9a90,
0x000001b9071d8d70, 0x000001b9071d86e0, 0x000001b9071da120, 0x000001b9071d9400,
0x000001b9071d7330, 0x000001b9071d6ca0, 0x000001b9071d79c0, 0x000001b9071dae40,
0x000001b9071da7b0, 0x000001b9071db4d0, 0x000001b9071d8050, 0x000001b9071dbb60,
0x000001b9071dc1f0, 0x000001b9071dcf10, 0x000001b9071dd5a0, 0x000001b9071ddc30,
0x000001b9071de2c0, 0x000001b909c444f0, 0x000001b909c42420, 0x000001b909c43e60,
0x000001b909c437d0
}

Java Threads: ( => current thread )
  0x000001b906019bf0 JavaThread "Reference Handler"          daemon [_thread_blocked, id=12944, stack(0x0000003778e00000,0x0000003778f00000) (1024K)]
  0x000001b90601a250 JavaThread "Finalizer"                  daemon [_thread_blocked, id=20876, stack(0x0000003778f00000,0x0000003779000000) (1024K)]
  0x000001b90601eef0 JavaThread "Signal Dispatcher"          daemon [_thread_blocked, id=25408, stack(0x0000003779000000,0x0000003779100000) (1024K)]
  0x000001b90601f8b0 JavaThread "Attach Listener"            daemon [_thread_blocked, id=47916, stack(0x0000003779100000,0x0000003779200000) (1024K)]
  0x000001b906024460 JavaThread "Service Thread"             daemon [_thread_blocked, id=34736, stack(0x0000003779200000,0x0000003779300000) (1024K)]
  0x000001b90602dae0 JavaThread "Monitor Deflation Thread"   daemon [_thread_blocked, id=16484, stack(0x0000003779300000,0x0000003779400000) (1024K)]
  0x000001b90603ab90 JavaThread "C1 CompilerThread0"         daemon [_thread_blocked, id=18520, stack(0x0000003779400000,0x0000003779500000) (1024K)]
  0x000001b9061ac740 JavaThread "Common-Cleaner"             daemon [_thread_blocked, id=50080, stack(0x0000003779500000,0x0000003779600000) (1024K)]
  0x000001b906227090 JavaThread "JDWP Transport Listener: dt_socket" daemon [_thread_blocked, id=42104, stack(0x0000003779900000,0x0000003779a00000) (1024K)]
  0x000001b906231790 JavaThread "JDWP Event Helper Thread"   daemon [_thread_blocked, id=10388, stack(0x0000003779a00000,0x0000003779b00000) (1024K)]
  0x000001b906234640 JavaThread "JDWP Command Reader"        daemon [_thread_in_native, id=42716, stack(0x0000003779b00000,0x0000003779c00000) (1024K)]
  0x000001b906e7ec80 JavaThread "Notification Thread"        daemon [_thread_blocked, id=44584, stack(0x0000003779c00000,0x0000003779d00000) (1024K)]
  0x000001b9070a9470 JavaThread "RMI TCP Accept-0"           daemon [_thread_in_native, id=51776, stack(0x000000377a400000,0x000000377a500000) (1024K)]
  0x000001b9060568e0 JavaThread "RMI TCP Accept-60831"       daemon [_thread_in_native, id=8048, stack(0x000000377a500000,0x000000377a600000) (1024K)]
  0x000001b906064810 JavaThread "RMI TCP Accept-0"           daemon [_thread_in_native, id=46232, stack(0x000000377a600000,0x000000377a700000) (1024K)]
  0x000001b907580c00 JavaThread "RMI TCP Connection(idle)"   daemon [_thread_blocked, id=32020, stack(0x000000377a900000,0x000000377aa00000) (1024K)]
  0x000001b9075aa210 JavaThread "RMI Scheduler(0)"           daemon [_thread_blocked, id=35792, stack(0x000000377aa00000,0x000000377ab00000) (1024K)]
  0x000001b9075d41b0 JavaThread "RMI TCP Connection(9)-127.0.0.1" daemon [_thread_in_native, id=23308, stack(0x000000377ab00000,0x000000377ac00000) (1024K)]
  0x000001b9075e6b90 JavaThread "JMX server connection timeout 40" daemon [_thread_blocked, id=17200, stack(0x000000377ac00000,0x000000377ad00000) (1024K)]
  0x000001b907672a00 JavaThread "mysql-cj-abandoned-connection-cleanup" daemon [_thread_blocked, id=6188, stack(0x000000377ad00000,0x000000377ae00000) (1024K)]
  0x000001b907673db0 JavaThread "HikariPool-1 housekeeper"   daemon [_thread_blocked, id=45652, stack(0x000000377b100000,0x000000377b200000) (1024K)]
  0x000001b907674440 JavaThread "Catalina-utility-1"                [_thread_blocked, id=43304, stack(0x000000377b300000,0x000000377b400000) (1024K)]
  0x000001b907674ad0 JavaThread "Catalina-utility-2"                [_thread_blocked, id=16840, stack(0x000000377b400000,0x000000377b500000) (1024K)]
  0x000001b9071d9a90 JavaThread "container-0"                       [_thread_blocked, id=44168, stack(0x000000377b500000,0x000000377b600000) (1024K)]
=>0x000001b9071d8d70 JavaThread "http-nio-8080-exec-1"       daemon [_thread_in_Java, id=3148, stack(0x0000003779800000,0x0000003779900000) (1024K)]
  0x000001b9071d86e0 JavaThread "http-nio-8080-exec-2"       daemon [_thread_blocked, id=21576, stack(0x000000377b600000,0x000000377b700000) (1024K)]
  0x000001b9071da120 JavaThread "http-nio-8080-exec-3"       daemon [_thread_blocked, id=47080, stack(0x000000377b700000,0x000000377b800000) (1024K)]
  0x000001b9071d9400 JavaThread "http-nio-8080-exec-4"       daemon [_thread_blocked, id=38560, stack(0x000000377b800000,0x000000377b900000) (1024K)]
  0x000001b9071d7330 JavaThread "http-nio-8080-exec-5"       daemon [_thread_blocked, id=27936, stack(0x000000377b900000,0x000000377ba00000) (1024K)]
  0x000001b9071d6ca0 JavaThread "http-nio-8080-exec-6"       daemon [_thread_blocked, id=19956, stack(0x000000377ba00000,0x000000377bb00000) (1024K)]
  0x000001b9071d79c0 JavaThread "http-nio-8080-exec-7"       daemon [_thread_blocked, id=37724, stack(0x000000377bb00000,0x000000377bc00000) (1024K)]
  0x000001b9071dae40 JavaThread "http-nio-8080-exec-8"       daemon [_thread_blocked, id=24304, stack(0x000000377bc00000,0x000000377bd00000) (1024K)]
  0x000001b9071da7b0 JavaThread "http-nio-8080-exec-9"       daemon [_thread_blocked, id=18468, stack(0x000000377bd00000,0x000000377be00000) (1024K)]
  0x000001b9071db4d0 JavaThread "http-nio-8080-exec-10"      daemon [_thread_blocked, id=31924, stack(0x000000377be00000,0x000000377bf00000) (1024K)]
  0x000001b9071d8050 JavaThread "http-nio-8080-Poller"       daemon [_thread_in_native, id=27716, stack(0x000000377bf00000,0x000000377c000000) (1024K)]
  0x000001b9071dbb60 JavaThread "http-nio-8080-Acceptor"     daemon [_thread_in_native, id=1204, stack(0x000000377c000000,0x000000377c100000) (1024K)]
  0x000001b9071dc1f0 JavaThread "DestroyJavaVM"                     [_thread_blocked, id=3656, stack(0x0000003778600000,0x0000003778700000) (1024K)]
  0x000001b9071dcf10 JavaThread "RMI TCP Connection(idle)"   daemon [_thread_blocked, id=47240, stack(0x000000377c200000,0x000000377c300000) (1024K)]
  0x000001b9071dd5a0 JavaThread "RMI TCP Connection(idle)"   daemon [_thread_blocked, id=37940, stack(0x000000377c300000,0x000000377c400000) (1024K)]
  0x000001b9071ddc30 JavaThread "RMI TCP Connection(idle)"   daemon [_thread_blocked, id=49180, stack(0x000000377c400000,0x000000377c500000) (1024K)]
  0x000001b9071de2c0 JavaThread "RMI TCP Connection(idle)"   daemon [_thread_blocked, id=11840, stack(0x000000377c500000,0x000000377c600000) (1024K)]
  0x000001b909c444f0 JavaThread "RMI TCP Connection(idle)"   daemon [_thread_blocked, id=27644, stack(0x000000377c700000,0x000000377c800000) (1024K)]
  0x000001b909c42420 JavaThread "RMI TCP Connection(idle)"   daemon [_thread_blocked, id=46396, stack(0x000000377c900000,0x000000377ca00000) (1024K)]
  0x000001b909c43e60 JavaThread "OkHttp TaskRunner"          daemon [_thread_blocked, id=49024, stack(0x000000377b200000,0x000000377b300000) (1024K)]
  0x000001b909c437d0 JavaThread "Okio Watchdog"              daemon [_thread_blocked, id=36944, stack(0x000000377c100000,0x000000377c200000) (1024K)]
Total: 45

Other Threads:
  0x000001b8c07fe0d0 VMThread "VM Thread"                           [id=9096, stack(0x0000003778d00000,0x0000003778e00000) (1024K)]
  0x000001b8c07efa90 WatcherThread "VM Periodic Task Thread"        [id=32400, stack(0x0000003778c00000,0x0000003778d00000) (1024K)]
  0x000001b8b25c9a60 WorkerThread "GC Thread#0"                     [id=36288, stack(0x0000003778700000,0x0000003778800000) (1024K)]
  0x000001b906f3e3a0 WorkerThread "GC Thread#1"                     [id=36416, stack(0x0000003779d00000,0x0000003779e00000) (1024K)]
  0x000001b90703ceb0 WorkerThread "GC Thread#2"                     [id=12588, stack(0x0000003779e00000,0x0000003779f00000) (1024K)]
  0x000001b90703d250 WorkerThread "GC Thread#3"                     [id=32092, stack(0x0000003779f00000,0x000000377a000000) (1024K)]
  0x000001b90703da00 WorkerThread "GC Thread#4"                     [id=13568, stack(0x000000377a000000,0x000000377a100000) (1024K)]
  0x000001b90703dfb0 WorkerThread "GC Thread#5"                     [id=11516, stack(0x000000377a100000,0x000000377a200000) (1024K)]
  0x000001b907072a40 WorkerThread "GC Thread#6"                     [id=6724, stack(0x000000377a200000,0x000000377a300000) (1024K)]
  0x000001b907071bc0 WorkerThread "GC Thread#7"                     [id=50644, stack(0x000000377a300000,0x000000377a400000) (1024K)]
  0x000001b907071f60 WorkerThread "GC Thread#8"                     [id=46972, stack(0x000000377a700000,0x000000377a800000) (1024K)]
  0x000001b9070710e0 WorkerThread "GC Thread#9"                     [id=50784, stack(0x000000377a800000,0x000000377a900000) (1024K)]
  0x000001b8b25da360 ConcurrentGCThread "G1 Main Marker"            [id=9464, stack(0x0000003778800000,0x0000003778900000) (1024K)]
  0x000001b8b25dc290 WorkerThread "G1 Conc#0"                       [id=32628, stack(0x0000003778900000,0x0000003778a00000) (1024K)]
  0x000001b907a588f0 WorkerThread "G1 Conc#1"                       [id=47528, stack(0x000000377ae00000,0x000000377af00000) (1024K)]
  0x000001b907a5a250 WorkerThread "G1 Conc#2"                       [id=52000, stack(0x000000377af00000,0x000000377b000000) (1024K)]
  0x000001b8c06c2a60 ConcurrentGCThread "G1 Refine#0"               [id=32480, stack(0x0000003778a00000,0x0000003778b00000) (1024K)]
  0x000001b8c06c2e90 ConcurrentGCThread "G1 Service"                [id=50484, stack(0x0000003778b00000,0x0000003778c00000) (1024K)]
Total: 18

Threads with active compile tasks:
Total: 0

VM state: not at safepoint (normal execution)

VM Mutex/Monitor currently owned by a thread: None

Heap address: 0x0000000704e00000, size: 4018 MB, Compressed Oops mode: Zero based, Oop shift amount: 3

CDS archive(s) mapped at: [0x000001b8c1000000-0x000001b8c1c80000-0x000001b8c1c80000), size 13107200, SharedBaseAddress: 0x000001b8c1000000, ArchiveRelocationMode: 1.
Compressed class space mapped at: 0x000001b8c2000000-0x000001b902000000, reserved size: 1073741824
Narrow klass base: 0x000001b8c1000000, Narrow klass shift: 0, Narrow klass range: 0x100000000

GC Precious Log:
 CardTable entry size: 512
 Card Set container configuration: InlinePtr #cards 4 size 8 Array Of Cards #cards 16 size 48 Howl #buckets 8 coarsen threshold 3686 Howl Bitmap #cards 512 size 80 coarsen threshold 460 Card regions per heap region 1 cards per card region 4096
 CPUs: 12 total, 12 available
 Memory: 16068M
 Large Page Support: Disabled
 NUMA Support: Disabled
 Compressed Oops: Enabled (Zero based)
 Heap Region Size: 2M
 Heap Min Capacity: 8M
 Heap Initial Capacity: 252M
 Heap Max Capacity: 4018M
 Pre-touch: Disabled
 Parallel Workers: 10
 Concurrent Workers: 3
 Concurrent Refinement Workers: 10
 Periodic GC: Disabled

Heap:
 garbage-first heap   total 122880K, used 98931K [0x0000000704e00000, 0x0000000800000000)
  region size 2048K, 33 young (67584K), 3 survivors (6144K)
 Metaspace       used 80437K, committed 81152K, reserved 1179648K
  class space    used 11115K, committed 11456K, reserved 1048576K

Heap Regions: E=young(eden), S=young(survivor), O=old, HS=humongous(starts), HC=humongous(continues), CS=collection set, F=free, TAMS=top-at-mark-start, PB=parsable bottom
|   0|0x0000000704e00000, 0x0000000705000000, 0x0000000705000000|100%| O|  |TAMS 0x0000000704e00000| PB 0x0000000704e00000| Untracked 
|   1|0x0000000705000000, 0x0000000705200000, 0x0000000705200000|100%| O|  |TAMS 0x0000000705000000| PB 0x0000000705000000| Untracked 
|   2|0x0000000705200000, 0x0000000705400000, 0x0000000705400000|100%| O|  |TAMS 0x0000000705200000| PB 0x0000000705200000| Untracked 
|   3|0x0000000705400000, 0x0000000705600000, 0x0000000705600000|100%| O|  |TAMS 0x0000000705400000| PB 0x0000000705400000| Untracked 
|   4|0x0000000705600000, 0x0000000705800000, 0x0000000705800000|100%| O|  |TAMS 0x0000000705600000| PB 0x0000000705600000| Untracked 
|   5|0x0000000705800000, 0x0000000705a00000, 0x0000000705a00000|100%| O|  |TAMS 0x0000000705800000| PB 0x0000000705800000| Untracked 
|   6|0x0000000705a00000, 0x0000000705c00000, 0x0000000705c00000|100%| O|  |TAMS 0x0000000705a00000| PB 0x0000000705a00000| Untracked 
|   7|0x0000000705c00000, 0x0000000705e00000, 0x0000000705e00000|100%| O|  |TAMS 0x0000000705c00000| PB 0x0000000705c00000| Untracked 
|   8|0x0000000705e00000, 0x0000000706000000, 0x0000000706000000|100%| O|  |TAMS 0x0000000705e00000| PB 0x0000000705e00000| Untracked 
|   9|0x0000000706000000, 0x0000000706200000, 0x0000000706200000|100%| O|  |TAMS 0x0000000706000000| PB 0x0000000706000000| Untracked 
|  10|0x0000000706200000, 0x0000000706400000, 0x0000000706400000|100%| O|  |TAMS 0x0000000706200000| PB 0x0000000706200000| Untracked 
|  11|0x0000000706400000, 0x0000000706600000, 0x0000000706600000|100%| O|  |TAMS 0x0000000706400000| PB 0x0000000706400000| Untracked 
|  12|0x0000000706600000, 0x0000000706800000, 0x0000000706800000|100%| O|  |TAMS 0x0000000706600000| PB 0x0000000706600000| Untracked 
|  13|0x0000000706800000, 0x0000000706a00000, 0x0000000706a00000|100%| O|  |TAMS 0x0000000706800000| PB 0x0000000706800000| Untracked 
|  14|0x0000000706a00000, 0x0000000706c00000, 0x0000000706c00000|100%| O|  |TAMS 0x0000000706a00000| PB 0x0000000706a00000| Untracked 
|  15|0x0000000706c00000, 0x0000000706e00000, 0x0000000706e00000|100%| O|  |TAMS 0x0000000706c00000| PB 0x0000000706c00000| Untracked 
|  16|0x0000000706e00000, 0x0000000706f57b60, 0x0000000707000000| 67%| O|  |TAMS 0x0000000706e00000| PB 0x0000000706e00000| Untracked 
|  17|0x0000000707000000, 0x0000000707000000, 0x0000000707200000|  0%| F|  |TAMS 0x0000000707000000| PB 0x0000000707000000| Untracked 
|  18|0x0000000707200000, 0x0000000707200000, 0x0000000707400000|  0%| F|  |TAMS 0x0000000707200000| PB 0x0000000707200000| Untracked 
|  19|0x0000000707400000, 0x0000000707400000, 0x0000000707600000|  0%| F|  |TAMS 0x0000000707400000| PB 0x0000000707400000| Untracked 
|  20|0x0000000707600000, 0x0000000707600000, 0x0000000707800000|  0%| F|  |TAMS 0x0000000707600000| PB 0x0000000707600000| Untracked 
|  21|0x0000000707800000, 0x0000000707800000, 0x0000000707a00000|  0%| F|  |TAMS 0x0000000707800000| PB 0x0000000707800000| Untracked 
|  22|0x0000000707a00000, 0x0000000707b45240, 0x0000000707c00000| 63%| S|CS|TAMS 0x0000000707a00000| PB 0x0000000707a00000| Complete 
|  23|0x0000000707c00000, 0x0000000707e00000, 0x0000000707e00000|100%| S|CS|TAMS 0x0000000707c00000| PB 0x0000000707c00000| Complete 
|  24|0x0000000707e00000, 0x0000000708000000, 0x0000000708000000|100%| S|CS|TAMS 0x0000000707e00000| PB 0x0000000707e00000| Complete 
|  25|0x0000000708000000, 0x0000000708000000, 0x0000000708200000|  0%| F|  |TAMS 0x0000000708000000| PB 0x0000000708000000| Untracked 
|  26|0x0000000708200000, 0x0000000708200000, 0x0000000708400000|  0%| F|  |TAMS 0x0000000708200000| PB 0x0000000708200000| Untracked 
|  27|0x0000000708400000, 0x0000000708400000, 0x0000000708600000|  0%| F|  |TAMS 0x0000000708400000| PB 0x0000000708400000| Untracked 
|  28|0x0000000708600000, 0x0000000708600000, 0x0000000708800000|  0%| F|  |TAMS 0x0000000708600000| PB 0x0000000708600000| Untracked 
|  29|0x0000000708800000, 0x00000007088b0b60, 0x0000000708a00000| 34%| E|  |TAMS 0x0000000708800000| PB 0x0000000708800000| Complete 
|  30|0x0000000708a00000, 0x0000000708c00000, 0x0000000708c00000|100%| E|CS|TAMS 0x0000000708a00000| PB 0x0000000708a00000| Complete 
|  31|0x0000000708c00000, 0x0000000708e00000, 0x0000000708e00000|100%| E|CS|TAMS 0x0000000708c00000| PB 0x0000000708c00000| Complete 
|  32|0x0000000708e00000, 0x0000000709000000, 0x0000000709000000|100%| E|CS|TAMS 0x0000000708e00000| PB 0x0000000708e00000| Complete 
|  33|0x0000000709000000, 0x0000000709200000, 0x0000000709200000|100%| E|CS|TAMS 0x0000000709000000| PB 0x0000000709000000| Complete 
|  34|0x0000000709200000, 0x0000000709400000, 0x0000000709400000|100%| E|CS|TAMS 0x0000000709200000| PB 0x0000000709200000| Complete 
|  35|0x0000000709400000, 0x0000000709600000, 0x0000000709600000|100%| E|CS|TAMS 0x0000000709400000| PB 0x0000000709400000| Complete 
|  36|0x0000000709600000, 0x0000000709800000, 0x0000000709800000|100%| E|CS|TAMS 0x0000000709600000| PB 0x0000000709600000| Complete 
|  37|0x0000000709800000, 0x0000000709a00000, 0x0000000709a00000|100%| E|CS|TAMS 0x0000000709800000| PB 0x0000000709800000| Complete 
|  38|0x0000000709a00000, 0x0000000709c00000, 0x0000000709c00000|100%| E|CS|TAMS 0x0000000709a00000| PB 0x0000000709a00000| Complete 
|  39|0x0000000709c00000, 0x0000000709e00000, 0x0000000709e00000|100%| E|CS|TAMS 0x0000000709c00000| PB 0x0000000709c00000| Complete 
|  40|0x0000000709e00000, 0x000000070a000000, 0x000000070a000000|100%| E|CS|TAMS 0x0000000709e00000| PB 0x0000000709e00000| Complete 
|  41|0x000000070a000000, 0x000000070a200000, 0x000000070a200000|100%| E|CS|TAMS 0x000000070a000000| PB 0x000000070a000000| Complete 
|  42|0x000000070a200000, 0x000000070a400000, 0x000000070a400000|100%| E|CS|TAMS 0x000000070a200000| PB 0x000000070a200000| Complete 
|  43|0x000000070a400000, 0x000000070a600000, 0x000000070a600000|100%| E|CS|TAMS 0x000000070a400000| PB 0x000000070a400000| Complete 
|  44|0x000000070a600000, 0x000000070a800000, 0x000000070a800000|100%| E|CS|TAMS 0x000000070a600000| PB 0x000000070a600000| Complete 
|  45|0x000000070a800000, 0x000000070aa00000, 0x000000070aa00000|100%| E|CS|TAMS 0x000000070a800000| PB 0x000000070a800000| Complete 
|  46|0x000000070aa00000, 0x000000070ac00000, 0x000000070ac00000|100%| E|  |TAMS 0x000000070aa00000| PB 0x000000070aa00000| Complete 
|  47|0x000000070ac00000, 0x000000070ae00000, 0x000000070ae00000|100%| E|CS|TAMS 0x000000070ac00000| PB 0x000000070ac00000| Complete 
|  48|0x000000070ae00000, 0x000000070b000000, 0x000000070b000000|100%| E|CS|TAMS 0x000000070ae00000| PB 0x000000070ae00000| Complete 
|  49|0x000000070b000000, 0x000000070b200000, 0x000000070b200000|100%| E|CS|TAMS 0x000000070b000000| PB 0x000000070b000000| Complete 
|  50|0x000000070b200000, 0x000000070b400000, 0x000000070b400000|100%| E|CS|TAMS 0x000000070b200000| PB 0x000000070b200000| Complete 
|  51|0x000000070b400000, 0x000000070b600000, 0x000000070b600000|100%| E|CS|TAMS 0x000000070b400000| PB 0x000000070b400000| Complete 
|  52|0x000000070b600000, 0x000000070b800000, 0x000000070b800000|100%| E|CS|TAMS 0x000000070b600000| PB 0x000000070b600000| Complete 
|  53|0x000000070b800000, 0x000000070ba00000, 0x000000070ba00000|100%| E|CS|TAMS 0x000000070b800000| PB 0x000000070b800000| Complete 
|  54|0x000000070ba00000, 0x000000070bc00000, 0x000000070bc00000|100%| E|CS|TAMS 0x000000070ba00000| PB 0x000000070ba00000| Complete 
| 108|0x0000000712600000, 0x0000000712800000, 0x0000000712800000|100%| E|CS|TAMS 0x0000000712600000| PB 0x0000000712600000| Complete 
| 109|0x0000000712800000, 0x0000000712a00000, 0x0000000712a00000|100%| E|CS|TAMS 0x0000000712800000| PB 0x0000000712800000| Complete 
| 124|0x0000000714600000, 0x0000000714800000, 0x0000000714800000|100%| E|CS|TAMS 0x0000000714600000| PB 0x0000000714600000| Complete 
| 125|0x0000000714800000, 0x0000000714a00000, 0x0000000714a00000|100%| E|CS|TAMS 0x0000000714800000| PB 0x0000000714800000| Complete 
|2008|0x00000007ffe00000, 0x0000000800000000, 0x0000000800000000|100%| O|  |TAMS 0x00000007ffe00000| PB 0x00000007ffe00000| Untracked 

Card table byte_map: [0x000001b8b9a00000,0x000001b8ba1e0000] _byte_map_base: 0x000001b8b61d9000

Marking Bits: (CMBitMap*) 0x000001b8b25c9f70
 Bits: [0x000001b8ba1e0000, 0x000001b8be0a8000)

Polling page: 0x000001b8b1b50000

Metaspace:

Usage:
  Non-class:     67.70 MB used.
      Class:     10.86 MB used.
       Both:     78.55 MB used.

Virtual space:
  Non-class space:      128.00 MB reserved,      68.06 MB ( 53%) committed,  2 nodes.
      Class space:        1.00 GB reserved,      11.19 MB (  1%) committed,  1 nodes.
             Both:        1.12 GB reserved,      79.25 MB (  7%) committed. 

Chunk freelists:
   Non-Class:  11.88 MB
       Class:  4.70 MB
        Both:  16.58 MB

MaxMetaspaceSize: unlimited
CompressedClassSpaceSize: 1.00 GB
Initial GC threshold: 21.00 MB
Current GC threshold: 86.69 MB
CDS: on
 - commit_granule_bytes: 65536.
 - commit_granule_words: 8192.
 - virtual_space_node_default_size: 8388608.
 - enlarge_chunks_in_place: 1.
 - use_allocation_guard: 0.


Internal statistics:

num_allocs_failed_limit: 6.
num_arena_births: 1106.
num_arena_deaths: 0.
num_vsnodes_births: 3.
num_vsnodes_deaths: 0.
num_space_committed: 1268.
num_space_uncommitted: 0.
num_chunks_returned_to_freelist: 6.
num_chunks_taken_from_freelist: 3829.
num_chunk_merges: 6.
num_chunk_splits: 2828.
num_chunks_enlarged: 2220.
num_inconsistent_stats: 0.

CodeCache: size=49152Kb used=13965Kb max_used=15085Kb free=35186Kb
 bounds [0x000001b8b5ee0000, 0x000001b8b6da0000, 0x000001b8b8ee0000]
 total_blobs=8166, nmethods=7401, adapters=688, full_count=0
Compilation: enabled, stopped_count=0, restarted_count=0

Compilation events (20 events):
Event: 13.204 Thread 0x000001b9061b8320 7459       1       kotlin.jvm.internal.Intrinsics::checkNotNullExpressionValue (38 bytes)
Event: 13.205 Thread 0x000001b9061b8320 nmethod 7459 0x000001b8b6d9a010 code [0x000001b8b6d9a220, 0x000001b8b6d9a5d0]
Event: 13.221 Thread 0x000001b9061b8320 7461       1       com.fasterxml.jackson.databind.type.ClassKey::<init> (29 bytes)
Event: 13.221 Thread 0x000001b9061b7c50 7460       1       com.fasterxml.jackson.databind.JavaType::hashCode (5 bytes)
Event: 13.221 Thread 0x000001b9061b7c50 nmethod 7460 0x000001b8b6d9ae10 code [0x000001b8b6d9afa0, 0x000001b8b6d9b068]
Event: 13.221 Thread 0x000001b9061b8320 nmethod 7461 0x000001b8b6d9b110 code [0x000001b8b6d9b2c0, 0x000001b8b6d9b4c8]
Event: 15.892 Thread 0x000001b9061b8320 7462       1       java.util.TreeSet::add (22 bytes)
Event: 15.893 Thread 0x000001b9061b8320 nmethod 7462 0x000001b8b60c9e90 code [0x000001b8b60ca040, 0x000001b8b60ca168]
Event: 32.536 Thread 0x000001b90603ab90 7463       1       java.util.concurrent.ThreadPoolExecutor::runStateAtLeast (11 bytes)
Event: 32.536 Thread 0x000001b90603ab90 nmethod 7463 0x000001b8b60c9b90 code [0x000001b8b60c9d20, 0x000001b8b60c9dd8]
Event: 35.549 Thread 0x000001b90603ab90 7465       1       java.lang.Thread::isInterrupted (5 bytes)
Event: 35.549 Thread 0x000001b90603ab90 nmethod 7465 0x000001b8b60c9490 code [0x000001b8b60c9620, 0x000001b8b60c96f0]
Event: 36.829 Thread 0x000001b90603ab90 7466       1       jdk.internal.misc.Unsafe::putReferenceOpaque (9 bytes)
Event: 36.829 Thread 0x000001b90603ab90 nmethod 7466 0x000001b8b60c9190 code [0x000001b8b60c9320, 0x000001b8b60c9440]
Event: 38.539 Thread 0x000001b90603ab90 7467       1       java.util.concurrent.ScheduledThreadPoolExecutor$DelayedWorkQueue::setIndex (16 bytes)
Event: 38.539 Thread 0x000001b90603ab90 nmethod 7467 0x000001b8b60c8e10 code [0x000001b8b60c8fa0, 0x000001b8b60c90d0]
Event: 43.548 Thread 0x000001b90603ab90 7468       1       java.util.concurrent.locks.AbstractQueuedSynchronizer$ConditionObject::canReacquire (38 bytes)
Event: 43.549 Thread 0x000001b90603ab90 nmethod 7468 0x000001b8b60c8990 code [0x000001b8b60c8b20, 0x000001b8b60c8c90]
Event: 45.542 Thread 0x000001b90603ab90 7469       1       java.lang.Thread::onSpinWait (1 bytes)
Event: 45.542 Thread 0x000001b90603ab90 nmethod 7469 0x000001b8b60c8690 code [0x000001b8b60c8820, 0x000001b8b60c88c8]

GC Heap History (20 events):
Event: 2.998 GC heap before
{Heap before GC invocations=11 (full 0):
 garbage-first heap   total 75776K, used 60629K [0x0000000704e00000, 0x0000000800000000)
  region size 2048K, 22 young (45056K), 3 survivors (6144K)
 Metaspace       used 34638K, committed 35200K, reserved 1114112K
  class space    used 4814K, committed 5056K, reserved 1048576K
}
Event: 3.009 GC heap after
{Heap after GC invocations=12 (full 0):
 garbage-first heap   total 75776K, used 24055K [0x0000000704e00000, 0x0000000800000000)
  region size 2048K, 2 young (4096K), 2 survivors (4096K)
 Metaspace       used 34638K, committed 35200K, reserved 1114112K
  class space    used 4814K, committed 5056K, reserved 1048576K
}
Event: 3.341 GC heap before
{Heap before GC invocations=12 (full 0):
 garbage-first heap   total 75776K, used 60919K [0x0000000704e00000, 0x0000000800000000)
  region size 2048K, 21 young (43008K), 2 survivors (4096K)
 Metaspace       used 37481K, committed 38080K, reserved 1114112K
  class space    used 5215K, committed 5504K, reserved 1048576K
}
Event: 3.349 GC heap after
{Heap after GC invocations=13 (full 0):
 garbage-first heap   total 75776K, used 24871K [0x0000000704e00000, 0x0000000800000000)
  region size 2048K, 2 young (4096K), 2 survivors (4096K)
 Metaspace       used 37481K, committed 38080K, reserved 1114112K
  class space    used 5215K, committed 5504K, reserved 1048576K
}
Event: 3.672 GC heap before
{Heap before GC invocations=13 (full 0):
 garbage-first heap   total 75776K, used 63783K [0x0000000704e00000, 0x0000000800000000)
  region size 2048K, 21 young (43008K), 2 survivors (4096K)
 Metaspace       used 41329K, committed 41920K, reserved 1114112K
  class space    used 5824K, committed 6080K, reserved 1048576K
}
Event: 3.680 GC heap after
{Heap after GC invocations=14 (full 0):
 garbage-first heap   total 102400K, used 25938K [0x0000000704e00000, 0x0000000800000000)
  region size 2048K, 1 young (2048K), 1 survivors (2048K)
 Metaspace       used 41329K, committed 41920K, reserved 1114112K
  class space    used 5824K, committed 6080K, reserved 1048576K
}
Event: 4.141 GC heap before
{Heap before GC invocations=14 (full 0):
 garbage-first heap   total 102400K, used 85330K [0x0000000704e00000, 0x0000000800000000)
  region size 2048K, 30 young (61440K), 1 survivors (2048K)
 Metaspace       used 47278K, committed 47872K, reserved 1114112K
  class space    used 6575K, committed 6848K, reserved 1048576K
}
Event: 4.147 GC heap after
{Heap after GC invocations=15 (full 0):
 garbage-first heap   total 102400K, used 28851K [0x0000000704e00000, 0x0000000800000000)
  region size 2048K, 3 young (6144K), 3 survivors (6144K)
 Metaspace       used 47278K, committed 47872K, reserved 1114112K
  class space    used 6575K, committed 6848K, reserved 1048576K
}
Event: 4.538 GC heap before
{Heap before GC invocations=15 (full 0):
 garbage-first heap   total 102400K, used 75955K [0x0000000704e00000, 0x0000000800000000)
  region size 2048K, 27 young (55296K), 3 survivors (6144K)
 Metaspace       used 52370K, committed 52928K, reserved 1114112K
  class space    used 7309K, committed 7552K, reserved 1048576K
}
Event: 4.545 GC heap after
{Heap after GC invocations=16 (full 0):
 garbage-first heap   total 102400K, used 30497K [0x0000000704e00000, 0x0000000800000000)
  region size 2048K, 3 young (6144K), 3 survivors (6144K)
 Metaspace       used 52370K, committed 52928K, reserved 1114112K
  class space    used 7309K, committed 7552K, reserved 1048576K
}
Event: 4.974 GC heap before
{Heap before GC invocations=17 (full 0):
 garbage-first heap   total 102400K, used 85793K [0x0000000704e00000, 0x0000000800000000)
  region size 2048K, 30 young (61440K), 3 survivors (6144K)
 Metaspace       used 56598K, committed 57216K, reserved 1114112K
  class space    used 8099K, committed 8384K, reserved 1048576K
}
Event: 4.981 GC heap after
{Heap after GC invocations=18 (full 0):
 garbage-first heap   total 102400K, used 31549K [0x0000000704e00000, 0x0000000800000000)
  region size 2048K, 3 young (6144K), 3 survivors (6144K)
 Metaspace       used 56598K, committed 57216K, reserved 1114112K
  class space    used 8099K, committed 8384K, reserved 1048576K
}
Event: 5.726 GC heap before
{Heap before GC invocations=18 (full 0):
 garbage-first heap   total 102400K, used 86845K [0x0000000704e00000, 0x0000000800000000)
  region size 2048K, 30 young (61440K), 3 survivors (6144K)
 Metaspace       used 61595K, committed 62272K, reserved 1114112K
  class space    used 8782K, committed 9088K, reserved 1048576K
}
Event: 5.734 GC heap after
{Heap after GC invocations=19 (full 0):
 garbage-first heap   total 122880K, used 32750K [0x0000000704e00000, 0x0000000800000000)
  region size 2048K, 2 young (4096K), 2 survivors (4096K)
 Metaspace       used 61595K, committed 62272K, reserved 1114112K
  class space    used 8782K, committed 9088K, reserved 1048576K
}
Event: 6.170 GC heap before
{Heap before GC invocations=19 (full 0):
 garbage-first heap   total 122880K, used 102382K [0x0000000704e00000, 0x0000000800000000)
  region size 2048K, 36 young (73728K), 2 survivors (4096K)
 Metaspace       used 64202K, committed 64896K, reserved 1114112K
  class space    used 9149K, committed 9472K, reserved 1048576K
}
Event: 6.175 GC heap after
{Heap after GC invocations=20 (full 0):
 garbage-first heap   total 122880K, used 36543K [0x0000000704e00000, 0x0000000800000000)
  region size 2048K, 4 young (8192K), 4 survivors (8192K)
 Metaspace       used 64202K, committed 64896K, reserved 1114112K
  class space    used 9149K, committed 9472K, reserved 1048576K
}
Event: 8.316 GC heap before
{Heap before GC invocations=20 (full 0):
 garbage-first heap   total 122880K, used 102079K [0x0000000704e00000, 0x0000000800000000)
  region size 2048K, 36 young (73728K), 4 survivors (8192K)
 Metaspace       used 67058K, committed 67840K, reserved 1114112K
  class space    used 9561K, committed 9920K, reserved 1048576K
}
Event: 8.323 GC heap after
{Heap after GC invocations=21 (full 0):
 garbage-first heap   total 122880K, used 39276K [0x0000000704e00000, 0x0000000800000000)
  region size 2048K, 4 young (8192K), 4 survivors (8192K)
 Metaspace       used 67058K, committed 67840K, reserved 1114112K
  class space    used 9561K, committed 9920K, reserved 1048576K
}
Event: 12.140 GC heap before
{Heap before GC invocations=21 (full 0):
 garbage-first heap   total 122880K, used 102764K [0x0000000704e00000, 0x0000000800000000)
  region size 2048K, 36 young (73728K), 4 survivors (8192K)
 Metaspace       used 72512K, committed 73280K, reserved 1114112K
  class space    used 10290K, committed 10688K, reserved 1048576K
}
Event: 12.147 GC heap after
{Heap after GC invocations=22 (full 0):
 garbage-first heap   total 122880K, used 41587K [0x0000000704e00000, 0x0000000800000000)
  region size 2048K, 3 young (6144K), 3 survivors (6144K)
 Metaspace       used 72512K, committed 73280K, reserved 1114112K
  class space    used 10290K, committed 10688K, reserved 1048576K
}

Dll operation events (12 events):
Event: 0.008 Loaded shared library E:\sts-4.32.0.RELEASE\plugins\org.eclipse.justj.openjdk.hotspot.jre.full.win32.x86_64_21.0.8.v20250724-1412\jre\bin\java.dll
Event: 0.030 Loaded shared library E:\sts-4.32.0.RELEASE\plugins\org.eclipse.justj.openjdk.hotspot.jre.full.win32.x86_64_21.0.8.v20250724-1412\jre\bin\zip.dll
Event: 0.206 Loaded shared library E:\sts-4.32.0.RELEASE\plugins\org.eclipse.justj.openjdk.hotspot.jre.full.win32.x86_64_21.0.8.v20250724-1412\jre\bin\instrument.dll
Event: 0.211 Loaded shared library E:\sts-4.32.0.RELEASE\plugins\org.eclipse.justj.openjdk.hotspot.jre.full.win32.x86_64_21.0.8.v20250724-1412\jre\bin\net.dll
Event: 0.212 Loaded shared library E:\sts-4.32.0.RELEASE\plugins\org.eclipse.justj.openjdk.hotspot.jre.full.win32.x86_64_21.0.8.v20250724-1412\jre\bin\nio.dll
Event: 0.214 Loaded shared library E:\sts-4.32.0.RELEASE\plugins\org.eclipse.justj.openjdk.hotspot.jre.full.win32.x86_64_21.0.8.v20250724-1412\jre\bin\zip.dll
Event: 0.358 Loaded shared library E:\sts-4.32.0.RELEASE\plugins\org.eclipse.justj.openjdk.hotspot.jre.full.win32.x86_64_21.0.8.v20250724-1412\jre\bin\jimage.dll
Event: 0.398 Loaded shared library E:\sts-4.32.0.RELEASE\plugins\org.eclipse.justj.openjdk.hotspot.jre.full.win32.x86_64_21.0.8.v20250724-1412\jre\bin\management.dll
Event: 0.409 Loaded shared library E:\sts-4.32.0.RELEASE\plugins\org.eclipse.justj.openjdk.hotspot.jre.full.win32.x86_64_21.0.8.v20250724-1412\jre\bin\management_ext.dll
Event: 0.599 Loaded shared library E:\sts-4.32.0.RELEASE\plugins\org.eclipse.justj.openjdk.hotspot.jre.full.win32.x86_64_21.0.8.v20250724-1412\jre\bin\extnet.dll
Event: 0.627 Loaded shared library E:\sts-4.32.0.RELEASE\plugins\org.eclipse.justj.openjdk.hotspot.jre.full.win32.x86_64_21.0.8.v20250724-1412\jre\bin\verify.dll
Event: 2.978 Loaded shared library E:\sts-4.32.0.RELEASE\plugins\org.eclipse.justj.openjdk.hotspot.jre.full.win32.x86_64_21.0.8.v20250724-1412\jre\bin\sunmscapi.dll

Deoptimization events (20 events):
Event: 12.240 Thread 0x000001b9071d8d70 DEOPT PACKING pc=0x000001b8b641478c sp=0x00000037798faf80
Event: 12.240 Thread 0x000001b9071d8d70 DEOPT UNPACKING pc=0x000001b8b5f34e42 sp=0x00000037798fa458 mode 1
Event: 12.619 Thread 0x000001b9071d8d70 DEOPT PACKING pc=0x000001b8b6d1f334 sp=0x00000037798f92e0
Event: 12.619 Thread 0x000001b9071d8d70 DEOPT UNPACKING pc=0x000001b8b5f34e42 sp=0x00000037798f8818 mode 1
Event: 12.619 Thread 0x000001b9071d8d70 DEOPT PACKING pc=0x000001b8b6d1f334 sp=0x00000037798f92e0
Event: 12.619 Thread 0x000001b9071d8d70 DEOPT UNPACKING pc=0x000001b8b5f34e42 sp=0x00000037798f8818 mode 1
Event: 31.026 Thread 0x000001b9071ddc30 DEOPT PACKING pc=0x000001b8b6cae37c sp=0x000000377c4fed50
Event: 31.026 Thread 0x000001b9071ddc30 DEOPT UNPACKING pc=0x000001b8b5f34e42 sp=0x000000377c4fe228 mode 0
Event: 31.026 Thread 0x000001b9071dd5a0 DEOPT PACKING pc=0x000001b8b6cae37c sp=0x000000377c3fea30
Event: 31.026 Thread 0x000001b9071dd5a0 DEOPT UNPACKING pc=0x000001b8b5f34e42 sp=0x000000377c3fdf08 mode 0
Event: 31.027 Thread 0x000001b909c42420 DEOPT PACKING pc=0x000001b8b6cae37c sp=0x000000377c9fef10
Event: 31.027 Thread 0x000001b909c42420 DEOPT UNPACKING pc=0x000001b8b5f34e42 sp=0x000000377c9fe3e8 mode 0
Event: 31.027 Thread 0x000001b909c444f0 DEOPT PACKING pc=0x000001b8b6cae37c sp=0x000000377c7feae0
Event: 31.027 Thread 0x000001b909c444f0 DEOPT UNPACKING pc=0x000001b8b5f34e42 sp=0x000000377c7fdfb8 mode 0
Event: 31.027 Thread 0x000001b9071de2c0 DEOPT PACKING pc=0x000001b8b6cae37c sp=0x000000377c5fed50
Event: 31.027 Thread 0x000001b9071de2c0 DEOPT UNPACKING pc=0x000001b8b5f34e42 sp=0x000000377c5fe228 mode 0
Event: 31.028 Thread 0x000001b9075d41b0 DEOPT PACKING pc=0x000001b8b6cae37c sp=0x000000377abfef80
Event: 31.028 Thread 0x000001b9075d41b0 DEOPT UNPACKING pc=0x000001b8b5f34e42 sp=0x000000377abfe458 mode 0
Event: 48.108 Thread 0x000001b9071d8d70 DEOPT PACKING pc=0x000001b8b6af0db4 sp=0x00000037798fbbb0
Event: 48.108 Thread 0x000001b9071d8d70 DEOPT UNPACKING pc=0x000001b8b5f34e42 sp=0x00000037798fb058 mode 0

Classes loaded (20 events):
Event: 12.848 Loading class sun/security/ssl/Finished$T10VerifyDataGenerator
Event: 12.848 Loading class sun/security/ssl/Finished$T10VerifyDataGenerator done
Event: 12.848 Loading class sun/security/ssl/Finished$T12VerifyDataGenerator
Event: 12.848 Loading class sun/security/ssl/Finished$T12VerifyDataGenerator done
Event: 12.848 Loading class sun/security/ssl/Finished$T13VerifyDataGenerator
Event: 12.848 Loading class sun/security/ssl/Finished$T13VerifyDataGenerator done
Event: 12.848 Loading class sun/security/ssl/Finished$1
Event: 12.848 Loading class sun/security/ssl/Finished$1 done
Event: 12.848 Loading class sun/security/ssl/SSLBasicKeyDerivation
Event: 12.848 Loading class sun/security/ssl/SSLBasicKeyDerivation done
Event: 12.848 Loading class sun/security/ssl/SSLBasicKeyDerivation$SecretSizeSpec
Event: 12.848 Loading class sun/security/ssl/SSLBasicKeyDerivation$SecretSizeSpec done
Event: 12.850 Loading class com/sun/crypto/provider/GaloisCounterMode$GCMEncrypt
Event: 12.850 Loading class com/sun/crypto/provider/GaloisCounterMode$GCMEncrypt done
Event: 12.850 Loading class com/sun/crypto/provider/GaloisCounterMode$EncryptOp
Event: 12.851 Loading class com/sun/crypto/provider/GaloisCounterMode$EncryptOp done
Event: 12.852 Loading class javax/net/ssl/SSLEngineResult$HandshakeStatus
Event: 12.852 Loading class javax/net/ssl/SSLEngineResult$HandshakeStatus done
Event: 12.852 Loading class jdk/internal/event/TLSHandshakeEvent
Event: 12.852 Loading class jdk/internal/event/TLSHandshakeEvent done

Classes unloaded (0 events):
No events

Classes redefined (1 events):
Event: 48.126 Thread 0x000001b8c07fe0d0 redefined class name=com.prafful.springjwt.service.Servicess, count=1

Internal exceptions (20 events):
Event: 5.776 Thread 0x000001b8b2562bc0 Exception <a 'java/lang/IncompatibleClassChangeError'{0x0000000712928900}: Found class java.lang.Object, but interface was expected> (0x0000000712928900) 
thrown [s\src\hotspot\share\interpreter\linkResolver.cpp, line 840]
Event: 5.839 Thread 0x000001b8b2562bc0 Exception <a 'java/lang/NoSuchMethodError'{0x000000070b6331a8}: 'void java.lang.invoke.Invokers$Holder.invokeExact_MT(java.lang.Object, java.lang.Object, int, java.lang.Object)'> (0x000000070b6331a8) 
thrown [s\src\hotspot\share\interpreter\linkResolver.cpp, line 773]
Event: 5.876 Thread 0x000001b8b2562bc0 Exception <a 'java/lang/NoSuchMethodError'{0x000000070b28ae58}: 'long java.lang.invoke.DirectMethodHandle$Holder.invokeVirtual(java.lang.Object, java.lang.Object)'> (0x000000070b28ae58) 
thrown [s\src\hotspot\share\interpreter\linkResolver.cpp, line 773]
Event: 5.930 Thread 0x000001b8b2562bc0 Exception <a 'sun/nio/fs/WindowsException'{0x000000070afc8ba0}> (0x000000070afc8ba0) 
thrown [s\src\hotspot\share\prims\jni.cpp, line 520]
Event: 6.240 Thread 0x000001b8b2562bc0 Exception <a 'java/lang/NoSuchMethodError'{0x000000070b737698}: 'java.lang.Object java.lang.invoke.DirectMethodHandle$Holder.invokeStatic(java.lang.Object, java.lang.Object, java.lang.Object, java.lang.Object, java.lang.Object, java.lang.Object, java.lang.Object, java.lang.Object, java.lang.Object, java.lang.Object, java.lang.Object, java.lang.Object, java.lang.Object)'> (0x000000070b737698) 
thrown [s\src\hotspot\share\interpreter\linkResolver.cpp, line 773]
Event: 6.313 Thread 0x000001b8b2562bc0 Exception <a 'java/lang/NoSuchMethodError'{0x000000070b1dfcf0}: 'java.lang.Object java.lang.invoke.DirectMethodHandle$Holder.newInvokeSpecial(java.lang.Object, java.lang.Object, java.lang.Object, java.lang.Object, java.lang.Object, java.lang.Object, java.lang.Object, java.lang.Object)'> (0x000000070b1dfcf0) 
thrown [s\src\hotspot\share\interpreter\linkResolver.cpp, line 773]
Event: 8.173 Thread 0x000001b8b2562bc0 Exception <a 'java/lang/IncompatibleClassChangeError'{0x0000000709796520}: Found class java.lang.Object, but interface was expected> (0x0000000709796520) 
thrown [s\src\hotspot\share\interpreter\linkResolver.cpp, line 840]
Event: 8.238 Thread 0x000001b8b2562bc0 Exception <a 'java/lang/NoSuchMethodError'{0x0000000708f91cc8}: 'java.lang.Object java.lang.invoke.DirectMethodHandle$Holder.invokeInterface(java.lang.Object, java.lang.Object, java.lang.Object, java.lang.Object)'> (0x0000000708f91cc8) 
thrown [s\src\hotspot\share\interpreter\linkResolver.cpp, line 773]
Event: 8.295 Thread 0x000001b8b2562bc0 Exception <a 'java/lang/NoSuchMethodError'{0x0000000708740030}: 'void java.lang.invoke.DirectMethodHandle$Holder.invokeVirtual(java.lang.Object, java.lang.Object, long)'> (0x0000000708740030) 
thrown [s\src\hotspot\share\interpreter\linkResolver.cpp, line 773]
Event: 8.369 Thread 0x000001b8b2562bc0 Exception <a 'java/lang/NoSuchMethodError'{0x00000007126dbd38}: 'int java.lang.invoke.DirectMethodHandle$Holder.invokeStaticInit(java.lang.Object, java.lang.Object, java.lang.Object, java.lang.Object)'> (0x00000007126dbd38) 
thrown [s\src\hotspot\share\interpreter\linkResolver.cpp, line 773]
Event: 8.496 Thread 0x000001b8b2562bc0 Exception <a 'java/lang/IncompatibleClassChangeError'{0x000000070ada75b0}: Found class java.lang.Object, but interface was expected> (0x000000070ada75b0) 
thrown [s\src\hotspot\share\interpreter\linkResolver.cpp, line 840]
Event: 8.515 Thread 0x000001b8b2562bc0 Exception <a 'java/lang/NoSuchMethodError'{0x000000070ab4b020}: 'java.lang.Object java.lang.invoke.DirectMethodHandle$Holder.newInvokeSpecial(java.lang.Object, java.lang.Object, int, java.lang.Object, java.lang.Object)'> (0x000000070ab4b020) 
thrown [s\src\hotspot\share\interpreter\linkResolver.cpp, line 773]
Event: 8.515 Thread 0x000001b8b2562bc0 Exception <a 'java/lang/NoSuchMethodError'{0x000000070ab55f08}: 'java.lang.Object java.lang.invoke.DirectMethodHandle$Holder.invokeSpecial(java.lang.Object, java.lang.Object, int, java.lang.Object, int, java.lang.Object)'> (0x000000070ab55f08) 
thrown [s\src\hotspot\share\interpreter\linkResolver.cpp, line 773]
Event: 8.515 Thread 0x000001b8b2562bc0 Exception <a 'java/lang/NoSuchMethodError'{0x000000070ab5d238}: 'java.lang.Object java.lang.invoke.DirectMethodHandle$Holder.newInvokeSpecial(java.lang.Object, java.lang.Object, int, java.lang.Object, int)'> (0x000000070ab5d238) 
thrown [s\src\hotspot\share\interpreter\linkResolver.cpp, line 773]
Event: 8.515 Thread 0x000001b8b2562bc0 Exception <a 'java/lang/NoSuchMethodError'{0x000000070ab61148}: 'java.lang.Object java.lang.invoke.DirectMethodHandle$Holder.invokeSpecial(java.lang.Object, java.lang.Object, java.lang.Object, int, java.lang.Object, int)'> (0x000000070ab61148) 
thrown [s\src\hotspot\share\interpreter\linkResolver.cpp, line 773]
Event: 8.777 Thread 0x000001b9075d41b0 Exception <a 'java/lang/NoSuchMethodError'{0x0000000709e2a180}: 'java.lang.Object java.lang.invoke.DirectMethodHandle$Holder.invokeInterface(java.lang.Object, java.lang.Object, java.lang.Object, java.lang.Object, java.lang.Object, java.lang.Object, java.lang.Object)'> (0x0000000709e2a180) 
thrown [s\src\hotspot\share\interpreter\linkResolver.cpp, line 773]
Event: 11.898 Thread 0x000001b9071d8d70 Exception <a 'java/lang/NoSuchMethodError'{0x0000000709b5e248}: 'java.lang.Object java.lang.invoke.DirectMethodHandle$Holder.invokeSpecial(java.lang.Object, java.lang.Object, java.lang.Object, java.lang.Object, java.lang.Object, long)'> (0x0000000709b5e248) 
thrown [s\src\hotspot\share\interpreter\linkResolver.cpp, line 773]
Event: 11.898 Thread 0x000001b9071d8d70 Exception <a 'java/lang/NoSuchMethodError'{0x0000000709b61a28}: 'java.lang.Object java.lang.invoke.Invokers$Holder.linkToTargetMethod(java.lang.Object, java.lang.Object, java.lang.Object, long, java.lang.Object)'> (0x0000000709b61a28) 
thrown [s\src\hotspot\share\interpreter\linkResolver.cpp, line 773]
Event: 12.193 Thread 0x000001b9071d8d70 Exception <a 'java/lang/NoSuchMethodError'{0x000000071268c598}: 'void java.lang.invoke.DirectMethodHandle$Holder.invokeSpecialIFC(java.lang.Object, java.lang.Object, int, java.lang.Object, java.lang.Object, java.lang.Object, java.lang.Object)'> (0x000000071268c598) 
thrown [s\src\hotspot\share\interpreter\linkResolver.cpp, line 773]
Event: 12.213 Thread 0x000001b9071d8d70 Exception <a 'java/lang/IncompatibleClassChangeError'{0x000000070bacf450}: Found class java.lang.Object, but interface was expected> (0x000000070bacf450) 
thrown [s\src\hotspot\share\interpreter\linkResolver.cpp, line 840]

ZGC Phase Switch (0 events):
No events

VM Operations (20 events):
Event: 37.831 Executing VM operation: get/set locals
Event: 37.831 Executing VM operation: get/set locals done
Event: 37.832 Executing VM operation: get/set locals
Event: 37.832 Executing VM operation: get/set locals done
Event: 48.107 Executing VM operation: ChangeSingleStep
Event: 48.107 Executing VM operation: ChangeSingleStep done
Event: 48.108 Executing VM operation: ChangeSingleStep
Event: 48.108 Executing VM operation: ChangeSingleStep done
Event: 48.120 Executing VM operation: RedefineClasses
Event: 48.140 Executing VM operation: RedefineClasses done
Event: 48.161 Executing VM operation: ChangeBreakpoints
Event: 48.163 Executing VM operation: ChangeBreakpoints done
Event: 48.176 Executing VM operation: ChangeBreakpoints
Event: 48.178 Executing VM operation: ChangeBreakpoints done
Event: 48.190 Executing VM operation: ChangeBreakpoints
Event: 48.192 Executing VM operation: ChangeBreakpoints done
Event: 48.205 Executing VM operation: ChangeBreakpoints
Event: 48.206 Executing VM operation: ChangeBreakpoints done
Event: 48.208 Executing VM operation: ChangeSingleStep
Event: 48.208 Executing VM operation: ChangeSingleStep done

Memory protections (0 events):
No events

Nmethod flushes (20 events):
Event: 4.559 Thread 0x000001b8c07fe0d0 flushing  nmethod 0x000001b8b663ae90
Event: 4.559 Thread 0x000001b8c07fe0d0 flushing  nmethod 0x000001b8b667af10
Event: 4.559 Thread 0x000001b8c07fe0d0 flushing  nmethod 0x000001b8b66c1990
Event: 4.559 Thread 0x000001b8c07fe0d0 flushing  nmethod 0x000001b8b66f4b90
Event: 4.559 Thread 0x000001b8c07fe0d0 flushing  nmethod 0x000001b8b6739c10
Event: 4.559 Thread 0x000001b8c07fe0d0 flushing  nmethod 0x000001b8b673a110
Event: 4.559 Thread 0x000001b8c07fe0d0 flushing  nmethod 0x000001b8b6750010
Event: 4.559 Thread 0x000001b8c07fe0d0 flushing  nmethod 0x000001b8b6761910
Event: 4.559 Thread 0x000001b8c07fe0d0 flushing  nmethod 0x000001b8b676d810
Event: 4.559 Thread 0x000001b8c07fe0d0 flushing  nmethod 0x000001b8b6795590
Event: 4.559 Thread 0x000001b8c07fe0d0 flushing  nmethod 0x000001b8b682bd90
Event: 4.559 Thread 0x000001b8c07fe0d0 flushing  nmethod 0x000001b8b682c110
Event: 4.559 Thread 0x000001b8c07fe0d0 flushing  nmethod 0x000001b8b68a2190
Event: 4.559 Thread 0x000001b8c07fe0d0 flushing  nmethod 0x000001b8b68aa810
Event: 4.559 Thread 0x000001b8c07fe0d0 flushing  nmethod 0x000001b8b68abe90
Event: 4.559 Thread 0x000001b8c07fe0d0 flushing  nmethod 0x000001b8b68ad310
Event: 4.559 Thread 0x000001b8c07fe0d0 flushing  nmethod 0x000001b8b6625c90
Event: 4.559 Thread 0x000001b8c07fe0d0 flushing  nmethod 0x000001b8b6656d10
Event: 4.559 Thread 0x000001b8c07fe0d0 flushing  nmethod 0x000001b8b66f8310
Event: 4.559 Thread 0x000001b8c07fe0d0 flushing  nmethod 0x000001b8b6838910

Events (20 events):
Event: 8.572 Thread 0x000001b9071dc1f0 Thread added: 0x000001b9071dc1f0
Event: 8.765 Thread 0x000001b9075d41b0 Thread added: 0x000001b9071dc880
Event: 8.766 Thread 0x000001b9060568e0 Thread added: 0x000001b9071dcf10
Event: 8.771 Thread 0x000001b9060568e0 Thread added: 0x000001b9071dd5a0
Event: 8.776 Thread 0x000001b9060568e0 Thread added: 0x000001b9071ddc30
Event: 8.781 Thread 0x000001b9070a9470 Thread added: 0x000001b9071de2c0
Event: 8.783 Thread 0x000001b9071de2c0 Thread added: 0x000001b909c41d90
Event: 8.788 Thread 0x000001b9070a9470 Thread added: 0x000001b909c444f0
Event: 8.792 Thread 0x000001b909c444f0 Thread added: 0x000001b909c437d0
Event: 8.795 Thread 0x000001b9070a9470 Thread added: 0x000001b909c42420
Event: 8.798 Thread 0x000001b909c42420 Thread added: 0x000001b909c42ab0
Event: 8.805 Thread 0x000001b909c437d0 Thread exited: 0x000001b909c437d0
Event: 8.809 Thread 0x000001b909c42ab0 Thread exited: 0x000001b909c42ab0
Event: 9.097 Thread 0x000001b907675e80 Thread exited: 0x000001b907675e80
Event: 9.825 Thread 0x000001b9071dc880 Thread exited: 0x000001b9071dc880
Event: 9.830 Thread 0x000001b909c41d90 Thread exited: 0x000001b909c41d90
Event: 12.860 Thread 0x000001b9071d8d70 Thread added: 0x000001b909c43e60
Event: 12.870 Thread 0x000001b9071d8d70 Thread added: 0x000001b909c437d0
Event: 15.892 Thread 0x000001b9061b7c50 Thread exited: 0x000001b9061b7c50
Event: 20.898 Thread 0x000001b9061b8320 Thread exited: 0x000001b9061b8320


Dynamic libraries:
0x00007ff780010000 - 0x00007ff78001e000 	E:\sts-4.32.0.RELEASE\plugins\org.eclipse.justj.openjdk.hotspot.jre.full.win32.x86_64_21.0.8.v20250724-1412\jre\bin\javaw.exe
0x00007ff9ff540000 - 0x00007ff9ff7a8000 	C:\WINDOWS\SYSTEM32\ntdll.dll
0x00007ff9fd8c0000 - 0x00007ff9fd989000 	C:\WINDOWS\System32\KERNEL32.DLL
0x00007ff9fc6d0000 - 0x00007ff9fcac2000 	C:\WINDOWS\System32\KERNELBASE.dll
0x00007ff9fcc40000 - 0x00007ff9fcd8b000 	C:\WINDOWS\System32\ucrtbase.dll
0x00007ff9f3ee0000 - 0x00007ff9f3ef8000 	E:\sts-4.32.0.RELEASE\plugins\org.eclipse.justj.openjdk.hotspot.jre.full.win32.x86_64_21.0.8.v20250724-1412\jre\bin\jli.dll
0x00007ff9df320000 - 0x00007ff9df33e000 	E:\sts-4.32.0.RELEASE\plugins\org.eclipse.justj.openjdk.hotspot.jre.full.win32.x86_64_21.0.8.v20250724-1412\jre\bin\VCRUNTIME140.dll
0x00007ff9ff330000 - 0x00007ff9ff4f5000 	C:\WINDOWS\System32\USER32.dll
0x00007ff9fcec0000 - 0x00007ff9fcee7000 	C:\WINDOWS\System32\win32u.dll
0x00007ff9ded60000 - 0x00007ff9deff3000 	C:\WINDOWS\WinSxS\amd64_microsoft.windows.common-controls_6595b64144ccf1df_6.0.26100.6899_none_3e0efeeae32e88c1\COMCTL32.dll
0x00007ff9fd7e0000 - 0x00007ff9fd80b000 	C:\WINDOWS\System32\GDI32.dll
0x00007ff9fd810000 - 0x00007ff9fd8b9000 	C:\WINDOWS\System32\msvcrt.dll
0x00007ff9fcd90000 - 0x00007ff9fcebd000 	C:\WINDOWS\System32\gdi32full.dll
0x00007ff9fd260000 - 0x00007ff9fd303000 	C:\WINDOWS\System32\msvcp_win.dll
0x00007ff9fec80000 - 0x00007ff9fecaf000 	C:\WINDOWS\System32\IMM32.DLL
0x00007ff9e23b0000 - 0x00007ff9e23bc000 	E:\sts-4.32.0.RELEASE\plugins\org.eclipse.justj.openjdk.hotspot.jre.full.win32.x86_64_21.0.8.v20250724-1412\jre\bin\vcruntime140_1.dll
0x00007ff98ba70000 - 0x00007ff98bafd000 	E:\sts-4.32.0.RELEASE\plugins\org.eclipse.justj.openjdk.hotspot.jre.full.win32.x86_64_21.0.8.v20250724-1412\jre\bin\msvcp140.dll
0x00007ff925520000 - 0x00007ff9262b7000 	E:\sts-4.32.0.RELEASE\plugins\org.eclipse.justj.openjdk.hotspot.jre.full.win32.x86_64_21.0.8.v20250724-1412\jre\bin\server\jvm.dll
0x00007ff9feb20000 - 0x00007ff9febd4000 	C:\WINDOWS\System32\ADVAPI32.dll
0x00007ff9fe9e0000 - 0x00007ff9fea86000 	C:\WINDOWS\System32\sechost.dll
0x00007ff9fd6c0000 - 0x00007ff9fd7d8000 	C:\WINDOWS\System32\RPCRT4.dll
0x00007ff9fecc0000 - 0x00007ff9fed34000 	C:\WINDOWS\System32\WS2_32.dll
0x00007ff9f7040000 - 0x00007ff9f7075000 	C:\WINDOWS\SYSTEM32\WINMM.dll
0x00007ff9fc530000 - 0x00007ff9fc58e000 	C:\WINDOWS\SYSTEM32\POWRPROF.dll
0x00007ff9df560000 - 0x00007ff9df56b000 	C:\WINDOWS\SYSTEM32\VERSION.dll
0x00007ff9fc510000 - 0x00007ff9fc524000 	C:\WINDOWS\SYSTEM32\UMPDC.dll
0x00007ff9fb4a0000 - 0x00007ff9fb4bb000 	C:\WINDOWS\SYSTEM32\kernel.appcore.dll
0x00007ff9f3fd0000 - 0x00007ff9f3fda000 	E:\sts-4.32.0.RELEASE\plugins\org.eclipse.justj.openjdk.hotspot.jre.full.win32.x86_64_21.0.8.v20250724-1412\jre\bin\jimage.dll
0x00007ff9f9e00000 - 0x00007ff9fa042000 	C:\WINDOWS\SYSTEM32\DBGHELP.DLL
0x00007ff9fd990000 - 0x00007ff9fdd0b000 	C:\WINDOWS\System32\combase.dll
0x00007ff9fdf40000 - 0x00007ff9fe017000 	C:\WINDOWS\System32\OLEAUT32.dll
0x00007ff9f7000000 - 0x00007ff9f703c000 	C:\WINDOWS\SYSTEM32\dbgcore.DLL
0x00007ff9fd040000 - 0x00007ff9fd0d8000 	C:\WINDOWS\System32\bcryptPrimitives.dll
0x00007ff9c51e0000 - 0x00007ff9c521c000 	E:\sts-4.32.0.RELEASE\plugins\org.eclipse.justj.openjdk.hotspot.jre.full.win32.x86_64_21.0.8.v20250724-1412\jre\bin\jdwp.dll
0x00007ff9f3f30000 - 0x00007ff9f3f3f000 	E:\sts-4.32.0.RELEASE\plugins\org.eclipse.justj.openjdk.hotspot.jre.full.win32.x86_64_21.0.8.v20250724-1412\jre\bin\instrument.dll
0x00007ff9e2400000 - 0x00007ff9e241f000 	E:\sts-4.32.0.RELEASE\plugins\org.eclipse.justj.openjdk.hotspot.jre.full.win32.x86_64_21.0.8.v20250724-1412\jre\bin\java.dll
0x00007ff9fe0a0000 - 0x00007ff9fe7ed000 	C:\WINDOWS\System32\SHELL32.dll
0x00007ff9fcad0000 - 0x00007ff9fcc3b000 	C:\WINDOWS\System32\wintypes.dll
0x00007ff9fa320000 - 0x00007ff9fab7d000 	C:\WINDOWS\SYSTEM32\windows.storage.dll
0x00007ff9fd520000 - 0x00007ff9fd612000 	C:\WINDOWS\System32\SHCORE.dll
0x00007ff9fdd10000 - 0x00007ff9fdd72000 	C:\WINDOWS\System32\shlwapi.dll
0x00007ff9fc5f0000 - 0x00007ff9fc619000 	C:\WINDOWS\SYSTEM32\profapi.dll
0x00007ff9e23e0000 - 0x00007ff9e23f8000 	E:\sts-4.32.0.RELEASE\plugins\org.eclipse.justj.openjdk.hotspot.jre.full.win32.x86_64_21.0.8.v20250724-1412\jre\bin\zip.dll
0x00007ff9f3f80000 - 0x00007ff9f3f8b000 	E:\sts-4.32.0.RELEASE\plugins\org.eclipse.justj.openjdk.hotspot.jre.full.win32.x86_64_21.0.8.v20250724-1412\jre\bin\dt_socket.dll
0x00007ff9faff0000 - 0x00007ff9fb024000 	C:\WINDOWS\SYSTEM32\IPHLPAPI.DLL
0x00007ff9fba10000 - 0x00007ff9fba7b000 	C:\WINDOWS\system32\mswsock.dll
0x00007ff9fb030000 - 0x00007ff9fb156000 	C:\WINDOWS\SYSTEM32\DNSAPI.dll
0x00007ff9fd510000 - 0x00007ff9fd51a000 	C:\WINDOWS\System32\NSI.dll
0x00007ff9e9fb0000 - 0x00007ff9e9fbb000 	C:\Windows\System32\rasadhlp.dll
0x00007ff9f31c0000 - 0x00007ff9f3246000 	C:\WINDOWS\System32\fwpuclnt.dll
0x00007ff9f3f20000 - 0x00007ff9f3f30000 	E:\sts-4.32.0.RELEASE\plugins\org.eclipse.justj.openjdk.hotspot.jre.full.win32.x86_64_21.0.8.v20250724-1412\jre\bin\net.dll
0x00007ff9f2090000 - 0x00007ff9f21af000 	C:\WINDOWS\SYSTEM32\WINHTTP.dll
0x00007ff9e23c0000 - 0x00007ff9e23d6000 	E:\sts-4.32.0.RELEASE\plugins\org.eclipse.justj.openjdk.hotspot.jre.full.win32.x86_64_21.0.8.v20250724-1412\jre\bin\nio.dll
0x00007ff9df470000 - 0x00007ff9df47a000 	E:\sts-4.32.0.RELEASE\plugins\org.eclipse.justj.openjdk.hotspot.jre.full.win32.x86_64_21.0.8.v20250724-1412\jre\bin\management.dll
0x00007ff9df370000 - 0x00007ff9df37b000 	E:\sts-4.32.0.RELEASE\plugins\org.eclipse.justj.openjdk.hotspot.jre.full.win32.x86_64_21.0.8.v20250724-1412\jre\bin\management_ext.dll
0x00007ff9febe0000 - 0x00007ff9febe8000 	C:\WINDOWS\System32\PSAPI.DLL
0x00007ff9c9510000 - 0x00007ff9c9528000 	C:\WINDOWS\system32\napinsp.dll
0x00007ff9c94b0000 - 0x00007ff9c94c2000 	C:\WINDOWS\System32\winrnr.dll
0x00007ff9c9480000 - 0x00007ff9c94a8000 	C:\WINDOWS\system32\nlansp_c.dll
0x00007ff9e9bf0000 - 0x00007ff9e9c06000 	C:\WINDOWS\system32\wshbth.dll
0x00007ff9fbcc0000 - 0x00007ff9fbcdb000 	C:\WINDOWS\SYSTEM32\CRYPTSP.dll
0x00007ff9fb400000 - 0x00007ff9fb43b000 	C:\WINDOWS\system32\rsaenh.dll
0x00007ff9fbab0000 - 0x00007ff9fbadb000 	C:\WINDOWS\SYSTEM32\USERENV.dll
0x00007ff9fc5c0000 - 0x00007ff9fc5e6000 	C:\WINDOWS\SYSTEM32\bcrypt.dll
0x00007ff9fbce0000 - 0x00007ff9fbcec000 	C:\WINDOWS\SYSTEM32\CRYPTBASE.dll
0x00007ff9e2380000 - 0x00007ff9e2389000 	E:\sts-4.32.0.RELEASE\plugins\org.eclipse.justj.openjdk.hotspot.jre.full.win32.x86_64_21.0.8.v20250724-1412\jre\bin\extnet.dll
0x00007ff9f3ed0000 - 0x00007ff9f3ee0000 	E:\sts-4.32.0.RELEASE\plugins\org.eclipse.justj.openjdk.hotspot.jre.full.win32.x86_64_21.0.8.v20250724-1412\jre\bin\verify.dll
0x00007ff9e7c00000 - 0x00007ff9e7c0e000 	E:\sts-4.32.0.RELEASE\plugins\org.eclipse.justj.openjdk.hotspot.jre.full.win32.x86_64_21.0.8.v20250724-1412\jre\bin\sunmscapi.dll
0x00007ff9fd0e0000 - 0x00007ff9fd257000 	C:\WINDOWS\System32\CRYPT32.dll
0x00007ff9fbee0000 - 0x00007ff9fbf10000 	C:\WINDOWS\SYSTEM32\ncrypt.dll
0x00007ff9fbe90000 - 0x00007ff9fbecf000 	C:\WINDOWS\SYSTEM32\NTASN1.dll
0x00007ff9c2590000 - 0x00007ff9c2598000 	C:\WINDOWS\system32\wshunix.dll

JVMTI agents:
jdwp path:E:\sts-4.32.0.RELEASE\plugins\org.eclipse.justj.openjdk.hotspot.jre.full.win32.x86_64_21.0.8.v20250724-1412\jre\bin\jdwp.dll, loaded, initialized, options:transport=dt_socket,suspend=y,address=localhost:60834
E:\sts-4.32.0.RELEASE\configuration\org.eclipse.osgi\272\0\.cp\lib\javaagent-shaded.jar path:E:\sts-4.32.0.RELEASE\plugins\org.eclipse.justj.openjdk.hotspot.jre.full.win32.x86_64_21.0.8.v20250724-1412\jre\bin\instrument.dll, loaded, initialized, instrumentlib options:none

dbghelp: loaded successfully - version: 4.0.5 - missing functions: none
symbol engine: initialized successfully - sym options: 0x614 - pdb path: .;E:\sts-4.32.0.RELEASE\plugins\org.eclipse.justj.openjdk.hotspot.jre.full.win32.x86_64_21.0.8.v20250724-1412\jre\bin;C:\WINDOWS\SYSTEM32;C:\WINDOWS\WinSxS\amd64_microsoft.windows.common-controls_6595b64144ccf1df_6.0.26100.6899_none_3e0efeeae32e88c1;E:\sts-4.32.0.RELEASE\plugins\org.eclipse.justj.openjdk.hotspot.jre.full.win32.x86_64_21.0.8.v20250724-1412\jre\bin\server

VM Arguments:
jvm_args: -XX:+ShowCodeDetailsInExceptionMessages -agentlib:jdwp=transport=dt_socket,suspend=y,address=localhost:60834 -Dcom.sun.management.jmxremote -Dcom.sun.management.jmxremote.port=60831 -Dcom.sun.management.jmxremote.authenticate=false -Dcom.sun.management.jmxremote.ssl=false -Djava.rmi.server.hostname=localhost -Dspring.jmx.enabled=true -Dmanagement.endpoints.jmx.exposure.include=* -Dspring.application.admin.enabled=true -Dspring.output.ansi.enabled=always -XX:TieredStopAtLevel=1 -Dspring.boot.project.name=bhu-backend -javaagent:E:\sts-4.32.0.RELEASE\configuration\org.eclipse.osgi\272\0\.cp\lib\javaagent-shaded.jar -Dfile.encoding=UTF-8 -Dstdout.encoding=UTF-8 -Dstderr.encoding=UTF-8 
java_command: com.prafful.springjwt.SpringBootSecurityJwtApplication
java_class_path (initial): E:\delivery-app\bhu-backend\target\classes;C:\Users\pa688\.m2\repository\org\springframework\boot\spring-boot-starter-data-jpa\3.1.0\spring-boot-starter-data-jpa-3.1.0.jar;C:\Users\pa688\.m2\repository\org\springframework\boot\spring-boot-starter-aop\3.1.0\spring-boot-starter-aop-3.1.0.jar;C:\Users\pa688\.m2\repository\org\aspectj\aspectjweaver\1.9.19\aspectjweaver-1.9.19.jar;C:\Users\pa688\.m2\repository\org\springframework\boot\spring-boot-starter-jdbc\3.1.0\spring-boot-starter-jdbc-3.1.0.jar;C:\Users\pa688\.m2\repository\com\zaxxer\HikariCP\5.0.1\HikariCP-5.0.1.jar;C:\Users\pa688\.m2\repository\org\springframework\spring-jdbc\6.0.9\spring-jdbc-6.0.9.jar;C:\Users\pa688\.m2\repository\org\hibernate\orm\hibernate-core\6.2.2.Final\hibernate-core-6.2.2.Final.jar;C:\Users\pa688\.m2\repository\jakarta\persistence\jakarta.persistence-api\3.1.0\jakarta.persistence-api-3.1.0.jar;C:\Users\pa688\.m2\repository\jakarta\transaction\jakarta.transaction-api\2.0.1\jakarta.transaction-api-2.0.1.jar;C:\Users\pa688\.m2\repository\org\jboss\logging\jboss-logging\3.5.0.Final\jboss-logging-3.5.0.Final.jar;C:\Users\pa688\.m2\repository\org\hibernate\common\hibernate-commons-annotations\6.0.6.Final\hibernate-commons-annotations-6.0.6.Final.jar;C:\Users\pa688\.m2\repository\io\smallrye\jandex\3.0.5\jandex-3.0.5.jar;C:\Users\pa688\.m2\repository\com\fasterxml\classmate\1.5.1\classmate-1.5.1.jar;C:\Users\pa688\.m2\repository\net\bytebuddy\byte-buddy\1.14.4\byte-buddy-1.14.4.jar;C:\Users\pa688\.m2\repository\org\glassfish\jaxb\jaxb-runtime\4.0.2\jaxb-runtime-4.0.2.jar;C:\Users\pa688\.m2\repository\org\glassfish\jaxb\jaxb-core\4.0.2\jaxb-core-4.0.2.jar;C:\Users\pa688\.m2\repository\org\eclipse\angus\angus-activation\2.0.0\angus-activation-2.0.0.jar;C:\Users\pa688\.m2\repository\org\glassfish\jaxb\txw2\4.0.2\txw2-4.0.2.jar;C:\Users\pa688\.m2\repository\com\sun\istack\istack-commons-runtime\4.1.1\istack-commons-runtime-4.1.1.jar;C:\Users\pa688\.m2\repository\jakarta\inject\jakarta.inject-api\2.0.1\jakarta.inject-api-2.0.1.jar;C:\Users\pa688\.m2\repository\org\antlr\antlr4-runtime\4.10.1\antlr4-runtime-4.10.1.jar;C:\Users\pa688\.m2\repository\org\springframework\data\spring-data-jpa\3.1.0\spring-data-jpa-3.1.0.jar;C:\Users\pa688\.m2\repository\org\springframework\data\spring-data-commons\3.1.0\spring-data-commons-3.1.0.jar;C:\Users\pa688\.m2\repository\org\springframework\spring-orm\6.0.9\spring-orm-6.0.9.jar;C:\Users\pa688\.m2\repository\org\springframework\spring-context\6.0.9\spring-context-6.0.9.jar;C:\Users\pa688\.m2\repository\org\springframework\spring-tx\6.0.9\spring-tx-6.0.9.jar;C:\Users\pa688\.m2\repository\org\springframework\spring-beans\6.0.9\spring-beans-6.0.9.jar;C:\Users\pa688\.m2\repository\jakarta\annotation\jakarta.annotation-api\2.1.1\jakarta.annotation-api-2.1.1.jar;C:\Users\pa688\.m2\repository\org\springframework\spring-aspects\6.0.9\spring-aspects-6.0.9.jar;C:\Users\pa688\.m2\repository\com\sun\mail\javax.mail\1.6.2\javax.mail-1.6.2.jar;C:\Users\pa688\.m2\repository\javax\activation\activation\1.1\activation-1.1.jar;C:\Users\pa688\.m2\repository\org\springframework\boot\spring-boot-starter-security\3.1.0\spring-boot-starter-security-3.1.0.jar;C:\Users\pa688\.m2\repository\org\springframework\boot\spring-boot-starter\3.1.0\spring-boot-starter-3.1.0.jar;C:\Users\pa688\.m2\repository\org\springframework\boot\spring-boot\3.1.0\spring-boot-3.1.0.jar;C:\Users\pa688\.m2\repository\org\springframework\boot\spring-boot-autoconfigure\3.1.0\spring-boot-autoconfigure-3.1.0.jar;C:\Users\pa688\.m2\repository\org\springframework\boot\spring-boot-starter-logging\3.1.0\spring-boot-starter-logging-3.1.0.jar;C:\Users\pa688\.m2\repository\ch\qos\logback\logback-classic\1.4.7\logback-classic-1.4.7.jar;C:\Users\pa688\.m2\repository\ch\qos\logback\logback-core\1.4.7\logback-core-1.4.7.jar;C:\Users\pa688\.m2\repository\org\apache\logging\log4j\log4j-to-slf4j\2.20.0\log4j-to-slf4j-2.20.0.jar;C:\Users\pa688\.m2\repository\org\apache\logging\log4j\log4j-api\2.20.0\log4j-api-2.20.0.jar;C:\Users\pa688\.m2\repository\org\slf4j\jul-to-slf4j\2.0.7\jul-to-slf4j-2.0.7.jar;C:\Users\pa688\.m2\repository\org\yaml\snakeyaml\1.33\snakeyaml-1.33.jar;C:\Users\pa688\.m2\repository\org\springframework\spring-aop\6.0.9\spring-aop-6.0.9.jar;C:\Users\pa688\.m2\repository\org\springframework\security\spring-security-config\6.1.0\spring-security-config-6.1.0.jar;C:\Users\pa688\.m2\repository\org\springframework\security\spring-security-web\6.1.0\spring-security-web-6.1.0.jar;C:\Users\pa688\.m2\repository\org\springframework\spring-expression\6.0.9\spring-expression-6.0.9.jar;C:\Users\pa688\.m2\repository\org\springframework\boot\spring-boot-starter-validation\3.1.0\spring-boot-starter-validation-3.1.0.jar;C:\Users\pa688\.m2\repository\org\apache\tomcat\embed\tomcat-embed-el\10.1.8\tomcat-embed-el-10.1.8.jar;C:\Users\pa688\.m2\repository\org\hibernate\validator\hibernate-validator\8.0.0.Final\hibernate-validator-8.0.0.Final.jar;C:\Users\pa688\.m2\repository\jakarta\validation\jakarta.validation-api\3.0.2\jakarta.validation-api-3.0.2.jar;C:\Users\pa688\.m2\repository\org\springframework\boot\spring-boot-starter-web\3.1.0\spring-boot-starter-web-3.1.0.jar;C:\Users\pa688\.m2\repository\org\springframework\boot\spring-boot-starter-json\3.1.0\spring-boot-starter-json-3.1.0.jar;C:\Users\pa688\.m2\repository\com\fasterxml\jackson\datatype\jackson-datatype-jdk8\2.15.0\jackson-datatype-jdk8-2.15.0.jar;C:\Users\pa688\.m2\repository\com\fasterxml\jackson\datatype\jackson-datatype-jsr310\2.15.0\jackson-datatype-jsr310-2.15.0.jar;C:\Users\pa688\.m2\repository\com\fasterxml\jackson\module\jackson-module-parameter-names\2.15.0\jackson-module-parameter-names-2.15.0.jar;C:\Users\pa688\.m2\repository\org\springframework\boot\spring-boot-starter-tomcat\3.1.0\spring-boot-starter-tomcat-3.1.0.jar;C:\Users\pa688\.m2\repository\org\apache\tomcat\embed\tomcat-embed-core\10.1.8\tomcat-embed-core-10.1.8.jar;C:\Users\pa688\.m2\repository\org\apache\tomcat\embed\tomcat-embed-websocket\10.1.8\tomcat-embed-websocket-10.1.8.jar;C:\Users\pa688\.m2\repository\org\springframework\spring-web\6.0.9\spring-web-6.0.9.jar;C:\Users\pa688\.m2\repository\io\micrometer\micrometer-observation\1.11.0\micrometer-observation-1.11.0.jar;C:\Users\pa688\.m2\repository\io\micrometer\micrometer-commons\1.11.0\micrometer-commons-1.11.0.jar;C:\Users\pa688\.m2\repository\org\springframework\spring-webmvc\6.0.9\spring-webmvc-6.0.9.jar;C:\Users\pa688\.m2\repository\com\mysql\mysql-connector-j\8.0.33\mysql-connector-j-8.0.33.jar;C:\Users\pa688\.m2\repository\io\jsonwebtoken\jjwt-api\0.11.5\jjwt-api-0.11.5.jar;C:\Users\pa688\.m2\repository\io\jsonwebtoken\jjwt-impl\0.11.5\jjwt-impl-0.11.5.jar;C:\Users\pa688\.m2\repository\io\jsonwebtoken\jjwt-jackson\0.11.5\jjwt-jackson-0.11.5.jar;C:\Users\pa688\.m2\repository\com\fasterxml\jackson\core\jackson-databind\2.15.0\jackson-databind-2.15.0.jar;C:\Users\pa688\.m2\repository\com\fasterxml\jackson\core\jackson-annotations\2.15.0\jackson-annotations-2.15.0.jar;C:\Users\pa688\.m2\repository\com\fasterxml\jackson\core\jackson-core\2.15.0\jackson-core-2.15.0.jar;C:\Users\pa688\.m2\repository\jakarta\xml\bind\jakarta.xml.bind-api\4.0.0\jakarta.xml.bind-api-4.0.0.jar;C:\Users\pa688\.m2\repository\jakarta\activation\jakarta.activation-api\2.1.2\jakarta.activation-api-2.1.2.jar;C:\Users\pa688\.m2\repository\org\springframework\spring-core\6.0.9\spring-core-6.0.9.jar;C:\Users\pa688\.m2\repository\org\springframework\security\spring-security-core\6.1.0\spring-security-core-6.1.0.jar;C:\Users\pa688\.m2\repository\org\springframework\security\spring-security-crypto\6.1.0\spring-security-crypto-6.1.0.jar;C:\Users\pa688\.m2\repository\org\springframework\boot\spring-boot-starter-webflux\3.1.0\spring-boot-starter-webflux-3.1.0.jar;C:\Users\pa688\.m2\repository\org\springframework\boot\spring-boot-starter-reactor-netty\3.1.0\spring-boot-starter-reactor-netty-3.1.0.jar;C:\Users\pa688\.m2\repository\io\projectreactor\netty\reactor-netty-http\1.1.7\reactor-netty-http-1.1.7.jar;C:\Users\pa688\.m2\repository\io\netty\netty-codec-http\4.1.92.Final\netty-codec-http-4.1.92.Final.jar;C:\Users\pa688\.m2\repository\io\netty\netty-common\4.1.92.Final\netty-common-4.1.92.Final.jar;C:\Users\pa688\.m2\repository\io\netty\netty-buffer\4.1.92.Final\netty-buffer-4.1.92.Final.jar;C:\Users\pa688\.m2\repository\io\netty\netty-transport\4.1.92.Final\netty-transport-4.1.92.Final.jar;C:\Users\pa688\.m2\repository\io\netty\netty-codec\4.1.92.Final\netty-codec-4.1.92.Final.jar;C:\Users\pa688\.m2\repository\io\netty\netty-handler\4.1.92.Final\netty-handler-4.1.92.Final.jar;C:\Users\pa688\.m2\repository\io\netty\netty-codec-http2\4.1.92.Final\netty-codec-http2-4.1.92.Final.jar;C:\Users\pa688\.m2\repository\io\netty\netty-resolver-dns\4.1.92.Final\netty-resolver-dns-4.1.92.Final.jar;C:\Users\pa688\.m2\repository\io\netty\netty-resolver\4.1.92.Final\netty-resolver-4.1.92.Final.jar;C:\Users\pa688\.m2\repository\io\netty\netty-codec-dns\4.1.92.Final\netty-codec-dns-4.1.92.Final.jar;C:\Users\pa688\.m2\repository\io\netty\netty-resolver-dns-native-macos\4.1.92.Final\netty-resolver-dns-native-macos-4.1.92.Final-osx-x86_64.jar;C:\Users\pa688\.m2\repository\io\netty\netty-resolver-dns-classes-macos\4.1.92.Final\netty-resolver-dns-classes-macos-4.1.92.Final.jar;C:\Users\pa688\.m2\repository\io\netty\netty-transport-native-epoll\4.1.92.Final\netty-transport-native-epoll-4.1.92.Final-linux-x86_64.jar;C:\Users\pa688\.m2\repository\io\netty\netty-transport-native-unix-common\4.1.92.Final\netty-transport-native-unix-common-4.1.92.Final.jar;C:\Users\pa688\.m2\repository\io\netty\netty-transport-classes-epoll\4.1.92.Final\netty-transport-classes-epoll-4.1.92.Final.jar;C:\Users\pa688\.m2\repository\io\projectreactor\netty\reactor-netty-core\1.1.7\reactor-netty-core-1.1.7.jar;C:\Users\pa688\.m2\repository\io\netty\netty-handler-proxy\4.1.92.Final\netty-handler-proxy-4.1.92.Final.jar;C:\Users\pa688\.m2\repository\io\netty\netty-codec-socks\4.1.92.Final\netty-codec-socks-4.1.92.Final.jar;C:\Users\pa688\.m2\repository\org\springframework\spring-webflux\6.0.9\spring-webflux-6.0.9.jar;C:\Users\pa688\.m2\repository\org\springframework\session\spring-session-core\3.1.0\spring-session-core-3.1.0.jar;C:\Users\pa688\.m2\repository\org\springframework\spring-jcl\6.0.9\spring-jcl-6.0.9.jar;C:\Users\pa688\.m2\repository\io\projectreactor\reactor-core\3.5.6\reactor-core-3.5.6.jar;C:\Users\pa688\.m2\repository\org\reactivestreams\reactive-streams\1.0.4\reactive-streams-1.0.4.jar;C:\Users\pa688\.m2\repository\org\jsoup\jsoup\1.20.1\jsoup-1.20.1.jar;C:\Users\pa688\.m2\repository\com\vladsch\flexmark\flexmark-all\0.64.8\flexmark-all-0.64.8.jar;C:\Users\pa688\.m2\repository\com\vladsch\flexmark\flexmark\0.64.8\flexmark-0.64.8.jar;C:\Users\pa688\.m2\repository\com\vladsch\flexmark\flexmark-ext-abbreviation\0.64.8\flexmark-ext-abbreviation-0.64.8.jar;C:\Users\pa688\.m2\repository\com\vladsch\flexmark\flexmark-util\0.64.8\flexmark-util-0.64.8.jar;C:\Users\pa688\.m2\repository\com\vladsch\flexmark\flexmark-ext-admonition\0.64.8\flexmark-ext-admonition-0.64.8.jar;C:\Users\pa688\.m2\repository\com\vladsch\flexmark\flexmark-ext-anchorlink\0.64.8\flexmark-ext-anchorlink-0.64.8.jar;C:\Users\pa688\.m2\repository\com\vladsch\flexmark\flexmark-ext-aside\0.64.8\flexmark-ext-aside-0.64.8.jar;C:\Users\pa688\.m2\repository\com\vladsch\flexmark\flexmark-ext-attributes\0.64.8\flexmark-ext-attributes-0.64.8.jar;C:\Users\pa688\.m2\repository\com\vladsch\flexmark\flexmark-ext-autolink\0.64.8\flexmark-ext-autolink-0.64.8.jar;C:\Users\pa688\.m2\repository\org\nibor\autolink\autolink\0.6.0\autolink-0.6.0.jar;C:\Users\pa688\.m2\repository\com\vladsch\flexmark\flexmark-ext-definition\0.64.8\flexmark-ext-definition-0.64.8.jar;C:\Users\pa688\.m2\repository\com\vladsch\flexmark\flexmark-ext-emoji\0.64.8\flexmark-ext-emoji-0.64.8.jar;C:\Users\pa688\.m2\repository\com\vladsch\flexmark\flexmark-ext-enumerated-reference\0.64.8\flexmark-ext-enumerated-reference-0.64.8.jar;C:\Users\pa688\.m2\repository\com\vladsch\flexmark\flexmark-ext-escaped-character\0.64.8\flexmark-ext-escaped-character-0.64.8.jar;C:\Users\pa688\.m2\repository\com\vladsch\flexmark\flexmark-ext-footnotes\0.64.8\flexmark-ext-footnotes-0.64.8.jar;C:\Users\pa688\.m2\repository\com\vladsch\flexmark\flexmark-ext-gfm-issues\0.64.8\flexmark-ext-gfm-issues-0.64.8.jar;C:\Users\pa688\.m2\repository\com\vladsch\flexmark\flexmark-ext-gfm-strikethrough\0.64.8\flexmark-ext-gfm-strikethrough-0.64.8.jar;C:\Users\pa688\.m2\repository\com\vladsch\flexmark\flexmark-ext-gfm-tasklist\0.64.8\flexmark-ext-gfm-tasklist-0.64.8.jar;C:\Users\pa688\.m2\repository\com\vladsch\flexmark\flexmark-ext-gfm-users\0.64.8\flexmark-ext-gfm-users-0.64.8.jar;C:\Users\pa688\.m2\repository\com\vladsch\flexmark\flexmark-ext-gitlab\0.64.8\flexmark-ext-gitlab-0.64.8.jar;C:\Users\pa688\.m2\repository\com\vladsch\flexmark\flexmark-ext-jekyll-front-matter\0.64.8\flexmark-ext-jekyll-front-matter-0.64.8.jar;C:\Users\pa688\.m2\repository\com\vladsch\flexmark\flexmark-ext-jekyll-tag\0.64.8\flexmark-ext-jekyll-tag-0.64.8.jar;C:\Users\pa688\.m2\repository\com\vladsch\flexmark\flexmark-ext-media-tags\0.64.8\flexmark-ext-media-tags-0.64.8.jar;C:\Users\pa688\.m2\repository\com\vladsch\flexmark\flexmark-ext-resizable-image\0.64.8\flexmark-ext-resizable-image-0.64.8.jar;C:\Users\pa688\.m2\repository\com\vladsch\flexmark\flexmark-ext-macros\0.64.8\flexmark-ext-macros-0.64.8.jar;C:\Users\pa688\.m2\repository\com\vladsch\flexmark\flexmark-ext-ins\0.64.8\flexmark-ext-ins-0.64.8.jar;C:\Users\pa688\.m2\repository\com\vladsch\flexmark\flexmark-ext-xwiki-macros\0.64.8\flexmark-ext-xwiki-macros-0.64.8.jar;C:\Users\pa688\.m2\repository\com\vladsch\flexmark\flexmark-ext-superscript\0.64.8\flexmark-ext-superscript-0.64.8.jar;C:\Users\pa688\.m2\repository\com\vladsch\flexmark\flexmark-ext-tables\0.64.8\flexmark-ext-tables-0.64.8.jar;C:\Users\pa688\.m2\repository\com\vladsch\flexmark\flexmark-ext-toc\0.64.8\flexmark-ext-toc-0.64.8.jar;C:\Users\pa688\.m2\repository\com\vladsch\flexmark\flexmark-ext-typographic\0.64.8\flexmark-ext-typographic-0.64.8.jar;C:\Users\pa688\.m2\repository\com\vladsch\flexmark\flexmark-ext-wikilink\0.64.8\flexmark-ext-wikilink-0.64.8.jar;C:\Users\pa688\.m2\repository\com\vladsch\flexmark\flexmark-ext-yaml-front-matter\0.64.8\flexmark-ext-yaml-front-matter-0.64.8.jar;C:\Users\pa688\.m2\repository\com\vladsch\flexmark\flexmark-ext-youtube-embedded\0.64.8\flexmark-ext-youtube-embedded-0.64.8.jar;C:\Users\pa688\.m2\repository\com\vladsch\flexmark\flexmark-html2md-converter\0.64.8\flexmark-html2md-converter-0.64.8.jar;C:\Users\pa688\.m2\repository\com\vladsch\flexmark\flexmark-jira-converter\0.64.8\flexmark-jira-converter-0.64.8.jar;C:\Users\pa688\.m2\repository\com\vladsch\flexmark\flexmark-pdf-converter\0.64.8\flexmark-pdf-converter-0.64.8.jar;C:\Users\pa688\.m2\repository\com\ibm\icu\icu4j\72.1\icu4j-72.1.jar;C:\Users\pa688\.m2\repository\com\openhtmltopdf\openhtmltopdf-core\1.0.10\openhtmltopdf-core-1.0.10.jar;C:\Users\pa688\.m2\repository\com\openhtmltopdf\openhtmltopdf-pdfbox\1.0.10\openhtmltopdf-pdfbox-1.0.10.jar;C:\Users\pa688\.m2\repository\org\apache\pdfbox\xmpbox\2.0.24\xmpbox-2.0.24.jar;C:\Users\pa688\.m2\repository\de\rototor\pdfbox\graphics2d\0.32\graphics2d-0.32.jar;C:\Users\pa688\.m2\repository\com\openhtmltopdf\openhtmltopdf-rtl-support\1.0.10\openhtmltopdf-rtl-support-1.0.10.jar;C:\Users\pa688\.m2\repository\com\vladsch\flexmark\flexmark-profile-pegdown\0.64.8\flexmark-profile-pegdown-0.64.8.jar;C:\Users\pa688\.m2\repository\com\vladsch\flexmark\flexmark-util-ast\0.64.8\flexmark-util-ast-0.64.8.jar;C:\Users\pa688\.m2\repository\org\jetbrains\annotations\24.0.1\annotations-24.0.1.jar;C:\Users\pa688\.m2\repository\com\vladsch\flexmark\flexmark-util-builder\0.64.8\flexmark-util-builder-0.64.8.jar;C:\Users\pa688\.m2\repository\com\vladsch\flexmark\flexmark-util-collection\0.64.8\flexmark-util-collection-0.64.8.jar;C:\Users\pa688\.m2\repository\com\vladsch\flexmark\flexmark-util-data\0.64.8\flexmark-util-data-0.64.8.jar;C:\Users\pa688\.m2\repository\com\vladsch\flexmark\flexmark-util-dependency\0.64.8\flexmark-util-dependency-0.64.8.jar;C:\Users\pa688\.m2\repository\com\vladsch\flexmark\flexmark-util-format\0.64.8\flexmark-util-format-0.64.8.jar;C:\Users\pa688\.m2\repository\com\vladsch\flexmark\flexmark-util-html\0.64.8\flexmark-util-html-0.64.8.jar;C:\Users\pa688\.m2\repository\com\vladsch\flexmark\flexmark-util-misc\0.64.8\flexmark-util-misc-0.64.8.jar;C:\Users\pa688\.m2\repository\com\vladsch\flexmark\flexmark-util-options\0.64.8\flexmark-util-options-0.64.8.jar;C:\Users\pa688\.m2\repository\com\vladsch\flexmark\flexmark-util-sequence\0.64.8\flexmark-util-sequence-0.64.8.jar;C:\Users\pa688\.m2\repository\com\vladsch\flexmark\flexmark-util-visitor\0.64.8\flexmark-util-visitor-0.64.8.jar;C:\Users\pa688\.m2\repository\com\vladsch\flexmark\flexmark-youtrack-converter\0.64.8\flexmark-youtrack-converter-0.64.8.jar;C:\Users\pa688\.m2\repository\org\apache\pdfbox\pdfbox-tools\3.0.0\pdfbox-tools-3.0.0.jar;C:\Users\pa688\.m2\repository\org\apache\pdfbox\pdfbox-debugger\3.0.0\pdfbox-debugger-3.0.0.jar;C:\Users\pa688\.m2\repository\commons-io\commons-io\2.13.0\commons-io-2.13.0.jar;C:\Users\pa688\.m2\repository\info\picocli\picocli\4.7.4\picocli-4.7.4.jar;C:\Users\pa688\.m2\repository\net\sf\cssbox\pdf2dom\2.0.1\pdf2dom-2.0.1.jar;C:\Users\pa688\.m2\repository\org\apache\pdfbox\pdfbox\2.0.24\pdfbox-2.0.24.jar;C:\Users\pa688\.m2\repository\org\apache\pdfbox\fontbox\2.0.24\fontbox-2.0.24.jar;C:\Users\pa688\.m2\repository\commons-logging\commons-logging\1.2\commons-logging-1.2.jar;C:\Users\pa688\.m2\repository\net\mabboud\fontverter\FontVerter\1.2.22\FontVerter-1.2.22.jar;C:\Users\pa688\.m2\repository\org\reflections\reflections\0.9.9\reflections-0.9.9.jar;C:\Users\pa688\.m2\repository\com\google\guava\guava\15.0\guava-15.0.jar;C:\Users\pa688\.m2\repository\org\javassist\javassist\3.18.2-GA\javassist-3.18.2-GA.jar;C:\Users\pa688\.m2\repository\com\google\code\findbugs\annotations\2.0.1\annotations-2.0.1.jar;C:\Users\pa688\.m2\repository\org\apache\commons\commons-lang3\3.12.0\commons-lang3-3.12.0.jar;C:\Users\pa688\.m2\repository\org\slf4j\slf4j-api\2.0.7\slf4j-api-2.0.7.jar;C:\Users\pa688\.m2\repository\org\projectlombok\lombok\1.18.30\lombok-1.18.30.jar;C:\Users\pa688\.m2\repository\com\itextpdf\barcodes\8.0.3\barcodes-8.0.3.jar;C:\Users\pa688\.m2\repository\com\itextpdf\font-asian\8.0.3\font-asian-8.0.3.jar;C:\Users\pa688\.m2\repository\com\itextpdf\forms\8.0.3\forms-8.0.3.jar;C:\Users\pa688\.m2\repository\com\itextpdf\hyph\8.0.3\hyph-8.0.3.jar;C:\Users\pa688\.m2\repository\com\itextpdf\io\8.0.3\io-8.0.3.jar;C:\Users\pa688\.m2\repository\com\itextpdf\commons\8.0.3\commons-8.0.3.jar;C:\Users\pa688\.m2\repository\com\itextpdf\kernel\8.0.3\kernel-8.0.3.jar;C:\Users\pa688\.m2\repository\com\itextpdf\layout\8.0.3\layout-8.0.3.jar;C:\Users\pa688\.m2\repository\com\itextpdf\pdfa\8.0.3\pdfa-8.0.3.jar;C:\Users\pa688\.m2\repository\com\itextpdf\sign\8.0.3\sign-8.0.3.jar;C:\Users\pa688\.m2\repository\com\itextpdf\styled-xml-parser\8.0.3\styled-xml-parser-8.0.3.jar;C:\Users\pa688\.m2\repository\com\itextpdf\svg\8.0.3\svg-8.0.3.jar;C:\Users\pa688\.m2\repository\com\itextpdf\bouncy-castle-connector\8.0.3\bouncy-castle-connector-8.0.3.jar;C:\Users\pa688\.m2\repository\com\itextpdf\pdfua\8.0.3\pdfua-8.0.3.jar;C:\Users\pa688\.m2\repository\com\itextpdf\html2pdf\5.0.3\html2pdf-5.0.3.jar;C:\Users\pa688\.m2\repository\com\aspose\aspose-cells\8.6.3\aspose-cells-8.6.3.jar;C:\Users\pa688\.m2\repository\com\squareup\okhttp3\okhttp\4.12.0\okhttp-4.12.0.jar;C:\Users\pa688\.m2\repository\com\squareup\okio\okio\3.6.0\okio-3.6.0.jar;C:\Users\pa688\.m2\repository\com\squareup\okio\okio-jvm\3.6.0\okio-jvm-3.6.0.jar;C:\Users\pa688\.m2\repository\org\jetbrains\kotlin\kotlin-stdlib-common\1.8.21\kotlin-stdlib-common-1.8.21.jar;C:\Users\pa688\.m2\repository\org\jetbrains\kotlin\kotlin-stdlib-jdk8\1.8.21\kotlin-stdlib-jdk8-1.8.21.jar;C:\Users\pa688\.m2\repository\org\jetbrains\kotlin\kotlin-stdlib\1.8.21\kotlin-stdlib-1.8.21.jar;C:\Users\pa688\.m2\repository\org\jetbrains\kotlin\kotlin-stdlib-jdk7\1.8.21\kotlin-stdlib-jdk7-1.8.21.jar
Launcher Type: SUN_STANDARD

[Global flags]
     intx CICompilerCount                          = 4                                         {product} {ergonomic}
     uint ConcGCThreads                            = 3                                         {product} {ergonomic}
     uint G1ConcRefinementThreads                  = 10                                        {product} {ergonomic}
   size_t G1HeapRegionSize                         = 2097152                                   {product} {ergonomic}
    uintx GCDrainStackTargetSize                   = 64                                        {product} {ergonomic}
   size_t InitialHeapSize                          = 264241152                                 {product} {ergonomic}
     bool ManagementServer                         = true                                      {product} {command line}
   size_t MarkStackSize                            = 4194304                                   {product} {ergonomic}
   size_t MaxHeapSize                              = 4213178368                                {product} {ergonomic}
   size_t MaxNewSize                               = 2527068160                                {product} {ergonomic}
   size_t MinHeapDeltaBytes                        = 2097152                                   {product} {ergonomic}
   size_t MinHeapSize                              = 8388608                                   {product} {ergonomic}
    uintx NonNMethodCodeHeapSize                   = 4096                                   {pd product} {ergonomic}
    uintx NonProfiledCodeHeapSize                  = 0                                      {pd product} {ergonomic}
     bool ProfileInterpreter                       = false                                  {pd product} {command line}
    uintx ProfiledCodeHeapSize                     = 0                                      {pd product} {ergonomic}
     bool ShowCodeDetailsInExceptionMessages       = true                                   {manageable} {command line}
   size_t SoftMaxHeapSize                          = 4213178368                             {manageable} {ergonomic}
     intx TieredStopAtLevel                        = 1                                         {product} {command line}
     bool UseCompressedOops                        = true                           {product lp64_product} {ergonomic}
     bool UseG1GC                                  = true                                      {product} {ergonomic}
     bool UseLargePagesIndividualAllocation        = false                                  {pd product} {ergonomic}

Logging:
Log output configuration:
 #0: stdout all=warning uptime,level,tags foldmultilines=false
 #1: stderr all=off uptime,level,tags foldmultilines=false

Environment Variables:
JAVA_HOME=C:\Program Files\Java\jdk-21
PATH=E:\sts-4.32.0.RELEASE\plugins\org.eclipse.justj.openjdk.hotspot.jre.full.win32.x86_64_21.0.8.v20250724-1412\jre\bin;E:/sts-4.32.0.RELEASE//plugins/org.eclipse.justj.openjdk.hotspot.jre.full.win32.x86_64_21.0.8.v20250724-1412/jre/bin/server;E:/sts-4.32.0.RELEASE//plugins/org.eclipse.justj.openjdk.hotspot.jre.full.win32.x86_64_21.0.8.v20250724-1412/jre/bin;C:\Program Files (x86)\Common Files\Oracle\Java\javapath;C:\Program Files\Common Files\Oracle\Java\javapath;C:\WINDOWS\system32;C:\WINDOWS;C:\WINDOWS\System32\Wbem;C:\WINDOWS\System32\WindowsPowerShell\v1.0\;C:\WINDOWS\System32\OpenSSH\;C:\Program Files\dotnet\;C:\Program Files\Git\cmd;C:\Program Files\Microsoft SQL Server\150\Tools\Binn\;C:\Program Files\Microsoft SQL Server\Client SDK\ODBC\170\Tools\Binn\;%CATALIA_HOME%\bin;C:\Program Files\Java\jdk-21\bin;C:\Program Files\MongoDB\Server\6.0\bin;C:\mongosh-1.8.0-win32-x64\bin;C:\Program Files (x86)\Microsoft SQL Server\160\Tools\Binn\;C:\Program Files\Microsoft SQL Server\160\Tools\Binn\;C:\Program Files\Microsoft SQL Server\160\DTS\Binn\;C:\Program Files\Docker\Docker\resources\bin;C:\Program Files\nodejs\;C:\Program Files\Java\jdk-21\bin;C:\Users\pa688\.virtualenvs\atri2-kXyYvB40\Scripts;E:\git\atrilabs-engine\Scripts;C:\Users\pa688\AppData\Roaming\Python\Python313\Scripts;C:\Users\pa688\AppData\Local\Programs\Python\Python313\Scripts\;C:\Program Files\MySQL\MySQL Shell 8.0\bin\;C:\Users\pa688\AppData\Local\Microsoft\WindowsApps;C:\Users\pa688\AppData\Local\Programs\Microsoft VS Code\bin;C:\Users\pa688\.dotnet\tools;C:\Users\pa688\AppData\Local\GitHubDesktop\bin;C:\Users\pa688\AppData\Roaming\npm;;E:\sts-4.32.0.RELEASE;
USERNAME=pa688
OS=Windows_NT
PROCESSOR_IDENTIFIER=Intel64 Family 6 Model 154 Stepping 4, GenuineIntel
TMP=C:\Users\pa688\AppData\Local\Temp
TEMP=C:\Users\pa688\AppData\Local\Temp




Periodic native trim disabled

---------------  S Y S T E M  ---------------

OS:
 Windows 11 , 64 bit Build 26100 (10.0.26100.6725)
OS uptime: 12 days 12:27 hours
Hyper-V role detected

CPU: total 12 (initial active 12) (6 cores per cpu, 2 threads per core) family 6 model 154 stepping 4 microcode 0x435, cx8, cmov, fxsr, ht, mmx, 3dnowpref, sse, sse2, sse3, ssse3, sse4.1, sse4.2, popcnt, lzcnt, tsc, tscinvbit, avx, avx2, aes, erms, clmul, bmi1, bmi2, adx, sha, fma, vzeroupper, clflush, clflushopt, clwb, hv, serialize, rdtscp, rdpid, fsrm, f16c, cet_ibt, cet_ss
Processor Information for processor 0
  Max Mhz: 1700, Current Mhz: 1700, Mhz Limit: 1700
Processor Information for processor 1
  Max Mhz: 1700, Current Mhz: 1700, Mhz Limit: 1700
Processor Information for processor 2
  Max Mhz: 1700, Current Mhz: 1700, Mhz Limit: 1700
Processor Information for processor 3
  Max Mhz: 1700, Current Mhz: 1700, Mhz Limit: 1700
Processor Information for processor 4
  Max Mhz: 1700, Current Mhz: 1700, Mhz Limit: 1700
Processor Information for processor 5
  Max Mhz: 1700, Current Mhz: 1558, Mhz Limit: 1700
Processor Information for processor 6
  Max Mhz: 1700, Current Mhz: 1700, Mhz Limit: 1700
Processor Information for processor 7
  Max Mhz: 1700, Current Mhz: 1700, Mhz Limit: 1700
Processor Information for processor 8
  Max Mhz: 1700, Current Mhz: 1558, Mhz Limit: 1700
Processor Information for processor 9
  Max Mhz: 1700, Current Mhz: 1558, Mhz Limit: 1700
Processor Information for processor 10
  Max Mhz: 1700, Current Mhz: 1558, Mhz Limit: 1700
Processor Information for processor 11
  Max Mhz: 1700, Current Mhz: 1700, Mhz Limit: 1700

Memory: 4k page, system-wide physical 16068M (1453M free)
TotalPageFile size 46820M (AvailPageFile size 7835M)
current process WorkingSet (physical memory assigned to process): 319M, peak: 319M
current process commit charge ("private bytes"): 355M, peak: 381M

vm_info: OpenJDK 64-Bit Server VM (21.0.8+9-LTS) for windows-amd64 JRE (21.0.8+9-LTS), built on 2025-07-15T00:00:00Z by "admin" with MS VC++ 17.7 (VS2022)

END.
